[0.670s] Invoking command in '/home/rag0n/Desktop/project/ros2_ws/src/my_custom_interfaces': PYTHONPATH=/home/rag0n/Desktop/project/ros2_ws/build/my_custom_interfaces/prefix_override:/home/rag0n/.local/lib/python3.10/site-packages/colcon_core/task/python/colcon_distutils_commands:/home/rag0n/Desktop/project/ros2_ws/install/my_custom_interfaces/lib/python3.10/site-packages:${PYTHONPATH} /usr/bin/python3 -W ignore:setup.py install is deprecated setup.py egg_info --egg-base ../../build/my_custom_interfaces build --build-base /home/rag0n/Desktop/project/ros2_ws/build/my_custom_interfaces/build install --record /home/rag0n/Desktop/project/ros2_ws/build/my_custom_interfaces/install.log --single-version-externally-managed install_data
[0.814s] running egg_info
[0.814s] writing ../../build/my_custom_interfaces/my_custom_interfaces.egg-info/PKG-INFO
[0.815s] writing dependency_links to ../../build/my_custom_interfaces/my_custom_interfaces.egg-info/dependency_links.txt
[0.815s] writing entry points to ../../build/my_custom_interfaces/my_custom_interfaces.egg-info/entry_points.txt
[0.815s] writing requirements to ../../build/my_custom_interfaces/my_custom_interfaces.egg-info/requires.txt
[0.815s] writing top-level names to ../../build/my_custom_interfaces/my_custom_interfaces.egg-info/top_level.txt
[0.816s] reading manifest file '../../build/my_custom_interfaces/my_custom_interfaces.egg-info/SOURCES.txt'
[0.817s] writing manifest file '../../build/my_custom_interfaces/my_custom_interfaces.egg-info/SOURCES.txt'
[0.817s] running build
[0.817s] running build_py
[0.817s] copying my_custom_interfaces/publisher.py -> /home/rag0n/Desktop/project/ros2_ws/build/my_custom_interfaces/build/lib/my_custom_interfaces
[0.817s] running install
[0.817s] running install_lib
[0.818s] copying /home/rag0n/Desktop/project/ros2_ws/build/my_custom_interfaces/build/lib/my_custom_interfaces/publisher.py -> /home/rag0n/Desktop/project/ros2_ws/install/my_custom_interfaces/lib/python3.10/site-packages/my_custom_interfaces
[0.818s] byte-compiling /home/rag0n/Desktop/project/ros2_ws/install/my_custom_interfaces/lib/python3.10/site-packages/my_custom_interfaces/publisher.py to publisher.cpython-310.pyc
[0.818s] running install_data
[0.819s] running install_egg_info
[0.820s] removing '/home/rag0n/Desktop/project/ros2_ws/install/my_custom_interfaces/lib/python3.10/site-packages/my_custom_interfaces-0.0.0-py3.10.egg-info' (and everything under it)
[0.820s] Copying ../../build/my_custom_interfaces/my_custom_interfaces.egg-info to /home/rag0n/Desktop/project/ros2_ws/install/my_custom_interfaces/lib/python3.10/site-packages/my_custom_interfaces-0.0.0-py3.10.egg-info
[0.820s] running install_scripts
[0.837s] Installing pub_node script to /home/rag0n/Desktop/project/ros2_ws/install/my_custom_interfaces/lib/my_custom_interfaces
[0.837s] writing list of installed files to '/home/rag0n/Desktop/project/ros2_ws/build/my_custom_interfaces/install.log'
[0.861s] Invoked command in '/home/rag0n/Desktop/project/ros2_ws/src/my_custom_interfaces' returned '0': PYTHONPATH=/home/rag0n/Desktop/project/ros2_ws/build/my_custom_interfaces/prefix_override:/home/rag0n/.local/lib/python3.10/site-packages/colcon_core/task/python/colcon_distutils_commands:/home/rag0n/Desktop/project/ros2_ws/install/my_custom_interfaces/lib/python3.10/site-packages:${PYTHONPATH} /usr/bin/python3 -W ignore:setup.py install is deprecated setup.py egg_info --egg-base ../../build/my_custom_interfaces build --build-base /home/rag0n/Desktop/project/ros2_ws/build/my_custom_interfaces/build install --record /home/rag0n/Desktop/project/ros2_ws/build/my_custom_interfaces/install.log --single-version-externally-managed install_data
