running egg_info
creating ../../build/my_py_pkg/my_py_pkg.egg-info
writing ../../build/my_py_pkg/my_py_pkg.egg-info/PKG-INFO
writing dependency_links to ../../build/my_py_pkg/my_py_pkg.egg-info/dependency_links.txt
writing entry points to ../../build/my_py_pkg/my_py_pkg.egg-info/entry_points.txt
writing requirements to ../../build/my_py_pkg/my_py_pkg.egg-info/requires.txt
writing top-level names to ../../build/my_py_pkg/my_py_pkg.egg-info/top_level.txt
writing manifest file '../../build/my_py_pkg/my_py_pkg.egg-info/SOURCES.txt'
reading manifest file '../../build/my_py_pkg/my_py_pkg.egg-info/SOURCES.txt'
writing manifest file '../../build/my_py_pkg/my_py_pkg.egg-info/SOURCES.txt'
running build
running build_py
creating /home/rag0n/Desktop/project/ros2_ws/build/my_py_pkg/build
creating /home/rag0n/Desktop/project/ros2_ws/build/my_py_pkg/build/lib
creating /home/rag0n/Desktop/project/ros2_ws/build/my_py_pkg/build/lib/my_py_pkg
copying my_py_pkg/example_server.py -> /home/rag0n/Desktop/project/ros2_ws/build/my_py_pkg/build/lib/my_py_pkg
copying my_py_pkg/mine_publisher_loud.py -> /home/rag0n/Desktop/project/ros2_ws/build/my_py_pkg/build/lib/my_py_pkg
copying my_py_pkg/mine_subscriber_1.py -> /home/rag0n/Desktop/project/ros2_ws/build/my_py_pkg/build/lib/my_py_pkg
copying my_py_pkg/mine_subscriber_loud.py -> /home/rag0n/Desktop/project/ros2_ws/build/my_py_pkg/build/lib/my_py_pkg
copying my_py_pkg/example_client.py -> /home/rag0n/Desktop/project/ros2_ws/build/my_py_pkg/build/lib/my_py_pkg
copying my_py_pkg/mine_publisher_1.py -> /home/rag0n/Desktop/project/ros2_ws/build/my_py_pkg/build/lib/my_py_pkg
copying my_py_pkg/example_client_oop.py -> /home/rag0n/Desktop/project/ros2_ws/build/my_py_pkg/build/lib/my_py_pkg
copying my_py_pkg/__init__.py -> /home/rag0n/Desktop/project/ros2_ws/build/my_py_pkg/build/lib/my_py_pkg
copying my_py_pkg/robot_state_subscriber.py -> /home/rag0n/Desktop/project/ros2_ws/build/my_py_pkg/build/lib/my_py_pkg
copying my_py_pkg/robot_state_publisher.py -> /home/rag0n/Desktop/project/ros2_ws/build/my_py_pkg/build/lib/my_py_pkg
copying my_py_pkg/my_first_node.py -> /home/rag0n/Desktop/project/ros2_ws/build/my_py_pkg/build/lib/my_py_pkg
running install
running install_lib
creating /home/rag0n/Desktop/project/ros2_ws/install/my_py_pkg/lib/python3.10/site-packages/my_py_pkg
copying /home/rag0n/Desktop/project/ros2_ws/build/my_py_pkg/build/lib/my_py_pkg/example_server.py -> /home/rag0n/Desktop/project/ros2_ws/install/my_py_pkg/lib/python3.10/site-packages/my_py_pkg
copying /home/rag0n/Desktop/project/ros2_ws/build/my_py_pkg/build/lib/my_py_pkg/mine_publisher_loud.py -> /home/rag0n/Desktop/project/ros2_ws/install/my_py_pkg/lib/python3.10/site-packages/my_py_pkg
copying /home/rag0n/Desktop/project/ros2_ws/build/my_py_pkg/build/lib/my_py_pkg/mine_subscriber_1.py -> /home/rag0n/Desktop/project/ros2_ws/install/my_py_pkg/lib/python3.10/site-packages/my_py_pkg
copying /home/rag0n/Desktop/project/ros2_ws/build/my_py_pkg/build/lib/my_py_pkg/mine_subscriber_loud.py -> /home/rag0n/Desktop/project/ros2_ws/install/my_py_pkg/lib/python3.10/site-packages/my_py_pkg
copying /home/rag0n/Desktop/project/ros2_ws/build/my_py_pkg/build/lib/my_py_pkg/example_client.py -> /home/rag0n/Desktop/project/ros2_ws/install/my_py_pkg/lib/python3.10/site-packages/my_py_pkg
copying /home/rag0n/Desktop/project/ros2_ws/build/my_py_pkg/build/lib/my_py_pkg/mine_publisher_1.py -> /home/rag0n/Desktop/project/ros2_ws/install/my_py_pkg/lib/python3.10/site-packages/my_py_pkg
copying /home/rag0n/Desktop/project/ros2_ws/build/my_py_pkg/build/lib/my_py_pkg/example_client_oop.py -> /home/rag0n/Desktop/project/ros2_ws/install/my_py_pkg/lib/python3.10/site-packages/my_py_pkg
copying /home/rag0n/Desktop/project/ros2_ws/build/my_py_pkg/build/lib/my_py_pkg/__init__.py -> /home/rag0n/Desktop/project/ros2_ws/install/my_py_pkg/lib/python3.10/site-packages/my_py_pkg
copying /home/rag0n/Desktop/project/ros2_ws/build/my_py_pkg/build/lib/my_py_pkg/robot_state_subscriber.py -> /home/rag0n/Desktop/project/ros2_ws/install/my_py_pkg/lib/python3.10/site-packages/my_py_pkg
copying /home/rag0n/Desktop/project/ros2_ws/build/my_py_pkg/build/lib/my_py_pkg/robot_state_publisher.py -> /home/rag0n/Desktop/project/ros2_ws/install/my_py_pkg/lib/python3.10/site-packages/my_py_pkg
copying /home/rag0n/Desktop/project/ros2_ws/build/my_py_pkg/build/lib/my_py_pkg/my_first_node.py -> /home/rag0n/Desktop/project/ros2_ws/install/my_py_pkg/lib/python3.10/site-packages/my_py_pkg
byte-compiling /home/rag0n/Desktop/project/ros2_ws/install/my_py_pkg/lib/python3.10/site-packages/my_py_pkg/example_server.py to example_server.cpython-310.pyc
byte-compiling /home/rag0n/Desktop/project/ros2_ws/install/my_py_pkg/lib/python3.10/site-packages/my_py_pkg/mine_publisher_loud.py to mine_publisher_loud.cpython-310.pyc
byte-compiling /home/rag0n/Desktop/project/ros2_ws/install/my_py_pkg/lib/python3.10/site-packages/my_py_pkg/mine_subscriber_1.py to mine_subscriber_1.cpython-310.pyc
byte-compiling /home/rag0n/Desktop/project/ros2_ws/install/my_py_pkg/lib/python3.10/site-packages/my_py_pkg/mine_subscriber_loud.py to mine_subscriber_loud.cpython-310.pyc
byte-compiling /home/rag0n/Desktop/project/ros2_ws/install/my_py_pkg/lib/python3.10/site-packages/my_py_pkg/example_client.py to example_client.cpython-310.pyc
byte-compiling /home/rag0n/Desktop/project/ros2_ws/install/my_py_pkg/lib/python3.10/site-packages/my_py_pkg/mine_publisher_1.py to mine_publisher_1.cpython-310.pyc
byte-compiling /home/rag0n/Desktop/project/ros2_ws/install/my_py_pkg/lib/python3.10/site-packages/my_py_pkg/example_client_oop.py to example_client_oop.cpython-310.pyc
byte-compiling /home/rag0n/Desktop/project/ros2_ws/install/my_py_pkg/lib/python3.10/site-packages/my_py_pkg/__init__.py to __init__.cpython-310.pyc
byte-compiling /home/rag0n/Desktop/project/ros2_ws/install/my_py_pkg/lib/python3.10/site-packages/my_py_pkg/robot_state_subscriber.py to robot_state_subscriber.cpython-310.pyc
byte-compiling /home/rag0n/Desktop/project/ros2_ws/install/my_py_pkg/lib/python3.10/site-packages/my_py_pkg/robot_state_publisher.py to robot_state_publisher.cpython-310.pyc
byte-compiling /home/rag0n/Desktop/project/ros2_ws/install/my_py_pkg/lib/python3.10/site-packages/my_py_pkg/my_first_node.py to my_first_node.cpython-310.pyc
running install_data
creating /home/rag0n/Desktop/project/ros2_ws/install/my_py_pkg/share/ament_index
creating /home/rag0n/Desktop/project/ros2_ws/install/my_py_pkg/share/ament_index/resource_index
creating /home/rag0n/Desktop/project/ros2_ws/install/my_py_pkg/share/ament_index/resource_index/packages
copying resource/my_py_pkg -> /home/rag0n/Desktop/project/ros2_ws/install/my_py_pkg/share/ament_index/resource_index/packages
copying package.xml -> /home/rag0n/Desktop/project/ros2_ws/install/my_py_pkg/share/my_py_pkg
running install_egg_info
Copying ../../build/my_py_pkg/my_py_pkg.egg-info to /home/rag0n/Desktop/project/ros2_ws/install/my_py_pkg/lib/python3.10/site-packages/my_py_pkg-0.0.0-py3.10.egg-info
running install_scripts
Installing example_client script to /home/rag0n/Desktop/project/ros2_ws/install/my_py_pkg/lib/my_py_pkg
Installing example_oop_client script to /home/rag0n/Desktop/project/ros2_ws/install/my_py_pkg/lib/my_py_pkg
Installing example_server script to /home/rag0n/Desktop/project/ros2_ws/install/my_py_pkg/lib/my_py_pkg
Installing mine_pub script to /home/rag0n/Desktop/project/ros2_ws/install/my_py_pkg/lib/my_py_pkg
Installing mine_pub_loud script to /home/rag0n/Desktop/project/ros2_ws/install/my_py_pkg/lib/my_py_pkg
Installing mine_sub script to /home/rag0n/Desktop/project/ros2_ws/install/my_py_pkg/lib/my_py_pkg
Installing mine_sub_loud script to /home/rag0n/Desktop/project/ros2_ws/install/my_py_pkg/lib/my_py_pkg
Installing py_node script to /home/rag0n/Desktop/project/ros2_ws/install/my_py_pkg/lib/my_py_pkg
Installing state_publisher script to /home/rag0n/Desktop/project/ros2_ws/install/my_py_pkg/lib/my_py_pkg
Installing state_subscriber script to /home/rag0n/Desktop/project/ros2_ws/install/my_py_pkg/lib/my_py_pkg
writing list of installed files to '/home/rag0n/Desktop/project/ros2_ws/build/my_py_pkg/install.log'
