running egg_info
writing ../../build/my_py_pkg/my_py_pkg.egg-info/PKG-INFO
writing dependency_links to ../../build/my_py_pkg/my_py_pkg.egg-info/dependency_links.txt
writing entry points to ../../build/my_py_pkg/my_py_pkg.egg-info/entry_points.txt
writing requirements to ../../build/my_py_pkg/my_py_pkg.egg-info/requires.txt
writing top-level names to ../../build/my_py_pkg/my_py_pkg.egg-info/top_level.txt
reading manifest file '../../build/my_py_pkg/my_py_pkg.egg-info/SOURCES.txt'
writing manifest file '../../build/my_py_pkg/my_py_pkg.egg-info/SOURCES.txt'
running build
running build_py
copying my_py_pkg/mine_publisher_loud_2.py -> /home/rag0n/Desktop/project/ros2_ws/build/my_py_pkg/build/lib/my_py_pkg
running install
running install_lib
copying /home/rag0n/Desktop/project/ros2_ws/build/my_py_pkg/build/lib/my_py_pkg/mine_publisher_loud_2.py -> /home/rag0n/Desktop/project/ros2_ws/install/my_py_pkg/lib/python3.10/site-packages/my_py_pkg
byte-compiling /home/rag0n/Desktop/project/ros2_ws/install/my_py_pkg/lib/python3.10/site-packages/my_py_pkg/mine_publisher_loud_2.py to mine_publisher_loud_2.cpython-310.pyc
running install_data
running install_egg_info
removing '/home/rag0n/Desktop/project/ros2_ws/install/my_py_pkg/lib/python3.10/site-packages/my_py_pkg-0.0.0-py3.10.egg-info' (and everything under it)
Copying ../../build/my_py_pkg/my_py_pkg.egg-info to /home/rag0n/Desktop/project/ros2_ws/install/my_py_pkg/lib/python3.10/site-packages/my_py_pkg-0.0.0-py3.10.egg-info
running install_scripts
Installing cst_int_publisher script to /home/rag0n/Desktop/project/ros2_ws/install/my_py_pkg/lib/my_py_pkg
Installing cst_int_subscriber script to /home/rag0n/Desktop/project/ros2_ws/install/my_py_pkg/lib/my_py_pkg
Installing example_client script to /home/rag0n/Desktop/project/ros2_ws/install/my_py_pkg/lib/my_py_pkg
Installing example_oop_client script to /home/rag0n/Desktop/project/ros2_ws/install/my_py_pkg/lib/my_py_pkg
Installing example_server script to /home/rag0n/Desktop/project/ros2_ws/install/my_py_pkg/lib/my_py_pkg
Installing mine_pub script to /home/rag0n/Desktop/project/ros2_ws/install/my_py_pkg/lib/my_py_pkg
Installing mine_pub_loud script to /home/rag0n/Desktop/project/ros2_ws/install/my_py_pkg/lib/my_py_pkg
Installing mine_pub_loud_2 script to /home/rag0n/Desktop/project/ros2_ws/install/my_py_pkg/lib/my_py_pkg
Installing mine_sub script to /home/rag0n/Desktop/project/ros2_ws/install/my_py_pkg/lib/my_py_pkg
Installing mine_sub_loud script to /home/rag0n/Desktop/project/ros2_ws/install/my_py_pkg/lib/my_py_pkg
Installing mine_sub_loud_2 script to /home/rag0n/Desktop/project/ros2_ws/install/my_py_pkg/lib/my_py_pkg
Installing py_node script to /home/rag0n/Desktop/project/ros2_ws/install/my_py_pkg/lib/my_py_pkg
Installing state_publisher script to /home/rag0n/Desktop/project/ros2_ws/install/my_py_pkg/lib/my_py_pkg
Installing state_subscriber script to /home/rag0n/Desktop/project/ros2_ws/install/my_py_pkg/lib/my_py_pkg
writing list of installed files to '/home/rag0n/Desktop/project/ros2_ws/build/my_py_pkg/install.log'
