-- Found ament_cmake: 1.3.10 (/opt/ros/humble/share/ament_cmake/cmake)
-- Found geometry_msgs: 4.2.4 (/opt/ros/humble/share/geometry_msgs/cmake)
-- Found rosidl_generator_c: 3.1.5 (/opt/ros/humble/share/rosidl_generator_c/cmake)
-- Found rosidl_adapter: 3.1.5 (/opt/ros/humble/share/rosidl_adapter/cmake)
-- Found rosidl_generator_cpp: 3.1.5 (/opt/ros/humble/share/rosidl_generator_cpp/cmake)
-- Using all available rosidl_typesupport_c: rosidl_typesupport_fastrtps_c;rosidl_typesupport_introspection_c
-- Using all available rosidl_typesupport_cpp: rosidl_typesupport_fastrtps_cpp;rosidl_typesupport_introspection_cpp
-- Found rosidl_default_generators: 1.2.0 (/opt/ros/humble/share/rosidl_default_generators/cmake)
-- Found ament_cmake_ros: 0.10.0 (/opt/ros/humble/share/ament_cmake_ros/cmake)
-- Using all available rosidl_typesupport_c: rosidl_typesupport_fastrtps_c;rosidl_typesupport_introspection_c
-- Using all available rosidl_typesupport_cpp: rosidl_typesupport_fastrtps_cpp;rosidl_typesupport_introspection_cpp
-- Found python_cmake_module: 0.10.0 (/opt/ros/humble/share/python_cmake_module/cmake)
-- Using PYTHON_EXECUTABLE: /usr/bin/python3
-- Using PYTHON_INCLUDE_DIRS: /usr/include/python3.10
-- Using PYTHON_LIBRARIES: /usr/lib/x86_64-linux-gnu/libpython3.10.so
-- Found ament_lint_auto: 0.12.11 (/opt/ros/humble/share/ament_lint_auto/cmake)
-- Added test 'lint_cmake' to check CMake code style
-- Added test 'xmllint' to check XML markup files
-- Configuring done
-- Generating done
-- Build files have been written to: /home/rag0n/Desktop/project/ros2_ws/build/my_custom_interface
[  2%] [34m[1mGenerating C code for ROS interfaces[0m
[  4%] [34m[1mGenerating C++ code for ROS interfaces[0m
[  4%] Built target ament_cmake_python_copy_my_custom_interface
running egg_info
writing my_custom_interface.egg-info/PKG-INFO
writing dependency_links to my_custom_interface.egg-info/dependency_links.txt
writing top-level names to my_custom_interface.egg-info/top_level.txt
reading manifest file 'my_custom_interface.egg-info/SOURCES.txt'
writing manifest file 'my_custom_interface.egg-info/SOURCES.txt'
[  4%] Built target ament_cmake_python_build_my_custom_interface_egg
[  4%] Built target my_custom_interface__cpp
[  6%] [34m[1mGenerating C++ type support dispatch for ROS interfaces[0m
[  8%] [34m[1mGenerating C++ introspection for ROS interfaces[0m
[ 10%] [34m[1mGenerating C++ type support for eProsima Fast-RTPS[0m
[35m[1mConsolidate compiler generated dependencies of target my_custom_interface__rosidl_generator_c[0m
[ 17%] [32mBuilding C object CMakeFiles/my_custom_interface__rosidl_generator_c.dir/rosidl_generator_c/my_custom_interface/msg/detail/loud__functions.c.o[0m
[ 17%] [32mBuilding C object CMakeFiles/my_custom_interface__rosidl_generator_c.dir/rosidl_generator_c/my_custom_interface/srv/detail/perceptron_service__functions.c.o[0m
[ 17%] [32mBuilding C object CMakeFiles/my_custom_interface__rosidl_generator_c.dir/rosidl_generator_c/my_custom_interface/msg/detail/perception_inputs__functions.c.o[0m
[ 19%] [32m[1mLinking C shared library libmy_custom_interface__rosidl_generator_c.so[0m
[ 19%] Built target my_custom_interface__rosidl_generator_c
[ 21%] [34m[1mGenerating C introspection for ROS interfaces[0m
[ 23%] [34m[1mGenerating C type support dispatch for ROS interfaces[0m
[ 25%] [34m[1mGenerating C type support for eProsima Fast-RTPS[0m
[35m[1mConsolidate compiler generated dependencies of target my_custom_interface__rosidl_typesupport_introspection_cpp[0m
[ 27%] [32mBuilding CXX object CMakeFiles/my_custom_interface__rosidl_typesupport_introspection_cpp.dir/rosidl_typesupport_introspection_cpp/my_custom_interface/srv/detail/perceptron_service__type_support.cpp.o[0m
[ 29%] [32mBuilding CXX object CMakeFiles/my_custom_interface__rosidl_typesupport_introspection_cpp.dir/rosidl_typesupport_introspection_cpp/my_custom_interface/msg/detail/loud__type_support.cpp.o[0m
[ 31%] [32mBuilding CXX object CMakeFiles/my_custom_interface__rosidl_typesupport_introspection_cpp.dir/rosidl_typesupport_introspection_cpp/my_custom_interface/msg/detail/perception_inputs__type_support.cpp.o[0m
[35m[1mConsolidate compiler generated dependencies of target my_custom_interface__rosidl_typesupport_cpp[0m
[ 34%] [32mBuilding CXX object CMakeFiles/my_custom_interface__rosidl_typesupport_cpp.dir/rosidl_typesupport_cpp/my_custom_interface/msg/perception_inputs__type_support.cpp.o[0m
[35m[1mConsolidate compiler generated dependencies of target my_custom_interface__rosidl_typesupport_fastrtps_cpp[0m
[ 36%] [32mBuilding CXX object CMakeFiles/my_custom_interface__rosidl_typesupport_fastrtps_cpp.dir/rosidl_typesupport_fastrtps_cpp/my_custom_interface/msg/detail/dds_fastrtps/perception_inputs__type_support.cpp.o[0m
[35m[1mConsolidate compiler generated dependencies of target my_custom_interface__rosidl_typesupport_introspection_c[0m
[35m[1mConsolidate compiler generated dependencies of target my_custom_interface__rosidl_typesupport_c[0m
[ 38%] [32mBuilding C object CMakeFiles/my_custom_interface__rosidl_typesupport_introspection_c.dir/rosidl_typesupport_introspection_c/my_custom_interface/msg/detail/perception_inputs__type_support.c.o[0m
[ 40%] [32mBuilding CXX object CMakeFiles/my_custom_interface__rosidl_typesupport_c.dir/rosidl_typesupport_c/my_custom_interface/msg/perception_inputs__type_support.cpp.o[0m
[ 42%] [32mBuilding C object CMakeFiles/my_custom_interface__rosidl_typesupport_introspection_c.dir/rosidl_typesupport_introspection_c/my_custom_interface/msg/detail/loud__type_support.c.o[0m
[ 44%] [32mBuilding CXX object CMakeFiles/my_custom_interface__rosidl_typesupport_c.dir/rosidl_typesupport_c/my_custom_interface/msg/loud__type_support.cpp.o[0m
[35m[1mConsolidate compiler generated dependencies of target my_custom_interface__rosidl_typesupport_fastrtps_c[0m
[ 46%] [32mBuilding CXX object CMakeFiles/my_custom_interface__rosidl_typesupport_cpp.dir/rosidl_typesupport_cpp/my_custom_interface/msg/loud__type_support.cpp.o[0m
[ 48%] [32mBuilding CXX object CMakeFiles/my_custom_interface__rosidl_typesupport_fastrtps_c.dir/rosidl_typesupport_fastrtps_c/my_custom_interface/msg/detail/perception_inputs__type_support_c.cpp.o[0m
[ 51%] [32mBuilding C object CMakeFiles/my_custom_interface__rosidl_typesupport_introspection_c.dir/rosidl_typesupport_introspection_c/my_custom_interface/srv/detail/perceptron_service__type_support.c.o[0m
[ 53%] [32mBuilding CXX object CMakeFiles/my_custom_interface__rosidl_typesupport_c.dir/rosidl_typesupport_c/my_custom_interface/srv/perceptron_service__type_support.cpp.o[0m
[ 55%] [32m[1mLinking C shared library libmy_custom_interface__rosidl_typesupport_introspection_c.so[0m
[ 57%] [32m[1mLinking CXX shared library libmy_custom_interface__rosidl_typesupport_c.so[0m
[ 59%] [32mBuilding CXX object CMakeFiles/my_custom_interface__rosidl_typesupport_cpp.dir/rosidl_typesupport_cpp/my_custom_interface/srv/perceptron_service__type_support.cpp.o[0m
[ 59%] Built target my_custom_interface__rosidl_typesupport_introspection_c
[ 61%] [32mBuilding CXX object CMakeFiles/my_custom_interface__rosidl_typesupport_fastrtps_c.dir/rosidl_typesupport_fastrtps_c/my_custom_interface/msg/detail/loud__type_support_c.cpp.o[0m
[ 61%] Built target my_custom_interface__rosidl_typesupport_c
[ 63%] [32mBuilding CXX object CMakeFiles/my_custom_interface__rosidl_typesupport_fastrtps_cpp.dir/rosidl_typesupport_fastrtps_cpp/my_custom_interface/msg/detail/dds_fastrtps/loud__type_support.cpp.o[0m
[ 65%] [32mBuilding CXX object CMakeFiles/my_custom_interface__rosidl_typesupport_fastrtps_cpp.dir/rosidl_typesupport_fastrtps_cpp/my_custom_interface/srv/detail/dds_fastrtps/perceptron_service__type_support.cpp.o[0m
[ 68%] [32m[1mLinking CXX shared library libmy_custom_interface__rosidl_typesupport_introspection_cpp.so[0m
[ 68%] Built target my_custom_interface__rosidl_typesupport_introspection_cpp
[ 70%] [32mBuilding CXX object CMakeFiles/my_custom_interface__rosidl_typesupport_fastrtps_c.dir/rosidl_typesupport_fastrtps_c/my_custom_interface/srv/detail/perceptron_service__type_support_c.cpp.o[0m
[ 72%] [32m[1mLinking CXX shared library libmy_custom_interface__rosidl_typesupport_cpp.so[0m
[ 72%] Built target my_custom_interface__rosidl_typesupport_cpp
[ 74%] [32m[1mLinking CXX shared library libmy_custom_interface__rosidl_typesupport_fastrtps_cpp.so[0m
[ 76%] [32m[1mLinking CXX shared library libmy_custom_interface__rosidl_typesupport_fastrtps_c.so[0m
[ 76%] Built target my_custom_interface__rosidl_typesupport_fastrtps_cpp
[ 76%] Built target my_custom_interface__rosidl_typesupport_fastrtps_c
[ 76%] Built target my_custom_interface
[ 78%] [34m[1mGenerating Python code for ROS interfaces[0m
[ 78%] Built target my_custom_interface__py
[35m[1mConsolidate compiler generated dependencies of target my_custom_interface__rosidl_generator_py[0m
[ 85%] [32mBuilding C object CMakeFiles/my_custom_interface__rosidl_generator_py.dir/rosidl_generator_py/my_custom_interface/msg/_loud_s.c.o[0m
[ 85%] [32mBuilding C object CMakeFiles/my_custom_interface__rosidl_generator_py.dir/rosidl_generator_py/my_custom_interface/msg/_perception_inputs_s.c.o[0m
[ 85%] [32mBuilding C object CMakeFiles/my_custom_interface__rosidl_generator_py.dir/rosidl_generator_py/my_custom_interface/srv/_perceptron_service_s.c.o[0m
[ 87%] [32m[1mLinking C shared library rosidl_generator_py/my_custom_interface/libmy_custom_interface__rosidl_generator_py.so[0m
[ 87%] Built target my_custom_interface__rosidl_generator_py
[35m[1mConsolidate compiler generated dependencies of target my_custom_interface__rosidl_typesupport_introspection_c__pyext[0m
[35m[1mConsolidate compiler generated dependencies of target my_custom_interface__rosidl_typesupport_fastrtps_c__pyext[0m
[35m[1mConsolidate compiler generated dependencies of target my_custom_interface__rosidl_typesupport_c__pyext[0m
[ 93%] [32mBuilding C object CMakeFiles/my_custom_interface__rosidl_typesupport_fastrtps_c__pyext.dir/rosidl_generator_py/my_custom_interface/_my_custom_interface_s.ep.rosidl_typesupport_fastrtps_c.c.o[0m
[ 93%] [32mBuilding C object CMakeFiles/my_custom_interface__rosidl_typesupport_c__pyext.dir/rosidl_generator_py/my_custom_interface/_my_custom_interface_s.ep.rosidl_typesupport_c.c.o[0m
[ 93%] [32mBuilding C object CMakeFiles/my_custom_interface__rosidl_typesupport_introspection_c__pyext.dir/rosidl_generator_py/my_custom_interface/_my_custom_interface_s.ep.rosidl_typesupport_introspection_c.c.o[0m
[ 95%] [32m[1mLinking C shared library rosidl_generator_py/my_custom_interface/my_custom_interface_s__rosidl_typesupport_c.cpython-310-x86_64-linux-gnu.so[0m
[ 97%] [32m[1mLinking C shared library rosidl_generator_py/my_custom_interface/my_custom_interface_s__rosidl_typesupport_introspection_c.cpython-310-x86_64-linux-gnu.so[0m
[100%] [32m[1mLinking C shared library rosidl_generator_py/my_custom_interface/my_custom_interface_s__rosidl_typesupport_fastrtps_c.cpython-310-x86_64-linux-gnu.so[0m
[100%] Built target my_custom_interface__rosidl_typesupport_c__pyext
[100%] Built target my_custom_interface__rosidl_typesupport_introspection_c__pyext
[100%] Built target my_custom_interface__rosidl_typesupport_fastrtps_c__pyext
-- Install configuration: ""
-- Up-to-date: /home/rag0n/Desktop/project/ros2_ws/install/my_custom_interface/share/ament_index/resource_index/rosidl_interfaces/my_custom_interface
-- Up-to-date: /home/rag0n/Desktop/project/ros2_ws/install/my_custom_interface/include/my_custom_interface/my_custom_interface
-- Up-to-date: /home/rag0n/Desktop/project/ros2_ws/install/my_custom_interface/include/my_custom_interface/my_custom_interface/srv
-- Up-to-date: /home/rag0n/Desktop/project/ros2_ws/install/my_custom_interface/include/my_custom_interface/my_custom_interface/srv/detail
-- Installing: /home/rag0n/Desktop/project/ros2_ws/install/my_custom_interface/include/my_custom_interface/my_custom_interface/srv/detail/perceptron_service__functions.c
-- Installing: /home/rag0n/Desktop/project/ros2_ws/install/my_custom_interface/include/my_custom_interface/my_custom_interface/srv/detail/perceptron_service__functions.h
-- Installing: /home/rag0n/Desktop/project/ros2_ws/install/my_custom_interface/include/my_custom_interface/my_custom_interface/srv/detail/perceptron_service__struct.h
-- Installing: /home/rag0n/Desktop/project/ros2_ws/install/my_custom_interface/include/my_custom_interface/my_custom_interface/srv/detail/perceptron_service__type_support.h
-- Installing: /home/rag0n/Desktop/project/ros2_ws/install/my_custom_interface/include/my_custom_interface/my_custom_interface/srv/perceptron_service.h
-- Up-to-date: /home/rag0n/Desktop/project/ros2_ws/install/my_custom_interface/include/my_custom_interface/my_custom_interface/msg
-- Up-to-date: /home/rag0n/Desktop/project/ros2_ws/install/my_custom_interface/include/my_custom_interface/my_custom_interface/msg/rosidl_generator_c__visibility_control.h
-- Up-to-date: /home/rag0n/Desktop/project/ros2_ws/install/my_custom_interface/include/my_custom_interface/my_custom_interface/msg/detail
-- Installing: /home/rag0n/Desktop/project/ros2_ws/install/my_custom_interface/include/my_custom_interface/my_custom_interface/msg/detail/loud__functions.h
-- Installing: /home/rag0n/Desktop/project/ros2_ws/install/my_custom_interface/include/my_custom_interface/my_custom_interface/msg/detail/loud__functions.c
-- Installing: /home/rag0n/Desktop/project/ros2_ws/install/my_custom_interface/include/my_custom_interface/my_custom_interface/msg/detail/perception_inputs__functions.h
-- Installing: /home/rag0n/Desktop/project/ros2_ws/install/my_custom_interface/include/my_custom_interface/my_custom_interface/msg/detail/perception_inputs__type_support.h
-- Installing: /home/rag0n/Desktop/project/ros2_ws/install/my_custom_interface/include/my_custom_interface/my_custom_interface/msg/detail/loud__struct.h
-- Installing: /home/rag0n/Desktop/project/ros2_ws/install/my_custom_interface/include/my_custom_interface/my_custom_interface/msg/detail/loud__type_support.h
-- Installing: /home/rag0n/Desktop/project/ros2_ws/install/my_custom_interface/include/my_custom_interface/my_custom_interface/msg/detail/perception_inputs__struct.h
-- Installing: /home/rag0n/Desktop/project/ros2_ws/install/my_custom_interface/include/my_custom_interface/my_custom_interface/msg/detail/perception_inputs__functions.c
-- Installing: /home/rag0n/Desktop/project/ros2_ws/install/my_custom_interface/include/my_custom_interface/my_custom_interface/msg/loud.h
-- Installing: /home/rag0n/Desktop/project/ros2_ws/install/my_custom_interface/include/my_custom_interface/my_custom_interface/msg/perception_inputs.h
-- Up-to-date: /home/rag0n/Desktop/project/ros2_ws/install/my_custom_interface/share/my_custom_interface/environment/library_path.sh
-- Installing: /home/rag0n/Desktop/project/ros2_ws/install/my_custom_interface/share/my_custom_interface/environment/library_path.dsv
-- Installing: /home/rag0n/Desktop/project/ros2_ws/install/my_custom_interface/lib/libmy_custom_interface__rosidl_generator_c.so
-- Set runtime path of "/home/rag0n/Desktop/project/ros2_ws/install/my_custom_interface/lib/libmy_custom_interface__rosidl_generator_c.so" to ""
-- Up-to-date: /home/rag0n/Desktop/project/ros2_ws/install/my_custom_interface/include/my_custom_interface/my_custom_interface
-- Up-to-date: /home/rag0n/Desktop/project/ros2_ws/install/my_custom_interface/include/my_custom_interface/my_custom_interface/srv
-- Up-to-date: /home/rag0n/Desktop/project/ros2_ws/install/my_custom_interface/include/my_custom_interface/my_custom_interface/srv/detail
-- Installing: /home/rag0n/Desktop/project/ros2_ws/install/my_custom_interface/include/my_custom_interface/my_custom_interface/srv/detail/perceptron_service__rosidl_typesupport_fastrtps_c.h
-- Up-to-date: /home/rag0n/Desktop/project/ros2_ws/install/my_custom_interface/include/my_custom_interface/my_custom_interface/msg
-- Up-to-date: /home/rag0n/Desktop/project/ros2_ws/install/my_custom_interface/include/my_custom_interface/my_custom_interface/msg/rosidl_typesupport_fastrtps_c__visibility_control.h
-- Up-to-date: /home/rag0n/Desktop/project/ros2_ws/install/my_custom_interface/include/my_custom_interface/my_custom_interface/msg/detail
-- Installing: /home/rag0n/Desktop/project/ros2_ws/install/my_custom_interface/include/my_custom_interface/my_custom_interface/msg/detail/perception_inputs__rosidl_typesupport_fastrtps_c.h
-- Installing: /home/rag0n/Desktop/project/ros2_ws/install/my_custom_interface/include/my_custom_interface/my_custom_interface/msg/detail/loud__rosidl_typesupport_fastrtps_c.h
-- Installing: /home/rag0n/Desktop/project/ros2_ws/install/my_custom_interface/lib/libmy_custom_interface__rosidl_typesupport_fastrtps_c.so
-- Set runtime path of "/home/rag0n/Desktop/project/ros2_ws/install/my_custom_interface/lib/libmy_custom_interface__rosidl_typesupport_fastrtps_c.so" to ""
-- Up-to-date: /home/rag0n/Desktop/project/ros2_ws/install/my_custom_interface/include/my_custom_interface/my_custom_interface
-- Up-to-date: /home/rag0n/Desktop/project/ros2_ws/install/my_custom_interface/include/my_custom_interface/my_custom_interface/srv
-- Installing: /home/rag0n/Desktop/project/ros2_ws/install/my_custom_interface/include/my_custom_interface/my_custom_interface/srv/perceptron_service.hpp
-- Up-to-date: /home/rag0n/Desktop/project/ros2_ws/install/my_custom_interface/include/my_custom_interface/my_custom_interface/srv/detail
-- Installing: /home/rag0n/Desktop/project/ros2_ws/install/my_custom_interface/include/my_custom_interface/my_custom_interface/srv/detail/perceptron_service__traits.hpp
-- Installing: /home/rag0n/Desktop/project/ros2_ws/install/my_custom_interface/include/my_custom_interface/my_custom_interface/srv/detail/perceptron_service__struct.hpp
-- Installing: /home/rag0n/Desktop/project/ros2_ws/install/my_custom_interface/include/my_custom_interface/my_custom_interface/srv/detail/perceptron_service__builder.hpp
-- Up-to-date: /home/rag0n/Desktop/project/ros2_ws/install/my_custom_interface/include/my_custom_interface/my_custom_interface/msg
-- Installing: /home/rag0n/Desktop/project/ros2_ws/install/my_custom_interface/include/my_custom_interface/my_custom_interface/msg/loud.hpp
-- Installing: /home/rag0n/Desktop/project/ros2_ws/install/my_custom_interface/include/my_custom_interface/my_custom_interface/msg/perception_inputs.hpp
-- Up-to-date: /home/rag0n/Desktop/project/ros2_ws/install/my_custom_interface/include/my_custom_interface/my_custom_interface/msg/detail
-- Installing: /home/rag0n/Desktop/project/ros2_ws/install/my_custom_interface/include/my_custom_interface/my_custom_interface/msg/detail/perception_inputs__builder.hpp
-- Installing: /home/rag0n/Desktop/project/ros2_ws/install/my_custom_interface/include/my_custom_interface/my_custom_interface/msg/detail/loud__struct.hpp
-- Installing: /home/rag0n/Desktop/project/ros2_ws/install/my_custom_interface/include/my_custom_interface/my_custom_interface/msg/detail/perception_inputs__struct.hpp
-- Installing: /home/rag0n/Desktop/project/ros2_ws/install/my_custom_interface/include/my_custom_interface/my_custom_interface/msg/detail/loud__traits.hpp
-- Installing: /home/rag0n/Desktop/project/ros2_ws/install/my_custom_interface/include/my_custom_interface/my_custom_interface/msg/detail/loud__builder.hpp
-- Installing: /home/rag0n/Desktop/project/ros2_ws/install/my_custom_interface/include/my_custom_interface/my_custom_interface/msg/detail/perception_inputs__traits.hpp
-- Up-to-date: /home/rag0n/Desktop/project/ros2_ws/install/my_custom_interface/include/my_custom_interface/my_custom_interface
-- Up-to-date: /home/rag0n/Desktop/project/ros2_ws/install/my_custom_interface/include/my_custom_interface/my_custom_interface/srv
-- Up-to-date: /home/rag0n/Desktop/project/ros2_ws/install/my_custom_interface/include/my_custom_interface/my_custom_interface/srv/detail
-- Installing: /home/rag0n/Desktop/project/ros2_ws/install/my_custom_interface/include/my_custom_interface/my_custom_interface/srv/detail/perceptron_service__rosidl_typesupport_fastrtps_cpp.hpp
-- Up-to-date: /home/rag0n/Desktop/project/ros2_ws/install/my_custom_interface/include/my_custom_interface/my_custom_interface/srv/detail/dds_fastrtps
-- Up-to-date: /home/rag0n/Desktop/project/ros2_ws/install/my_custom_interface/include/my_custom_interface/my_custom_interface/msg
-- Up-to-date: /home/rag0n/Desktop/project/ros2_ws/install/my_custom_interface/include/my_custom_interface/my_custom_interface/msg/rosidl_typesupport_fastrtps_cpp__visibility_control.h
-- Up-to-date: /home/rag0n/Desktop/project/ros2_ws/install/my_custom_interface/include/my_custom_interface/my_custom_interface/msg/detail
-- Up-to-date: /home/rag0n/Desktop/project/ros2_ws/install/my_custom_interface/include/my_custom_interface/my_custom_interface/msg/detail/dds_fastrtps
-- Installing: /home/rag0n/Desktop/project/ros2_ws/install/my_custom_interface/include/my_custom_interface/my_custom_interface/msg/detail/loud__rosidl_typesupport_fastrtps_cpp.hpp
-- Installing: /home/rag0n/Desktop/project/ros2_ws/install/my_custom_interface/include/my_custom_interface/my_custom_interface/msg/detail/perception_inputs__rosidl_typesupport_fastrtps_cpp.hpp
-- Installing: /home/rag0n/Desktop/project/ros2_ws/install/my_custom_interface/lib/libmy_custom_interface__rosidl_typesupport_fastrtps_cpp.so
-- Set runtime path of "/home/rag0n/Desktop/project/ros2_ws/install/my_custom_interface/lib/libmy_custom_interface__rosidl_typesupport_fastrtps_cpp.so" to ""
-- Up-to-date: /home/rag0n/Desktop/project/ros2_ws/install/my_custom_interface/include/my_custom_interface/my_custom_interface
-- Up-to-date: /home/rag0n/Desktop/project/ros2_ws/install/my_custom_interface/include/my_custom_interface/my_custom_interface/srv
-- Up-to-date: /home/rag0n/Desktop/project/ros2_ws/install/my_custom_interface/include/my_custom_interface/my_custom_interface/srv/detail
-- Installing: /home/rag0n/Desktop/project/ros2_ws/install/my_custom_interface/include/my_custom_interface/my_custom_interface/srv/detail/perceptron_service__type_support.c
-- Installing: /home/rag0n/Desktop/project/ros2_ws/install/my_custom_interface/include/my_custom_interface/my_custom_interface/srv/detail/perceptron_service__rosidl_typesupport_introspection_c.h
-- Up-to-date: /home/rag0n/Desktop/project/ros2_ws/install/my_custom_interface/include/my_custom_interface/my_custom_interface/msg
-- Up-to-date: /home/rag0n/Desktop/project/ros2_ws/install/my_custom_interface/include/my_custom_interface/my_custom_interface/msg/detail
-- Installing: /home/rag0n/Desktop/project/ros2_ws/install/my_custom_interface/include/my_custom_interface/my_custom_interface/msg/detail/perception_inputs__type_support.c
-- Installing: /home/rag0n/Desktop/project/ros2_ws/install/my_custom_interface/include/my_custom_interface/my_custom_interface/msg/detail/perception_inputs__rosidl_typesupport_introspection_c.h
-- Installing: /home/rag0n/Desktop/project/ros2_ws/install/my_custom_interface/include/my_custom_interface/my_custom_interface/msg/detail/loud__type_support.c
-- Installing: /home/rag0n/Desktop/project/ros2_ws/install/my_custom_interface/include/my_custom_interface/my_custom_interface/msg/detail/loud__rosidl_typesupport_introspection_c.h
-- Up-to-date: /home/rag0n/Desktop/project/ros2_ws/install/my_custom_interface/include/my_custom_interface/my_custom_interface/msg/rosidl_typesupport_introspection_c__visibility_control.h
-- Installing: /home/rag0n/Desktop/project/ros2_ws/install/my_custom_interface/lib/libmy_custom_interface__rosidl_typesupport_introspection_c.so
-- Set runtime path of "/home/rag0n/Desktop/project/ros2_ws/install/my_custom_interface/lib/libmy_custom_interface__rosidl_typesupport_introspection_c.so" to ""
-- Installing: /home/rag0n/Desktop/project/ros2_ws/install/my_custom_interface/lib/libmy_custom_interface__rosidl_typesupport_c.so
-- Set runtime path of "/home/rag0n/Desktop/project/ros2_ws/install/my_custom_interface/lib/libmy_custom_interface__rosidl_typesupport_c.so" to ""
-- Up-to-date: /home/rag0n/Desktop/project/ros2_ws/install/my_custom_interface/include/my_custom_interface/my_custom_interface
-- Up-to-date: /home/rag0n/Desktop/project/ros2_ws/install/my_custom_interface/include/my_custom_interface/my_custom_interface/srv
-- Up-to-date: /home/rag0n/Desktop/project/ros2_ws/install/my_custom_interface/include/my_custom_interface/my_custom_interface/srv/detail
-- Installing: /home/rag0n/Desktop/project/ros2_ws/install/my_custom_interface/include/my_custom_interface/my_custom_interface/srv/detail/perceptron_service__rosidl_typesupport_introspection_cpp.hpp
-- Installing: /home/rag0n/Desktop/project/ros2_ws/install/my_custom_interface/include/my_custom_interface/my_custom_interface/srv/detail/perceptron_service__type_support.cpp
-- Up-to-date: /home/rag0n/Desktop/project/ros2_ws/install/my_custom_interface/include/my_custom_interface/my_custom_interface/msg
-- Up-to-date: /home/rag0n/Desktop/project/ros2_ws/install/my_custom_interface/include/my_custom_interface/my_custom_interface/msg/detail
-- Installing: /home/rag0n/Desktop/project/ros2_ws/install/my_custom_interface/include/my_custom_interface/my_custom_interface/msg/detail/loud__rosidl_typesupport_introspection_cpp.hpp
-- Installing: /home/rag0n/Desktop/project/ros2_ws/install/my_custom_interface/include/my_custom_interface/my_custom_interface/msg/detail/perception_inputs__rosidl_typesupport_introspection_cpp.hpp
-- Installing: /home/rag0n/Desktop/project/ros2_ws/install/my_custom_interface/include/my_custom_interface/my_custom_interface/msg/detail/perception_inputs__type_support.cpp
-- Installing: /home/rag0n/Desktop/project/ros2_ws/install/my_custom_interface/include/my_custom_interface/my_custom_interface/msg/detail/loud__type_support.cpp
-- Installing: /home/rag0n/Desktop/project/ros2_ws/install/my_custom_interface/lib/libmy_custom_interface__rosidl_typesupport_introspection_cpp.so
-- Set runtime path of "/home/rag0n/Desktop/project/ros2_ws/install/my_custom_interface/lib/libmy_custom_interface__rosidl_typesupport_introspection_cpp.so" to ""
-- Installing: /home/rag0n/Desktop/project/ros2_ws/install/my_custom_interface/lib/libmy_custom_interface__rosidl_typesupport_cpp.so
-- Set runtime path of "/home/rag0n/Desktop/project/ros2_ws/install/my_custom_interface/lib/libmy_custom_interface__rosidl_typesupport_cpp.so" to ""
-- Up-to-date: /home/rag0n/Desktop/project/ros2_ws/install/my_custom_interface/share/my_custom_interface/environment/pythonpath.sh
-- Installing: /home/rag0n/Desktop/project/ros2_ws/install/my_custom_interface/share/my_custom_interface/environment/pythonpath.dsv
-- Up-to-date: /home/rag0n/Desktop/project/ros2_ws/install/my_custom_interface/local/lib/python3.10/dist-packages/my_custom_interface-0.0.0-py3.10.egg-info
-- Installing: /home/rag0n/Desktop/project/ros2_ws/install/my_custom_interface/local/lib/python3.10/dist-packages/my_custom_interface-0.0.0-py3.10.egg-info/PKG-INFO
-- Installing: /home/rag0n/Desktop/project/ros2_ws/install/my_custom_interface/local/lib/python3.10/dist-packages/my_custom_interface-0.0.0-py3.10.egg-info/dependency_links.txt
-- Installing: /home/rag0n/Desktop/project/ros2_ws/install/my_custom_interface/local/lib/python3.10/dist-packages/my_custom_interface-0.0.0-py3.10.egg-info/top_level.txt
-- Installing: /home/rag0n/Desktop/project/ros2_ws/install/my_custom_interface/local/lib/python3.10/dist-packages/my_custom_interface-0.0.0-py3.10.egg-info/SOURCES.txt
-- Up-to-date: /home/rag0n/Desktop/project/ros2_ws/install/my_custom_interface/local/lib/python3.10/dist-packages/my_custom_interface
-- Installing: /home/rag0n/Desktop/project/ros2_ws/install/my_custom_interface/local/lib/python3.10/dist-packages/my_custom_interface/my_custom_interface_s__rosidl_typesupport_fastrtps_c.cpython-310-x86_64-linux-gnu.so
-- Up-to-date: /home/rag0n/Desktop/project/ros2_ws/install/my_custom_interface/local/lib/python3.10/dist-packages/my_custom_interface/srv
-- Installing: /home/rag0n/Desktop/project/ros2_ws/install/my_custom_interface/local/lib/python3.10/dist-packages/my_custom_interface/srv/_perceptron_service.py
-- Installing: /home/rag0n/Desktop/project/ros2_ws/install/my_custom_interface/local/lib/python3.10/dist-packages/my_custom_interface/srv/_perceptron_service_s.c
-- Installing: /home/rag0n/Desktop/project/ros2_ws/install/my_custom_interface/local/lib/python3.10/dist-packages/my_custom_interface/srv/__init__.py
-- Installing: /home/rag0n/Desktop/project/ros2_ws/install/my_custom_interface/local/lib/python3.10/dist-packages/my_custom_interface/libmy_custom_interface__rosidl_generator_py.so
-- Installing: /home/rag0n/Desktop/project/ros2_ws/install/my_custom_interface/local/lib/python3.10/dist-packages/my_custom_interface/my_custom_interface_s__rosidl_typesupport_c.cpython-310-x86_64-linux-gnu.so
-- Installing: /home/rag0n/Desktop/project/ros2_ws/install/my_custom_interface/local/lib/python3.10/dist-packages/my_custom_interface/_my_custom_interface_s.ep.rosidl_typesupport_introspection_c.c
-- Up-to-date: /home/rag0n/Desktop/project/ros2_ws/install/my_custom_interface/local/lib/python3.10/dist-packages/my_custom_interface/msg
-- Installing: /home/rag0n/Desktop/project/ros2_ws/install/my_custom_interface/local/lib/python3.10/dist-packages/my_custom_interface/msg/_loud_s.c
-- Installing: /home/rag0n/Desktop/project/ros2_ws/install/my_custom_interface/local/lib/python3.10/dist-packages/my_custom_interface/msg/_perception_inputs.py
-- Installing: /home/rag0n/Desktop/project/ros2_ws/install/my_custom_interface/local/lib/python3.10/dist-packages/my_custom_interface/msg/_loud.py
-- Installing: /home/rag0n/Desktop/project/ros2_ws/install/my_custom_interface/local/lib/python3.10/dist-packages/my_custom_interface/msg/_perception_inputs_s.c
-- Installing: /home/rag0n/Desktop/project/ros2_ws/install/my_custom_interface/local/lib/python3.10/dist-packages/my_custom_interface/msg/__init__.py
-- Installing: /home/rag0n/Desktop/project/ros2_ws/install/my_custom_interface/local/lib/python3.10/dist-packages/my_custom_interface/__init__.py
-- Installing: /home/rag0n/Desktop/project/ros2_ws/install/my_custom_interface/local/lib/python3.10/dist-packages/my_custom_interface/my_custom_interface_s__rosidl_typesupport_introspection_c.cpython-310-x86_64-linux-gnu.so
-- Installing: /home/rag0n/Desktop/project/ros2_ws/install/my_custom_interface/local/lib/python3.10/dist-packages/my_custom_interface/_my_custom_interface_s.ep.rosidl_typesupport_fastrtps_c.c
-- Installing: /home/rag0n/Desktop/project/ros2_ws/install/my_custom_interface/local/lib/python3.10/dist-packages/my_custom_interface/_my_custom_interface_s.ep.rosidl_typesupport_c.c
Listing '/home/rag0n/Desktop/project/ros2_ws/install/my_custom_interface/local/lib/python3.10/dist-packages/my_custom_interface'...
Compiling '/home/rag0n/Desktop/project/ros2_ws/install/my_custom_interface/local/lib/python3.10/dist-packages/my_custom_interface/__init__.py'...
Listing '/home/rag0n/Desktop/project/ros2_ws/install/my_custom_interface/local/lib/python3.10/dist-packages/my_custom_interface/msg'...
Compiling '/home/rag0n/Desktop/project/ros2_ws/install/my_custom_interface/local/lib/python3.10/dist-packages/my_custom_interface/msg/__init__.py'...
Compiling '/home/rag0n/Desktop/project/ros2_ws/install/my_custom_interface/local/lib/python3.10/dist-packages/my_custom_interface/msg/_loud.py'...
Compiling '/home/rag0n/Desktop/project/ros2_ws/install/my_custom_interface/local/lib/python3.10/dist-packages/my_custom_interface/msg/_perception_inputs.py'...
Listing '/home/rag0n/Desktop/project/ros2_ws/install/my_custom_interface/local/lib/python3.10/dist-packages/my_custom_interface/srv'...
Compiling '/home/rag0n/Desktop/project/ros2_ws/install/my_custom_interface/local/lib/python3.10/dist-packages/my_custom_interface/srv/__init__.py'...
Compiling '/home/rag0n/Desktop/project/ros2_ws/install/my_custom_interface/local/lib/python3.10/dist-packages/my_custom_interface/srv/_perceptron_service.py'...
-- Installing: /home/rag0n/Desktop/project/ros2_ws/install/my_custom_interface/local/lib/python3.10/dist-packages/my_custom_interface/my_custom_interface_s__rosidl_typesupport_fastrtps_c.cpython-310-x86_64-linux-gnu.so
-- Set runtime path of "/home/rag0n/Desktop/project/ros2_ws/install/my_custom_interface/local/lib/python3.10/dist-packages/my_custom_interface/my_custom_interface_s__rosidl_typesupport_fastrtps_c.cpython-310-x86_64-linux-gnu.so" to ""
-- Installing: /home/rag0n/Desktop/project/ros2_ws/install/my_custom_interface/local/lib/python3.10/dist-packages/my_custom_interface/my_custom_interface_s__rosidl_typesupport_introspection_c.cpython-310-x86_64-linux-gnu.so
-- Set runtime path of "/home/rag0n/Desktop/project/ros2_ws/install/my_custom_interface/local/lib/python3.10/dist-packages/my_custom_interface/my_custom_interface_s__rosidl_typesupport_introspection_c.cpython-310-x86_64-linux-gnu.so" to ""
-- Installing: /home/rag0n/Desktop/project/ros2_ws/install/my_custom_interface/local/lib/python3.10/dist-packages/my_custom_interface/my_custom_interface_s__rosidl_typesupport_c.cpython-310-x86_64-linux-gnu.so
-- Set runtime path of "/home/rag0n/Desktop/project/ros2_ws/install/my_custom_interface/local/lib/python3.10/dist-packages/my_custom_interface/my_custom_interface_s__rosidl_typesupport_c.cpython-310-x86_64-linux-gnu.so" to ""
-- Installing: /home/rag0n/Desktop/project/ros2_ws/install/my_custom_interface/lib/libmy_custom_interface__rosidl_generator_py.so
-- Set runtime path of "/home/rag0n/Desktop/project/ros2_ws/install/my_custom_interface/lib/libmy_custom_interface__rosidl_generator_py.so" to ""
-- Up-to-date: /home/rag0n/Desktop/project/ros2_ws/install/my_custom_interface/share/my_custom_interface/msg/PerceptionInputs.idl
-- Up-to-date: /home/rag0n/Desktop/project/ros2_ws/install/my_custom_interface/share/my_custom_interface/msg/Loud.idl
-- Installing: /home/rag0n/Desktop/project/ros2_ws/install/my_custom_interface/share/my_custom_interface/srv/PerceptronService.idl
-- Up-to-date: /home/rag0n/Desktop/project/ros2_ws/install/my_custom_interface/share/my_custom_interface/msg/PerceptionInputs.msg
-- Up-to-date: /home/rag0n/Desktop/project/ros2_ws/install/my_custom_interface/share/my_custom_interface/msg/Loud.msg
-- Installing: /home/rag0n/Desktop/project/ros2_ws/install/my_custom_interface/share/my_custom_interface/srv/PerceptronService.srv
-- Installing: /home/rag0n/Desktop/project/ros2_ws/install/my_custom_interface/share/my_custom_interface/srv/PerceptronService_Request.msg
-- Installing: /home/rag0n/Desktop/project/ros2_ws/install/my_custom_interface/share/my_custom_interface/srv/PerceptronService_Response.msg
-- Up-to-date: /home/rag0n/Desktop/project/ros2_ws/install/my_custom_interface/share/ament_index/resource_index/package_run_dependencies/my_custom_interface
-- Up-to-date: /home/rag0n/Desktop/project/ros2_ws/install/my_custom_interface/share/ament_index/resource_index/parent_prefix_path/my_custom_interface
-- Up-to-date: /home/rag0n/Desktop/project/ros2_ws/install/my_custom_interface/share/my_custom_interface/environment/ament_prefix_path.sh
-- Installing: /home/rag0n/Desktop/project/ros2_ws/install/my_custom_interface/share/my_custom_interface/environment/ament_prefix_path.dsv
-- Up-to-date: /home/rag0n/Desktop/project/ros2_ws/install/my_custom_interface/share/my_custom_interface/environment/path.sh
-- Installing: /home/rag0n/Desktop/project/ros2_ws/install/my_custom_interface/share/my_custom_interface/environment/path.dsv
-- Up-to-date: /home/rag0n/Desktop/project/ros2_ws/install/my_custom_interface/share/my_custom_interface/local_setup.bash
-- Up-to-date: /home/rag0n/Desktop/project/ros2_ws/install/my_custom_interface/share/my_custom_interface/local_setup.sh
-- Up-to-date: /home/rag0n/Desktop/project/ros2_ws/install/my_custom_interface/share/my_custom_interface/local_setup.zsh
-- Installing: /home/rag0n/Desktop/project/ros2_ws/install/my_custom_interface/share/my_custom_interface/local_setup.dsv
-- Installing: /home/rag0n/Desktop/project/ros2_ws/install/my_custom_interface/share/my_custom_interface/package.dsv
-- Up-to-date: /home/rag0n/Desktop/project/ros2_ws/install/my_custom_interface/share/ament_index/resource_index/packages/my_custom_interface
-- Up-to-date: /home/rag0n/Desktop/project/ros2_ws/install/my_custom_interface/share/my_custom_interface/cmake/export_my_custom_interface__rosidl_generator_cExport.cmake
-- Up-to-date: /home/rag0n/Desktop/project/ros2_ws/install/my_custom_interface/share/my_custom_interface/cmake/export_my_custom_interface__rosidl_generator_cExport-noconfig.cmake
-- Up-to-date: /home/rag0n/Desktop/project/ros2_ws/install/my_custom_interface/share/my_custom_interface/cmake/export_my_custom_interface__rosidl_typesupport_fastrtps_cExport.cmake
-- Up-to-date: /home/rag0n/Desktop/project/ros2_ws/install/my_custom_interface/share/my_custom_interface/cmake/export_my_custom_interface__rosidl_typesupport_fastrtps_cExport-noconfig.cmake
-- Up-to-date: /home/rag0n/Desktop/project/ros2_ws/install/my_custom_interface/share/my_custom_interface/cmake/export_my_custom_interface__rosidl_generator_cppExport.cmake
-- Up-to-date: /home/rag0n/Desktop/project/ros2_ws/install/my_custom_interface/share/my_custom_interface/cmake/export_my_custom_interface__rosidl_typesupport_fastrtps_cppExport.cmake
-- Up-to-date: /home/rag0n/Desktop/project/ros2_ws/install/my_custom_interface/share/my_custom_interface/cmake/export_my_custom_interface__rosidl_typesupport_fastrtps_cppExport-noconfig.cmake
-- Up-to-date: /home/rag0n/Desktop/project/ros2_ws/install/my_custom_interface/share/my_custom_interface/cmake/my_custom_interface__rosidl_typesupport_introspection_cExport.cmake
-- Up-to-date: /home/rag0n/Desktop/project/ros2_ws/install/my_custom_interface/share/my_custom_interface/cmake/my_custom_interface__rosidl_typesupport_introspection_cExport-noconfig.cmake
-- Up-to-date: /home/rag0n/Desktop/project/ros2_ws/install/my_custom_interface/share/my_custom_interface/cmake/my_custom_interface__rosidl_typesupport_cExport.cmake
-- Up-to-date: /home/rag0n/Desktop/project/ros2_ws/install/my_custom_interface/share/my_custom_interface/cmake/my_custom_interface__rosidl_typesupport_cExport-noconfig.cmake
-- Up-to-date: /home/rag0n/Desktop/project/ros2_ws/install/my_custom_interface/share/my_custom_interface/cmake/my_custom_interface__rosidl_typesupport_introspection_cppExport.cmake
-- Up-to-date: /home/rag0n/Desktop/project/ros2_ws/install/my_custom_interface/share/my_custom_interface/cmake/my_custom_interface__rosidl_typesupport_introspection_cppExport-noconfig.cmake
-- Up-to-date: /home/rag0n/Desktop/project/ros2_ws/install/my_custom_interface/share/my_custom_interface/cmake/my_custom_interface__rosidl_typesupport_cppExport.cmake
-- Up-to-date: /home/rag0n/Desktop/project/ros2_ws/install/my_custom_interface/share/my_custom_interface/cmake/my_custom_interface__rosidl_typesupport_cppExport-noconfig.cmake
-- Up-to-date: /home/rag0n/Desktop/project/ros2_ws/install/my_custom_interface/share/my_custom_interface/cmake/export_my_custom_interface__rosidl_generator_pyExport.cmake
-- Up-to-date: /home/rag0n/Desktop/project/ros2_ws/install/my_custom_interface/share/my_custom_interface/cmake/export_my_custom_interface__rosidl_generator_pyExport-noconfig.cmake
-- Up-to-date: /home/rag0n/Desktop/project/ros2_ws/install/my_custom_interface/share/my_custom_interface/cmake/rosidl_cmake-extras.cmake
-- Up-to-date: /home/rag0n/Desktop/project/ros2_ws/install/my_custom_interface/share/my_custom_interface/cmake/ament_cmake_export_include_directories-extras.cmake
-- Up-to-date: /home/rag0n/Desktop/project/ros2_ws/install/my_custom_interface/share/my_custom_interface/cmake/ament_cmake_export_libraries-extras.cmake
-- Up-to-date: /home/rag0n/Desktop/project/ros2_ws/install/my_custom_interface/share/my_custom_interface/cmake/ament_cmake_export_targets-extras.cmake
-- Up-to-date: /home/rag0n/Desktop/project/ros2_ws/install/my_custom_interface/share/my_custom_interface/cmake/rosidl_cmake_export_typesupport_targets-extras.cmake
-- Up-to-date: /home/rag0n/Desktop/project/ros2_ws/install/my_custom_interface/share/my_custom_interface/cmake/ament_cmake_export_dependencies-extras.cmake
-- Up-to-date: /home/rag0n/Desktop/project/ros2_ws/install/my_custom_interface/share/my_custom_interface/cmake/rosidl_cmake_export_typesupport_libraries-extras.cmake
-- Up-to-date: /home/rag0n/Desktop/project/ros2_ws/install/my_custom_interface/share/my_custom_interface/cmake/my_custom_interfaceConfig.cmake
-- Up-to-date: /home/rag0n/Desktop/project/ros2_ws/install/my_custom_interface/share/my_custom_interface/cmake/my_custom_interfaceConfig-version.cmake
-- Up-to-date: /home/rag0n/Desktop/project/ros2_ws/install/my_custom_interface/share/my_custom_interface/package.xml
