[0.007s] Invoking command in '/home/rag0n/Desktop/project/ros2_ws/build/my_custom_interface': CMAKE_PREFIX_PATH=${CMAKE_PREFIX_PATH}:/home/rag0n/Desktop/project/ros2_ws/install/tutorial_interfaces:/home/rag0n/Desktop/project/ros2_ws/install/my_py_pkg:/home/rag0n/Desktop/project/ros2_ws/install/my_custom_interfaces:/opt/ros/humble /usr/bin/cmake --build /home/rag0n/Desktop/project/ros2_ws/build/my_custom_interface -- -j8 -l8
[0.033s] [35m[1mConsolidate compiler generated dependencies of target my_custom_interface__rosidl_generator_c[0m
[0.039s] [  2%] Built target my_custom_interface__cpp
[0.040s] [ 12%] Built target my_custom_interface__rosidl_generator_c
[0.047s] [ 12%] Built target ament_cmake_python_copy_my_custom_interface
[0.047s] [35m[1mConsolidate compiler generated dependencies of target my_custom_interface__rosidl_typesupport_cpp[0m
[0.048s] [35m[1mConsolidate compiler generated dependencies of target my_custom_interface__rosidl_typesupport_c[0m
[0.048s] [35m[1mConsolidate compiler generated dependencies of target my_custom_interface__rosidl_typesupport_introspection_cpp[0m
[0.048s] [35m[1mConsolidate compiler generated dependencies of target my_custom_interface__rosidl_typesupport_introspection_c[0m
[0.048s] [35m[1mConsolidate compiler generated dependencies of target my_custom_interface__rosidl_typesupport_fastrtps_cpp[0m
[0.049s] [35m[1mConsolidate compiler generated dependencies of target my_custom_interface__rosidl_typesupport_fastrtps_c[0m
[0.058s] [ 44%] Built target my_custom_interface__rosidl_typesupport_introspection_c
[0.058s] [ 44%] Built target my_custom_interface__rosidl_typesupport_c
[0.059s] [ 44%] Built target my_custom_interface__rosidl_typesupport_cpp
[0.061s] [ 76%] Built target my_custom_interface__rosidl_typesupport_introspection_cpp
[0.061s] [ 76%] Built target my_custom_interface__rosidl_typesupport_fastrtps_cpp
[0.061s] [ 76%] Built target my_custom_interface__rosidl_typesupport_fastrtps_c
[0.074s] [ 76%] Built target my_custom_interface
[0.087s] [ 78%] Built target my_custom_interface__py
[0.095s] [35m[1mConsolidate compiler generated dependencies of target my_custom_interface__rosidl_generator_py[0m
[0.104s] [ 87%] Built target my_custom_interface__rosidl_generator_py
[0.112s] [35m[1mConsolidate compiler generated dependencies of target my_custom_interface__rosidl_typesupport_introspection_c__pyext[0m
[0.113s] [35m[1mConsolidate compiler generated dependencies of target my_custom_interface__rosidl_typesupport_fastrtps_c__pyext[0m
[0.113s] [35m[1mConsolidate compiler generated dependencies of target my_custom_interface__rosidl_typesupport_c__pyext[0m
[0.123s] [100%] Built target my_custom_interface__rosidl_typesupport_introspection_c__pyext
[0.123s] [100%] Built target my_custom_interface__rosidl_typesupport_c__pyext
[0.123s] [100%] Built target my_custom_interface__rosidl_typesupport_fastrtps_c__pyext
[0.209s] running egg_info
[0.210s] writing my_custom_interface.egg-info/PKG-INFO
[0.210s] writing dependency_links to my_custom_interface.egg-info/dependency_links.txt
[0.210s] writing top-level names to my_custom_interface.egg-info/top_level.txt
[0.211s] reading manifest file 'my_custom_interface.egg-info/SOURCES.txt'
[0.212s] writing manifest file 'my_custom_interface.egg-info/SOURCES.txt'
[0.230s] [100%] Built target ament_cmake_python_build_my_custom_interface_egg
[0.237s] Invoked command in '/home/rag0n/Desktop/project/ros2_ws/build/my_custom_interface' returned '0': CMAKE_PREFIX_PATH=${CMAKE_PREFIX_PATH}:/home/rag0n/Desktop/project/ros2_ws/install/tutorial_interfaces:/home/rag0n/Desktop/project/ros2_ws/install/my_py_pkg:/home/rag0n/Desktop/project/ros2_ws/install/my_custom_interfaces:/opt/ros/humble /usr/bin/cmake --build /home/rag0n/Desktop/project/ros2_ws/build/my_custom_interface -- -j8 -l8
[0.297s] Invoking command in '/home/rag0n/Desktop/project/ros2_ws/build/my_custom_interface': CMAKE_PREFIX_PATH=${CMAKE_PREFIX_PATH}:/home/rag0n/Desktop/project/ros2_ws/install/tutorial_interfaces:/home/rag0n/Desktop/project/ros2_ws/install/my_py_pkg:/home/rag0n/Desktop/project/ros2_ws/install/my_custom_interfaces:/opt/ros/humble /usr/bin/cmake --install /home/rag0n/Desktop/project/ros2_ws/build/my_custom_interface
[0.302s] -- Install configuration: ""
[0.303s] -- Up-to-date: /home/rag0n/Desktop/project/ros2_ws/install/my_custom_interface/share/ament_index/resource_index/rosidl_interfaces/my_custom_interface
[0.303s] -- Up-to-date: /home/rag0n/Desktop/project/ros2_ws/install/my_custom_interface/include/my_custom_interface/my_custom_interface
[0.303s] -- Up-to-date: /home/rag0n/Desktop/project/ros2_ws/install/my_custom_interface/include/my_custom_interface/my_custom_interface/srv
[0.303s] -- Up-to-date: /home/rag0n/Desktop/project/ros2_ws/install/my_custom_interface/include/my_custom_interface/my_custom_interface/srv/detail
[0.303s] -- Up-to-date: /home/rag0n/Desktop/project/ros2_ws/install/my_custom_interface/include/my_custom_interface/my_custom_interface/srv/detail/perceptron_service__functions.c
[0.303s] -- Up-to-date: /home/rag0n/Desktop/project/ros2_ws/install/my_custom_interface/include/my_custom_interface/my_custom_interface/srv/detail/perceptron_service__functions.h
[0.303s] -- Up-to-date: /home/rag0n/Desktop/project/ros2_ws/install/my_custom_interface/include/my_custom_interface/my_custom_interface/srv/detail/perceptron_service__struct.h
[0.303s] -- Up-to-date: /home/rag0n/Desktop/project/ros2_ws/install/my_custom_interface/include/my_custom_interface/my_custom_interface/srv/detail/perceptron_service__type_support.h
[0.303s] -- Up-to-date: /home/rag0n/Desktop/project/ros2_ws/install/my_custom_interface/include/my_custom_interface/my_custom_interface/srv/perceptron_service.h
[0.303s] -- Up-to-date: /home/rag0n/Desktop/project/ros2_ws/install/my_custom_interface/include/my_custom_interface/my_custom_interface/msg
[0.303s] -- Up-to-date: /home/rag0n/Desktop/project/ros2_ws/install/my_custom_interface/include/my_custom_interface/my_custom_interface/msg/rosidl_generator_c__visibility_control.h
[0.303s] -- Up-to-date: /home/rag0n/Desktop/project/ros2_ws/install/my_custom_interface/include/my_custom_interface/my_custom_interface/msg/detail
[0.303s] -- Up-to-date: /home/rag0n/Desktop/project/ros2_ws/install/my_custom_interface/include/my_custom_interface/my_custom_interface/msg/detail/loud__functions.h
[0.303s] -- Up-to-date: /home/rag0n/Desktop/project/ros2_ws/install/my_custom_interface/include/my_custom_interface/my_custom_interface/msg/detail/loud__functions.c
[0.303s] -- Up-to-date: /home/rag0n/Desktop/project/ros2_ws/install/my_custom_interface/include/my_custom_interface/my_custom_interface/msg/detail/perception_inputs__functions.h
[0.303s] -- Up-to-date: /home/rag0n/Desktop/project/ros2_ws/install/my_custom_interface/include/my_custom_interface/my_custom_interface/msg/detail/perception_inputs__type_support.h
[0.303s] -- Up-to-date: /home/rag0n/Desktop/project/ros2_ws/install/my_custom_interface/include/my_custom_interface/my_custom_interface/msg/detail/loud__struct.h
[0.303s] -- Up-to-date: /home/rag0n/Desktop/project/ros2_ws/install/my_custom_interface/include/my_custom_interface/my_custom_interface/msg/detail/loud__type_support.h
[0.303s] -- Up-to-date: /home/rag0n/Desktop/project/ros2_ws/install/my_custom_interface/include/my_custom_interface/my_custom_interface/msg/detail/perception_inputs__struct.h
[0.304s] -- Up-to-date: /home/rag0n/Desktop/project/ros2_ws/install/my_custom_interface/include/my_custom_interface/my_custom_interface/msg/detail/perception_inputs__functions.c
[0.304s] -- Up-to-date: /home/rag0n/Desktop/project/ros2_ws/install/my_custom_interface/include/my_custom_interface/my_custom_interface/msg/loud.h
[0.304s] -- Up-to-date: /home/rag0n/Desktop/project/ros2_ws/install/my_custom_interface/include/my_custom_interface/my_custom_interface/msg/perception_inputs.h
[0.304s] -- Up-to-date: /home/rag0n/Desktop/project/ros2_ws/install/my_custom_interface/share/my_custom_interface/environment/library_path.sh
[0.304s] -- Up-to-date: /home/rag0n/Desktop/project/ros2_ws/install/my_custom_interface/share/my_custom_interface/environment/library_path.dsv
[0.304s] -- Up-to-date: /home/rag0n/Desktop/project/ros2_ws/install/my_custom_interface/lib/libmy_custom_interface__rosidl_generator_c.so
[0.304s] -- Up-to-date: /home/rag0n/Desktop/project/ros2_ws/install/my_custom_interface/include/my_custom_interface/my_custom_interface
[0.304s] -- Up-to-date: /home/rag0n/Desktop/project/ros2_ws/install/my_custom_interface/include/my_custom_interface/my_custom_interface/srv
[0.304s] -- Up-to-date: /home/rag0n/Desktop/project/ros2_ws/install/my_custom_interface/include/my_custom_interface/my_custom_interface/srv/detail
[0.304s] -- Up-to-date: /home/rag0n/Desktop/project/ros2_ws/install/my_custom_interface/include/my_custom_interface/my_custom_interface/srv/detail/perceptron_service__rosidl_typesupport_fastrtps_c.h
[0.304s] -- Up-to-date: /home/rag0n/Desktop/project/ros2_ws/install/my_custom_interface/include/my_custom_interface/my_custom_interface/msg
[0.304s] -- Up-to-date: /home/rag0n/Desktop/project/ros2_ws/install/my_custom_interface/include/my_custom_interface/my_custom_interface/msg/rosidl_typesupport_fastrtps_c__visibility_control.h
[0.304s] -- Up-to-date: /home/rag0n/Desktop/project/ros2_ws/install/my_custom_interface/include/my_custom_interface/my_custom_interface/msg/detail
[0.304s] -- Up-to-date: /home/rag0n/Desktop/project/ros2_ws/install/my_custom_interface/include/my_custom_interface/my_custom_interface/msg/detail/perception_inputs__rosidl_typesupport_fastrtps_c.h
[0.304s] -- Up-to-date: /home/rag0n/Desktop/project/ros2_ws/install/my_custom_interface/include/my_custom_interface/my_custom_interface/msg/detail/loud__rosidl_typesupport_fastrtps_c.h
[0.304s] -- Up-to-date: /home/rag0n/Desktop/project/ros2_ws/install/my_custom_interface/lib/libmy_custom_interface__rosidl_typesupport_fastrtps_c.so
[0.304s] -- Up-to-date: /home/rag0n/Desktop/project/ros2_ws/install/my_custom_interface/include/my_custom_interface/my_custom_interface
[0.304s] -- Up-to-date: /home/rag0n/Desktop/project/ros2_ws/install/my_custom_interface/include/my_custom_interface/my_custom_interface/srv
[0.304s] -- Up-to-date: /home/rag0n/Desktop/project/ros2_ws/install/my_custom_interface/include/my_custom_interface/my_custom_interface/srv/perceptron_service.hpp
[0.304s] -- Up-to-date: /home/rag0n/Desktop/project/ros2_ws/install/my_custom_interface/include/my_custom_interface/my_custom_interface/srv/detail
[0.304s] -- Up-to-date: /home/rag0n/Desktop/project/ros2_ws/install/my_custom_interface/include/my_custom_interface/my_custom_interface/srv/detail/perceptron_service__traits.hpp
[0.304s] -- Up-to-date: /home/rag0n/Desktop/project/ros2_ws/install/my_custom_interface/include/my_custom_interface/my_custom_interface/srv/detail/perceptron_service__struct.hpp
[0.305s] -- Up-to-date: /home/rag0n/Desktop/project/ros2_ws/install/my_custom_interface/include/my_custom_interface/my_custom_interface/srv/detail/perceptron_service__builder.hpp
[0.305s] -- Up-to-date: /home/rag0n/Desktop/project/ros2_ws/install/my_custom_interface/include/my_custom_interface/my_custom_interface/msg
[0.305s] -- Up-to-date: /home/rag0n/Desktop/project/ros2_ws/install/my_custom_interface/include/my_custom_interface/my_custom_interface/msg/loud.hpp
[0.305s] -- Up-to-date: /home/rag0n/Desktop/project/ros2_ws/install/my_custom_interface/include/my_custom_interface/my_custom_interface/msg/perception_inputs.hpp
[0.305s] -- Up-to-date: /home/rag0n/Desktop/project/ros2_ws/install/my_custom_interface/include/my_custom_interface/my_custom_interface/msg/detail
[0.305s] -- Up-to-date: /home/rag0n/Desktop/project/ros2_ws/install/my_custom_interface/include/my_custom_interface/my_custom_interface/msg/detail/perception_inputs__builder.hpp
[0.305s] -- Up-to-date: /home/rag0n/Desktop/project/ros2_ws/install/my_custom_interface/include/my_custom_interface/my_custom_interface/msg/detail/loud__struct.hpp
[0.305s] -- Up-to-date: /home/rag0n/Desktop/project/ros2_ws/install/my_custom_interface/include/my_custom_interface/my_custom_interface/msg/detail/perception_inputs__struct.hpp
[0.305s] -- Up-to-date: /home/rag0n/Desktop/project/ros2_ws/install/my_custom_interface/include/my_custom_interface/my_custom_interface/msg/detail/loud__traits.hpp
[0.305s] -- Up-to-date: /home/rag0n/Desktop/project/ros2_ws/install/my_custom_interface/include/my_custom_interface/my_custom_interface/msg/detail/loud__builder.hpp
[0.305s] -- Up-to-date: /home/rag0n/Desktop/project/ros2_ws/install/my_custom_interface/include/my_custom_interface/my_custom_interface/msg/detail/perception_inputs__traits.hpp
[0.305s] -- Up-to-date: /home/rag0n/Desktop/project/ros2_ws/install/my_custom_interface/include/my_custom_interface/my_custom_interface
[0.305s] -- Up-to-date: /home/rag0n/Desktop/project/ros2_ws/install/my_custom_interface/include/my_custom_interface/my_custom_interface/srv
[0.305s] -- Up-to-date: /home/rag0n/Desktop/project/ros2_ws/install/my_custom_interface/include/my_custom_interface/my_custom_interface/srv/detail
[0.305s] -- Up-to-date: /home/rag0n/Desktop/project/ros2_ws/install/my_custom_interface/include/my_custom_interface/my_custom_interface/srv/detail/perceptron_service__rosidl_typesupport_fastrtps_cpp.hpp
[0.305s] -- Up-to-date: /home/rag0n/Desktop/project/ros2_ws/install/my_custom_interface/include/my_custom_interface/my_custom_interface/srv/detail/dds_fastrtps
[0.305s] -- Up-to-date: /home/rag0n/Desktop/project/ros2_ws/install/my_custom_interface/include/my_custom_interface/my_custom_interface/msg
[0.305s] -- Up-to-date: /home/rag0n/Desktop/project/ros2_ws/install/my_custom_interface/include/my_custom_interface/my_custom_interface/msg/rosidl_typesupport_fastrtps_cpp__visibility_control.h
[0.305s] -- Up-to-date: /home/rag0n/Desktop/project/ros2_ws/install/my_custom_interface/include/my_custom_interface/my_custom_interface/msg/detail
[0.305s] -- Up-to-date: /home/rag0n/Desktop/project/ros2_ws/install/my_custom_interface/include/my_custom_interface/my_custom_interface/msg/detail/dds_fastrtps
[0.305s] -- Up-to-date: /home/rag0n/Desktop/project/ros2_ws/install/my_custom_interface/include/my_custom_interface/my_custom_interface/msg/detail/loud__rosidl_typesupport_fastrtps_cpp.hpp
[0.306s] -- Up-to-date: /home/rag0n/Desktop/project/ros2_ws/install/my_custom_interface/include/my_custom_interface/my_custom_interface/msg/detail/perception_inputs__rosidl_typesupport_fastrtps_cpp.hpp
[0.306s] -- Up-to-date: /home/rag0n/Desktop/project/ros2_ws/install/my_custom_interface/lib/libmy_custom_interface__rosidl_typesupport_fastrtps_cpp.so
[0.306s] -- Up-to-date: /home/rag0n/Desktop/project/ros2_ws/install/my_custom_interface/include/my_custom_interface/my_custom_interface
[0.306s] -- Up-to-date: /home/rag0n/Desktop/project/ros2_ws/install/my_custom_interface/include/my_custom_interface/my_custom_interface/srv
[0.306s] -- Up-to-date: /home/rag0n/Desktop/project/ros2_ws/install/my_custom_interface/include/my_custom_interface/my_custom_interface/srv/detail
[0.306s] -- Up-to-date: /home/rag0n/Desktop/project/ros2_ws/install/my_custom_interface/include/my_custom_interface/my_custom_interface/srv/detail/perceptron_service__type_support.c
[0.306s] -- Up-to-date: /home/rag0n/Desktop/project/ros2_ws/install/my_custom_interface/include/my_custom_interface/my_custom_interface/srv/detail/perceptron_service__rosidl_typesupport_introspection_c.h
[0.306s] -- Up-to-date: /home/rag0n/Desktop/project/ros2_ws/install/my_custom_interface/include/my_custom_interface/my_custom_interface/msg
[0.306s] -- Up-to-date: /home/rag0n/Desktop/project/ros2_ws/install/my_custom_interface/include/my_custom_interface/my_custom_interface/msg/detail
[0.306s] -- Up-to-date: /home/rag0n/Desktop/project/ros2_ws/install/my_custom_interface/include/my_custom_interface/my_custom_interface/msg/detail/perception_inputs__type_support.c
[0.306s] -- Up-to-date: /home/rag0n/Desktop/project/ros2_ws/install/my_custom_interface/include/my_custom_interface/my_custom_interface/msg/detail/perception_inputs__rosidl_typesupport_introspection_c.h
[0.306s] -- Up-to-date: /home/rag0n/Desktop/project/ros2_ws/install/my_custom_interface/include/my_custom_interface/my_custom_interface/msg/detail/loud__type_support.c
[0.306s] -- Up-to-date: /home/rag0n/Desktop/project/ros2_ws/install/my_custom_interface/include/my_custom_interface/my_custom_interface/msg/detail/loud__rosidl_typesupport_introspection_c.h
[0.306s] -- Up-to-date: /home/rag0n/Desktop/project/ros2_ws/install/my_custom_interface/include/my_custom_interface/my_custom_interface/msg/rosidl_typesupport_introspection_c__visibility_control.h
[0.306s] -- Up-to-date: /home/rag0n/Desktop/project/ros2_ws/install/my_custom_interface/lib/libmy_custom_interface__rosidl_typesupport_introspection_c.so
[0.307s] -- Up-to-date: /home/rag0n/Desktop/project/ros2_ws/install/my_custom_interface/lib/libmy_custom_interface__rosidl_typesupport_c.so
[0.307s] -- Up-to-date: /home/rag0n/Desktop/project/ros2_ws/install/my_custom_interface/include/my_custom_interface/my_custom_interface
[0.307s] -- Up-to-date: /home/rag0n/Desktop/project/ros2_ws/install/my_custom_interface/include/my_custom_interface/my_custom_interface/srv
[0.307s] -- Up-to-date: /home/rag0n/Desktop/project/ros2_ws/install/my_custom_interface/include/my_custom_interface/my_custom_interface/srv/detail
[0.307s] -- Up-to-date: /home/rag0n/Desktop/project/ros2_ws/install/my_custom_interface/include/my_custom_interface/my_custom_interface/srv/detail/perceptron_service__rosidl_typesupport_introspection_cpp.hpp
[0.307s] -- Up-to-date: /home/rag0n/Desktop/project/ros2_ws/install/my_custom_interface/include/my_custom_interface/my_custom_interface/srv/detail/perceptron_service__type_support.cpp
[0.307s] -- Up-to-date: /home/rag0n/Desktop/project/ros2_ws/install/my_custom_interface/include/my_custom_interface/my_custom_interface/msg
[0.307s] -- Up-to-date: /home/rag0n/Desktop/project/ros2_ws/install/my_custom_interface/include/my_custom_interface/my_custom_interface/msg/detail
[0.307s] -- Up-to-date: /home/rag0n/Desktop/project/ros2_ws/install/my_custom_interface/include/my_custom_interface/my_custom_interface/msg/detail/loud__rosidl_typesupport_introspection_cpp.hpp
[0.307s] -- Up-to-date: /home/rag0n/Desktop/project/ros2_ws/install/my_custom_interface/include/my_custom_interface/my_custom_interface/msg/detail/perception_inputs__rosidl_typesupport_introspection_cpp.hpp
[0.307s] -- Up-to-date: /home/rag0n/Desktop/project/ros2_ws/install/my_custom_interface/include/my_custom_interface/my_custom_interface/msg/detail/perception_inputs__type_support.cpp
[0.307s] -- Up-to-date: /home/rag0n/Desktop/project/ros2_ws/install/my_custom_interface/include/my_custom_interface/my_custom_interface/msg/detail/loud__type_support.cpp
[0.307s] -- Up-to-date: /home/rag0n/Desktop/project/ros2_ws/install/my_custom_interface/lib/libmy_custom_interface__rosidl_typesupport_introspection_cpp.so
[0.307s] -- Up-to-date: /home/rag0n/Desktop/project/ros2_ws/install/my_custom_interface/lib/libmy_custom_interface__rosidl_typesupport_cpp.so
[0.307s] -- Up-to-date: /home/rag0n/Desktop/project/ros2_ws/install/my_custom_interface/share/my_custom_interface/environment/pythonpath.sh
[0.307s] -- Up-to-date: /home/rag0n/Desktop/project/ros2_ws/install/my_custom_interface/share/my_custom_interface/environment/pythonpath.dsv
[0.307s] -- Up-to-date: /home/rag0n/Desktop/project/ros2_ws/install/my_custom_interface/local/lib/python3.10/dist-packages/my_custom_interface-0.0.0-py3.10.egg-info
[0.308s] -- Installing: /home/rag0n/Desktop/project/ros2_ws/install/my_custom_interface/local/lib/python3.10/dist-packages/my_custom_interface-0.0.0-py3.10.egg-info/PKG-INFO
[0.308s] -- Installing: /home/rag0n/Desktop/project/ros2_ws/install/my_custom_interface/local/lib/python3.10/dist-packages/my_custom_interface-0.0.0-py3.10.egg-info/dependency_links.txt
[0.308s] -- Installing: /home/rag0n/Desktop/project/ros2_ws/install/my_custom_interface/local/lib/python3.10/dist-packages/my_custom_interface-0.0.0-py3.10.egg-info/top_level.txt
[0.308s] -- Installing: /home/rag0n/Desktop/project/ros2_ws/install/my_custom_interface/local/lib/python3.10/dist-packages/my_custom_interface-0.0.0-py3.10.egg-info/SOURCES.txt
[0.308s] -- Up-to-date: /home/rag0n/Desktop/project/ros2_ws/install/my_custom_interface/local/lib/python3.10/dist-packages/my_custom_interface
[0.308s] -- Up-to-date: /home/rag0n/Desktop/project/ros2_ws/install/my_custom_interface/local/lib/python3.10/dist-packages/my_custom_interface/my_custom_interface_s__rosidl_typesupport_fastrtps_c.cpython-310-x86_64-linux-gnu.so
[0.308s] -- Up-to-date: /home/rag0n/Desktop/project/ros2_ws/install/my_custom_interface/local/lib/python3.10/dist-packages/my_custom_interface/srv
[0.308s] -- Up-to-date: /home/rag0n/Desktop/project/ros2_ws/install/my_custom_interface/local/lib/python3.10/dist-packages/my_custom_interface/srv/_perceptron_service.py
[0.308s] -- Up-to-date: /home/rag0n/Desktop/project/ros2_ws/install/my_custom_interface/local/lib/python3.10/dist-packages/my_custom_interface/srv/_perceptron_service_s.c
[0.308s] -- Up-to-date: /home/rag0n/Desktop/project/ros2_ws/install/my_custom_interface/local/lib/python3.10/dist-packages/my_custom_interface/srv/__init__.py
[0.308s] -- Up-to-date: /home/rag0n/Desktop/project/ros2_ws/install/my_custom_interface/local/lib/python3.10/dist-packages/my_custom_interface/libmy_custom_interface__rosidl_generator_py.so
[0.308s] -- Up-to-date: /home/rag0n/Desktop/project/ros2_ws/install/my_custom_interface/local/lib/python3.10/dist-packages/my_custom_interface/my_custom_interface_s__rosidl_typesupport_c.cpython-310-x86_64-linux-gnu.so
[0.308s] -- Up-to-date: /home/rag0n/Desktop/project/ros2_ws/install/my_custom_interface/local/lib/python3.10/dist-packages/my_custom_interface/_my_custom_interface_s.ep.rosidl_typesupport_introspection_c.c
[0.308s] -- Up-to-date: /home/rag0n/Desktop/project/ros2_ws/install/my_custom_interface/local/lib/python3.10/dist-packages/my_custom_interface/msg
[0.308s] -- Up-to-date: /home/rag0n/Desktop/project/ros2_ws/install/my_custom_interface/local/lib/python3.10/dist-packages/my_custom_interface/msg/_loud_s.c
[0.308s] -- Up-to-date: /home/rag0n/Desktop/project/ros2_ws/install/my_custom_interface/local/lib/python3.10/dist-packages/my_custom_interface/msg/_perception_inputs.py
[0.309s] -- Up-to-date: /home/rag0n/Desktop/project/ros2_ws/install/my_custom_interface/local/lib/python3.10/dist-packages/my_custom_interface/msg/_loud.py
[0.309s] -- Up-to-date: /home/rag0n/Desktop/project/ros2_ws/install/my_custom_interface/local/lib/python3.10/dist-packages/my_custom_interface/msg/_perception_inputs_s.c
[0.309s] -- Up-to-date: /home/rag0n/Desktop/project/ros2_ws/install/my_custom_interface/local/lib/python3.10/dist-packages/my_custom_interface/msg/__init__.py
[0.309s] -- Up-to-date: /home/rag0n/Desktop/project/ros2_ws/install/my_custom_interface/local/lib/python3.10/dist-packages/my_custom_interface/__init__.py
[0.309s] -- Up-to-date: /home/rag0n/Desktop/project/ros2_ws/install/my_custom_interface/local/lib/python3.10/dist-packages/my_custom_interface/my_custom_interface_s__rosidl_typesupport_introspection_c.cpython-310-x86_64-linux-gnu.so
[0.309s] -- Up-to-date: /home/rag0n/Desktop/project/ros2_ws/install/my_custom_interface/local/lib/python3.10/dist-packages/my_custom_interface/_my_custom_interface_s.ep.rosidl_typesupport_fastrtps_c.c
[0.309s] -- Up-to-date: /home/rag0n/Desktop/project/ros2_ws/install/my_custom_interface/local/lib/python3.10/dist-packages/my_custom_interface/_my_custom_interface_s.ep.rosidl_typesupport_c.c
[0.329s] Listing '/home/rag0n/Desktop/project/ros2_ws/install/my_custom_interface/local/lib/python3.10/dist-packages/my_custom_interface'...
[0.329s] Listing '/home/rag0n/Desktop/project/ros2_ws/install/my_custom_interface/local/lib/python3.10/dist-packages/my_custom_interface/msg'...
[0.330s] Listing '/home/rag0n/Desktop/project/ros2_ws/install/my_custom_interface/local/lib/python3.10/dist-packages/my_custom_interface/srv'...
[0.332s] -- Up-to-date: /home/rag0n/Desktop/project/ros2_ws/install/my_custom_interface/local/lib/python3.10/dist-packages/my_custom_interface/my_custom_interface_s__rosidl_typesupport_fastrtps_c.cpython-310-x86_64-linux-gnu.so
[0.333s] -- Up-to-date: /home/rag0n/Desktop/project/ros2_ws/install/my_custom_interface/local/lib/python3.10/dist-packages/my_custom_interface/my_custom_interface_s__rosidl_typesupport_introspection_c.cpython-310-x86_64-linux-gnu.so
[0.333s] -- Up-to-date: /home/rag0n/Desktop/project/ros2_ws/install/my_custom_interface/local/lib/python3.10/dist-packages/my_custom_interface/my_custom_interface_s__rosidl_typesupport_c.cpython-310-x86_64-linux-gnu.so
[0.333s] -- Up-to-date: /home/rag0n/Desktop/project/ros2_ws/install/my_custom_interface/lib/libmy_custom_interface__rosidl_generator_py.so
[0.333s] -- Up-to-date: /home/rag0n/Desktop/project/ros2_ws/install/my_custom_interface/share/my_custom_interface/msg/PerceptionInputs.idl
[0.333s] -- Up-to-date: /home/rag0n/Desktop/project/ros2_ws/install/my_custom_interface/share/my_custom_interface/msg/Loud.idl
[0.333s] -- Up-to-date: /home/rag0n/Desktop/project/ros2_ws/install/my_custom_interface/share/my_custom_interface/srv/PerceptronService.idl
[0.333s] -- Up-to-date: /home/rag0n/Desktop/project/ros2_ws/install/my_custom_interface/share/my_custom_interface/msg/PerceptionInputs.msg
[0.333s] -- Up-to-date: /home/rag0n/Desktop/project/ros2_ws/install/my_custom_interface/share/my_custom_interface/msg/Loud.msg
[0.333s] -- Up-to-date: /home/rag0n/Desktop/project/ros2_ws/install/my_custom_interface/share/my_custom_interface/srv/PerceptronService.srv
[0.333s] -- Up-to-date: /home/rag0n/Desktop/project/ros2_ws/install/my_custom_interface/share/my_custom_interface/srv/PerceptronService_Request.msg
[0.333s] -- Up-to-date: /home/rag0n/Desktop/project/ros2_ws/install/my_custom_interface/share/my_custom_interface/srv/PerceptronService_Response.msg
[0.333s] -- Up-to-date: /home/rag0n/Desktop/project/ros2_ws/install/my_custom_interface/share/ament_index/resource_index/package_run_dependencies/my_custom_interface
[0.333s] -- Up-to-date: /home/rag0n/Desktop/project/ros2_ws/install/my_custom_interface/share/ament_index/resource_index/parent_prefix_path/my_custom_interface
[0.333s] -- Up-to-date: /home/rag0n/Desktop/project/ros2_ws/install/my_custom_interface/share/my_custom_interface/environment/ament_prefix_path.sh
[0.334s] -- Up-to-date: /home/rag0n/Desktop/project/ros2_ws/install/my_custom_interface/share/my_custom_interface/environment/ament_prefix_path.dsv
[0.334s] -- Up-to-date: /home/rag0n/Desktop/project/ros2_ws/install/my_custom_interface/share/my_custom_interface/environment/path.sh
[0.334s] -- Up-to-date: /home/rag0n/Desktop/project/ros2_ws/install/my_custom_interface/share/my_custom_interface/environment/path.dsv
[0.334s] -- Up-to-date: /home/rag0n/Desktop/project/ros2_ws/install/my_custom_interface/share/my_custom_interface/local_setup.bash
[0.334s] -- Up-to-date: /home/rag0n/Desktop/project/ros2_ws/install/my_custom_interface/share/my_custom_interface/local_setup.sh
[0.334s] -- Up-to-date: /home/rag0n/Desktop/project/ros2_ws/install/my_custom_interface/share/my_custom_interface/local_setup.zsh
[0.334s] -- Up-to-date: /home/rag0n/Desktop/project/ros2_ws/install/my_custom_interface/share/my_custom_interface/local_setup.dsv
[0.334s] -- Installing: /home/rag0n/Desktop/project/ros2_ws/install/my_custom_interface/share/my_custom_interface/package.dsv
[0.334s] -- Up-to-date: /home/rag0n/Desktop/project/ros2_ws/install/my_custom_interface/share/ament_index/resource_index/packages/my_custom_interface
[0.334s] -- Up-to-date: /home/rag0n/Desktop/project/ros2_ws/install/my_custom_interface/share/my_custom_interface/cmake/export_my_custom_interface__rosidl_generator_cExport.cmake
[0.334s] -- Up-to-date: /home/rag0n/Desktop/project/ros2_ws/install/my_custom_interface/share/my_custom_interface/cmake/export_my_custom_interface__rosidl_generator_cExport-noconfig.cmake
[0.334s] -- Up-to-date: /home/rag0n/Desktop/project/ros2_ws/install/my_custom_interface/share/my_custom_interface/cmake/export_my_custom_interface__rosidl_typesupport_fastrtps_cExport.cmake
[0.334s] -- Up-to-date: /home/rag0n/Desktop/project/ros2_ws/install/my_custom_interface/share/my_custom_interface/cmake/export_my_custom_interface__rosidl_typesupport_fastrtps_cExport-noconfig.cmake
[0.334s] -- Up-to-date: /home/rag0n/Desktop/project/ros2_ws/install/my_custom_interface/share/my_custom_interface/cmake/export_my_custom_interface__rosidl_generator_cppExport.cmake
[0.334s] -- Up-to-date: /home/rag0n/Desktop/project/ros2_ws/install/my_custom_interface/share/my_custom_interface/cmake/export_my_custom_interface__rosidl_typesupport_fastrtps_cppExport.cmake
[0.334s] -- Up-to-date: /home/rag0n/Desktop/project/ros2_ws/install/my_custom_interface/share/my_custom_interface/cmake/export_my_custom_interface__rosidl_typesupport_fastrtps_cppExport-noconfig.cmake
[0.334s] -- Up-to-date: /home/rag0n/Desktop/project/ros2_ws/install/my_custom_interface/share/my_custom_interface/cmake/my_custom_interface__rosidl_typesupport_introspection_cExport.cmake
[0.334s] -- Up-to-date: /home/rag0n/Desktop/project/ros2_ws/install/my_custom_interface/share/my_custom_interface/cmake/my_custom_interface__rosidl_typesupport_introspection_cExport-noconfig.cmake
[0.334s] -- Up-to-date: /home/rag0n/Desktop/project/ros2_ws/install/my_custom_interface/share/my_custom_interface/cmake/my_custom_interface__rosidl_typesupport_cExport.cmake
[0.334s] -- Up-to-date: /home/rag0n/Desktop/project/ros2_ws/install/my_custom_interface/share/my_custom_interface/cmake/my_custom_interface__rosidl_typesupport_cExport-noconfig.cmake
[0.334s] -- Up-to-date: /home/rag0n/Desktop/project/ros2_ws/install/my_custom_interface/share/my_custom_interface/cmake/my_custom_interface__rosidl_typesupport_introspection_cppExport.cmake
[0.334s] -- Up-to-date: /home/rag0n/Desktop/project/ros2_ws/install/my_custom_interface/share/my_custom_interface/cmake/my_custom_interface__rosidl_typesupport_introspection_cppExport-noconfig.cmake
[0.334s] -- Up-to-date: /home/rag0n/Desktop/project/ros2_ws/install/my_custom_interface/share/my_custom_interface/cmake/my_custom_interface__rosidl_typesupport_cppExport.cmake
[0.334s] -- Up-to-date: /home/rag0n/Desktop/project/ros2_ws/install/my_custom_interface/share/my_custom_interface/cmake/my_custom_interface__rosidl_typesupport_cppExport-noconfig.cmake
[0.334s] -- Up-to-date: /home/rag0n/Desktop/project/ros2_ws/install/my_custom_interface/share/my_custom_interface/cmake/export_my_custom_interface__rosidl_generator_pyExport.cmake
[0.335s] -- Up-to-date: /home/rag0n/Desktop/project/ros2_ws/install/my_custom_interface/share/my_custom_interface/cmake/export_my_custom_interface__rosidl_generator_pyExport-noconfig.cmake
[0.335s] -- Up-to-date: /home/rag0n/Desktop/project/ros2_ws/install/my_custom_interface/share/my_custom_interface/cmake/rosidl_cmake-extras.cmake
[0.335s] -- Up-to-date: /home/rag0n/Desktop/project/ros2_ws/install/my_custom_interface/share/my_custom_interface/cmake/ament_cmake_export_include_directories-extras.cmake
[0.335s] -- Up-to-date: /home/rag0n/Desktop/project/ros2_ws/install/my_custom_interface/share/my_custom_interface/cmake/ament_cmake_export_libraries-extras.cmake
[0.335s] -- Up-to-date: /home/rag0n/Desktop/project/ros2_ws/install/my_custom_interface/share/my_custom_interface/cmake/ament_cmake_export_targets-extras.cmake
[0.335s] -- Up-to-date: /home/rag0n/Desktop/project/ros2_ws/install/my_custom_interface/share/my_custom_interface/cmake/rosidl_cmake_export_typesupport_targets-extras.cmake
[0.335s] -- Up-to-date: /home/rag0n/Desktop/project/ros2_ws/install/my_custom_interface/share/my_custom_interface/cmake/ament_cmake_export_dependencies-extras.cmake
[0.335s] -- Up-to-date: /home/rag0n/Desktop/project/ros2_ws/install/my_custom_interface/share/my_custom_interface/cmake/rosidl_cmake_export_typesupport_libraries-extras.cmake
[0.335s] -- Up-to-date: /home/rag0n/Desktop/project/ros2_ws/install/my_custom_interface/share/my_custom_interface/cmake/my_custom_interfaceConfig.cmake
[0.335s] -- Up-to-date: /home/rag0n/Desktop/project/ros2_ws/install/my_custom_interface/share/my_custom_interface/cmake/my_custom_interfaceConfig-version.cmake
[0.335s] -- Up-to-date: /home/rag0n/Desktop/project/ros2_ws/install/my_custom_interface/share/my_custom_interface/package.xml
[0.336s] Invoked command in '/home/rag0n/Desktop/project/ros2_ws/build/my_custom_interface' returned '0': CMAKE_PREFIX_PATH=${CMAKE_PREFIX_PATH}:/home/rag0n/Desktop/project/ros2_ws/install/tutorial_interfaces:/home/rag0n/Desktop/project/ros2_ws/install/my_py_pkg:/home/rag0n/Desktop/project/ros2_ws/install/my_custom_interfaces:/opt/ros/humble /usr/bin/cmake --install /home/rag0n/Desktop/project/ros2_ws/build/my_custom_interface
