running egg_info
creating ../../build/my_custom_interfaces/my_custom_interfaces.egg-info
writing ../../build/my_custom_interfaces/my_custom_interfaces.egg-info/PKG-INFO
writing dependency_links to ../../build/my_custom_interfaces/my_custom_interfaces.egg-info/dependency_links.txt
writing entry points to ../../build/my_custom_interfaces/my_custom_interfaces.egg-info/entry_points.txt
writing requirements to ../../build/my_custom_interfaces/my_custom_interfaces.egg-info/requires.txt
writing top-level names to ../../build/my_custom_interfaces/my_custom_interfaces.egg-info/top_level.txt
writing manifest file '../../build/my_custom_interfaces/my_custom_interfaces.egg-info/SOURCES.txt'
reading manifest file '../../build/my_custom_interfaces/my_custom_interfaces.egg-info/SOURCES.txt'
writing manifest file '../../build/my_custom_interfaces/my_custom_interfaces.egg-info/SOURCES.txt'
running build
running build_py
creating /home/rag0n/Desktop/project/ros2_ws/build/my_custom_interfaces/build
creating /home/rag0n/Desktop/project/ros2_ws/build/my_custom_interfaces/build/lib
creating /home/rag0n/Desktop/project/ros2_ws/build/my_custom_interfaces/build/lib/my_custom_interfaces
copying my_custom_interfaces/publisher.py -> /home/rag0n/Desktop/project/ros2_ws/build/my_custom_interfaces/build/lib/my_custom_interfaces
copying my_custom_interfaces/__init__.py -> /home/rag0n/Desktop/project/ros2_ws/build/my_custom_interfaces/build/lib/my_custom_interfaces
running install
running install_lib
creating /home/rag0n/Desktop/project/ros2_ws/install/my_custom_interfaces/lib/python3.10/site-packages/my_custom_interfaces
copying /home/rag0n/Desktop/project/ros2_ws/build/my_custom_interfaces/build/lib/my_custom_interfaces/publisher.py -> /home/rag0n/Desktop/project/ros2_ws/install/my_custom_interfaces/lib/python3.10/site-packages/my_custom_interfaces
copying /home/rag0n/Desktop/project/ros2_ws/build/my_custom_interfaces/build/lib/my_custom_interfaces/__init__.py -> /home/rag0n/Desktop/project/ros2_ws/install/my_custom_interfaces/lib/python3.10/site-packages/my_custom_interfaces
byte-compiling /home/rag0n/Desktop/project/ros2_ws/install/my_custom_interfaces/lib/python3.10/site-packages/my_custom_interfaces/publisher.py to publisher.cpython-310.pyc
byte-compiling /home/rag0n/Desktop/project/ros2_ws/install/my_custom_interfaces/lib/python3.10/site-packages/my_custom_interfaces/__init__.py to __init__.cpython-310.pyc
running install_data
creating /home/rag0n/Desktop/project/ros2_ws/install/my_custom_interfaces/share/ament_index
creating /home/rag0n/Desktop/project/ros2_ws/install/my_custom_interfaces/share/ament_index/resource_index
creating /home/rag0n/Desktop/project/ros2_ws/install/my_custom_interfaces/share/ament_index/resource_index/packages
copying resource/my_custom_interfaces -> /home/rag0n/Desktop/project/ros2_ws/install/my_custom_interfaces/share/ament_index/resource_index/packages
copying package.xml -> /home/rag0n/Desktop/project/ros2_ws/install/my_custom_interfaces/share/my_custom_interfaces
creating /home/rag0n/Desktop/project/ros2_ws/install/my_custom_interfaces/share/my_custom_interfaces/msg
copying msg/Perception.msg -> /home/rag0n/Desktop/project/ros2_ws/install/my_custom_interfaces/share/my_custom_interfaces/msg
running install_egg_info
Copying ../../build/my_custom_interfaces/my_custom_interfaces.egg-info to /home/rag0n/Desktop/project/ros2_ws/install/my_custom_interfaces/lib/python3.10/site-packages/my_custom_interfaces-0.0.0-py3.10.egg-info
running install_scripts
Installing pub_node script to /home/rag0n/Desktop/project/ros2_ws/install/my_custom_interfaces/lib/my_custom_interfaces
writing list of installed files to '/home/rag0n/Desktop/project/ros2_ws/build/my_custom_interfaces/install.log'
