[0.010s] Invoking command in '/home/rag0n/Desktop/project/ros2_ws/build/my_custom_interface': CMAKE_PREFIX_PATH=${CMAKE_PREFIX_PATH}:/home/rag0n/Desktop/project/ros2_ws/install/tutorial_interfaces:/home/rag0n/Desktop/project/ros2_ws/install/my_py_pkg:/home/rag0n/Desktop/project/ros2_ws/install/my_custom_interfaces:/opt/ros/humble /usr/bin/cmake --build /home/rag0n/Desktop/project/ros2_ws/build/my_custom_interface -- -j8 -l8
[0.028s] -- Found ament_cmake: 1.3.10 (/opt/ros/humble/share/ament_cmake/cmake)
[0.111s] -- Found geometry_msgs: 4.2.4 (/opt/ros/humble/share/geometry_msgs/cmake)
[0.127s] -- Found rosidl_generator_c: 3.1.5 (/opt/ros/humble/share/rosidl_generator_c/cmake)
[0.129s] -- Found rosidl_adapter: 3.1.5 (/opt/ros/humble/share/rosidl_adapter/cmake)
[0.133s] -- Found rosidl_generator_cpp: 3.1.5 (/opt/ros/humble/share/rosidl_generator_cpp/cmake)
[0.138s] -- Using all available rosidl_typesupport_c: rosidl_typesupport_fastrtps_c;rosidl_typesupport_introspection_c
[0.145s] -- Using all available rosidl_typesupport_cpp: rosidl_typesupport_fastrtps_cpp;rosidl_typesupport_introspection_cpp
[0.168s] -- Found rosidl_default_generators: 1.2.0 (/opt/ros/humble/share/rosidl_default_generators/cmake)
[0.287s] [31mCMake Error at /opt/ros/humble/share/rosidl_adapter/cmake/rosidl_adapt_interfaces.cmake:59 (message):
[0.287s]   execute_process(/usr/bin/python3 -m rosidl_adapter --package-name
[0.287s]   my_custom_interface --arguments-file
[0.287s]   /home/rag0n/Desktop/project/ros2_ws/build/my_custom_interface/rosidl_adapter__arguments__my_custom_interface.json
[0.287s]   --output-dir
[0.288s]   /home/rag0n/Desktop/project/ros2_ws/build/my_custom_interface/rosidl_adapter/my_custom_interface
[0.288s]   --output-file
[0.288s]   /home/rag0n/Desktop/project/ros2_ws/build/my_custom_interface/rosidl_adapter/my_custom_interface.idls)
[0.288s]   returned error code 1:
[0.288s] 
[0.288s]   Traceback (most recent call last):
[0.288s] 
[0.288s]     File "/usr/lib/python3.10/runpy.py", line 196, in _run_module_as_main
[0.288s]       return _run_code(code, main_globals, None,
[0.288s]     File "/usr/lib/python3.10/runpy.py", line 86, in _run_code
[0.288s]       exec(code, run_globals)
[0.288s]     File "/opt/ros/humble/local/lib/python3.10/dist-packages/rosidl_adapter/__main__.py", line 19, in <module>
[0.288s]       sys.exit(main())
[0.288s]     File "/opt/ros/humble/local/lib/python3.10/dist-packages/rosidl_adapter/main.py", line 53, in main
[0.288s]       abs_idl_file = convert_to_idl(
[0.288s]     File "/opt/ros/humble/local/lib/python3.10/dist-packages/rosidl_adapter/__init__.py", line 24, in convert_to_idl
[0.288s]       return convert_srv_to_idl(
[0.288s]     File "/opt/ros/humble/local/lib/python3.10/dist-packages/rosidl_adapter/srv/__init__.py", line 28, in convert_srv_to_idl
[0.288s]       srv = parse_service_string(package_name, input_file.stem, content)
[0.289s]     File "/opt/ros/humble/local/lib/python3.10/dist-packages/rosidl_adapter/parser.py", line 850, in parse_service_string
[0.289s]       raise InvalidServiceSpecification(
[0.289s] 
[0.289s]   rosidl_adapter.parser.InvalidServiceSpecification: Could not find separator
[0.289s]   '---' between request and response
[0.289s] 
[0.289s] Call Stack (most recent call first):
[0.289s]   /opt/ros/humble/share/rosidl_cmake/cmake/rosidl_generate_interfaces.cmake:130 (rosidl_adapt_interfaces)
[0.289s]   CMakeLists.txt:17 (rosidl_generate_interfaces)
[0.289s] 
[0.289s] [0m
[0.289s] -- Configuring incomplete, errors occurred!
[0.289s] See also "/home/rag0n/Desktop/project/ros2_ws/build/my_custom_interface/CMakeFiles/CMakeOutput.log".
[0.292s] gmake: *** [Makefile:963: cmake_check_build_system] Error 1
[0.293s] Invoked command in '/home/rag0n/Desktop/project/ros2_ws/build/my_custom_interface' returned '2': CMAKE_PREFIX_PATH=${CMAKE_PREFIX_PATH}:/home/rag0n/Desktop/project/ros2_ws/install/tutorial_interfaces:/home/rag0n/Desktop/project/ros2_ws/install/my_py_pkg:/home/rag0n/Desktop/project/ros2_ws/install/my_custom_interfaces:/opt/ros/humble /usr/bin/cmake --build /home/rag0n/Desktop/project/ros2_ws/build/my_custom_interface -- -j8 -l8
