[0.076s] DEBUG:colcon:Command line arguments: ['/home/rag0n/.local/bin/colcon', 'build']
[0.076s] DEBUG:colcon:Parsed command line arguments: Namespace(log_base=None, log_level=None, verb_name='build', build_base='build', install_base='install', merge_install=False, symlink_install=False, test_result_base=None, continue_on_error=False, executor='parallel', parallel_workers=8, event_handlers=None, ignore_user_meta=False, metas=['./colcon.meta'], base_paths=['.'], packages_ignore=None, packages_ignore_regex=None, paths=None, packages_up_to=None, packages_up_to_regex=None, packages_above=None, packages_above_and_dependencies=None, packages_above_depth=None, packages_select_by_dep=None, packages_skip_by_dep=None, packages_skip_up_to=None, packages_select_build_failed=False, packages_skip_build_finished=False, packages_select_test_failures=False, packages_skip_test_passed=False, packages_select=None, packages_skip=None, packages_select_regex=None, packages_skip_regex=None, packages_start=None, packages_end=None, cmake_args=None, cmake_target=None, cmake_target_skip_unavailable=False, cmake_clean_cache=False, cmake_clean_first=False, cmake_force_configure=False, ament_cmake_args=None, catkin_cmake_args=None, catkin_skip_building_tests=False, verb_parser=<colcon_defaults.argument_parser.defaults.DefaultArgumentsDecorator object at 0x704f329aa1a0>, verb_extension=<colcon_core.verb.build.BuildVerb object at 0x704f329a9cc0>, main=<bound method BuildVerb.main of <colcon_core.verb.build.BuildVerb object at 0x704f329a9cc0>>)
[0.171s] Level 1:colcon.colcon_core.package_discovery:discover_packages(colcon_meta) check parameters
[0.172s] Level 1:colcon.colcon_core.package_discovery:discover_packages(recursive) check parameters
[0.172s] Level 1:colcon.colcon_core.package_discovery:discover_packages(ignore) check parameters
[0.172s] Level 1:colcon.colcon_core.package_discovery:discover_packages(path) check parameters
[0.172s] Level 1:colcon.colcon_core.package_discovery:discover_packages(colcon_meta) discover
[0.172s] Level 1:colcon.colcon_core.package_discovery:discover_packages(recursive) discover
[0.172s] INFO:colcon.colcon_core.package_discovery:Crawling recursively for packages in '/home/rag0n/Desktop/project/ros2_ws'
[0.172s] Level 1:colcon.colcon_core.package_identification:_identify(.) by extensions ['ignore', 'ignore_ament_install']
[0.172s] Level 1:colcon.colcon_core.package_identification:_identify(.) by extension 'ignore'
[0.172s] Level 1:colcon.colcon_core.package_identification:_identify(.) by extension 'ignore_ament_install'
[0.172s] Level 1:colcon.colcon_core.package_identification:_identify(.) by extensions ['colcon_pkg']
[0.172s] Level 1:colcon.colcon_core.package_identification:_identify(.) by extension 'colcon_pkg'
[0.172s] Level 1:colcon.colcon_core.package_identification:_identify(.) by extensions ['colcon_meta']
[0.172s] Level 1:colcon.colcon_core.package_identification:_identify(.) by extension 'colcon_meta'
[0.172s] Level 1:colcon.colcon_core.package_identification:_identify(.) by extensions ['ros']
[0.172s] Level 1:colcon.colcon_core.package_identification:_identify(.) by extension 'ros'
[0.178s] Level 1:colcon.colcon_core.package_identification:_identify(.) by extensions ['cmake', 'python']
[0.178s] Level 1:colcon.colcon_core.package_identification:_identify(.) by extension 'cmake'
[0.179s] Level 1:colcon.colcon_core.package_identification:_identify(.) by extension 'python'
[0.179s] Level 1:colcon.colcon_core.package_identification:_identify(.) by extensions ['python_setup_py']
[0.179s] Level 1:colcon.colcon_core.package_identification:_identify(.) by extension 'python_setup_py'
[0.179s] Level 1:colcon.colcon_core.package_identification:_identify(build) by extensions ['ignore', 'ignore_ament_install']
[0.179s] Level 1:colcon.colcon_core.package_identification:_identify(build) by extension 'ignore'
[0.179s] Level 1:colcon.colcon_core.package_identification:_identify(build) ignored
[0.179s] Level 1:colcon.colcon_core.package_identification:_identify(install) by extensions ['ignore', 'ignore_ament_install']
[0.179s] Level 1:colcon.colcon_core.package_identification:_identify(install) by extension 'ignore'
[0.179s] Level 1:colcon.colcon_core.package_identification:_identify(install) ignored
[0.179s] Level 1:colcon.colcon_core.package_identification:_identify(log) by extensions ['ignore', 'ignore_ament_install']
[0.179s] Level 1:colcon.colcon_core.package_identification:_identify(log) by extension 'ignore'
[0.179s] Level 1:colcon.colcon_core.package_identification:_identify(log) ignored
[0.179s] Level 1:colcon.colcon_core.package_identification:_identify(src) by extensions ['ignore', 'ignore_ament_install']
[0.179s] Level 1:colcon.colcon_core.package_identification:_identify(src) by extension 'ignore'
[0.179s] Level 1:colcon.colcon_core.package_identification:_identify(src) by extension 'ignore_ament_install'
[0.179s] Level 1:colcon.colcon_core.package_identification:_identify(src) by extensions ['colcon_pkg']
[0.179s] Level 1:colcon.colcon_core.package_identification:_identify(src) by extension 'colcon_pkg'
[0.179s] Level 1:colcon.colcon_core.package_identification:_identify(src) by extensions ['colcon_meta']
[0.179s] Level 1:colcon.colcon_core.package_identification:_identify(src) by extension 'colcon_meta'
[0.179s] Level 1:colcon.colcon_core.package_identification:_identify(src) by extensions ['ros']
[0.179s] Level 1:colcon.colcon_core.package_identification:_identify(src) by extension 'ros'
[0.179s] Level 1:colcon.colcon_core.package_identification:_identify(src) by extensions ['cmake', 'python']
[0.179s] Level 1:colcon.colcon_core.package_identification:_identify(src) by extension 'cmake'
[0.179s] Level 1:colcon.colcon_core.package_identification:_identify(src) by extension 'python'
[0.179s] Level 1:colcon.colcon_core.package_identification:_identify(src) by extensions ['python_setup_py']
[0.179s] Level 1:colcon.colcon_core.package_identification:_identify(src) by extension 'python_setup_py'
[0.179s] Level 1:colcon.colcon_core.package_identification:_identify(src/build) by extensions ['ignore', 'ignore_ament_install']
[0.179s] Level 1:colcon.colcon_core.package_identification:_identify(src/build) by extension 'ignore'
[0.179s] Level 1:colcon.colcon_core.package_identification:_identify(src/build) ignored
[0.179s] Level 1:colcon.colcon_core.package_identification:_identify(src/install) by extensions ['ignore', 'ignore_ament_install']
[0.180s] Level 1:colcon.colcon_core.package_identification:_identify(src/install) by extension 'ignore'
[0.180s] Level 1:colcon.colcon_core.package_identification:_identify(src/install) ignored
[0.180s] Level 1:colcon.colcon_core.package_identification:_identify(src/log) by extensions ['ignore', 'ignore_ament_install']
[0.180s] Level 1:colcon.colcon_core.package_identification:_identify(src/log) by extension 'ignore'
[0.180s] Level 1:colcon.colcon_core.package_identification:_identify(src/log) ignored
[0.180s] Level 1:colcon.colcon_core.package_identification:_identify(src/my_custom_interfaces) by extensions ['ignore', 'ignore_ament_install']
[0.180s] Level 1:colcon.colcon_core.package_identification:_identify(src/my_custom_interfaces) by extension 'ignore'
[0.180s] Level 1:colcon.colcon_core.package_identification:_identify(src/my_custom_interfaces) by extension 'ignore_ament_install'
[0.180s] Level 1:colcon.colcon_core.package_identification:_identify(src/my_custom_interfaces) by extensions ['colcon_pkg']
[0.180s] Level 1:colcon.colcon_core.package_identification:_identify(src/my_custom_interfaces) by extension 'colcon_pkg'
[0.180s] Level 1:colcon.colcon_core.package_identification:_identify(src/my_custom_interfaces) by extensions ['colcon_meta']
[0.180s] Level 1:colcon.colcon_core.package_identification:_identify(src/my_custom_interfaces) by extension 'colcon_meta'
[0.180s] Level 1:colcon.colcon_core.package_identification:_identify(src/my_custom_interfaces) by extensions ['ros']
[0.180s] Level 1:colcon.colcon_core.package_identification:_identify(src/my_custom_interfaces) by extension 'ros'
[0.181s] DEBUG:colcon.colcon_core.package_identification:Package 'src/my_custom_interfaces' with type 'ros.ament_python' and name 'my_custom_interfaces'
[0.181s] Level 1:colcon.colcon_core.package_identification:_identify(src/my_py_pkg) by extensions ['ignore', 'ignore_ament_install']
[0.181s] Level 1:colcon.colcon_core.package_identification:_identify(src/my_py_pkg) by extension 'ignore'
[0.181s] Level 1:colcon.colcon_core.package_identification:_identify(src/my_py_pkg) by extension 'ignore_ament_install'
[0.182s] Level 1:colcon.colcon_core.package_identification:_identify(src/my_py_pkg) by extensions ['colcon_pkg']
[0.182s] Level 1:colcon.colcon_core.package_identification:_identify(src/my_py_pkg) by extension 'colcon_pkg'
[0.182s] Level 1:colcon.colcon_core.package_identification:_identify(src/my_py_pkg) by extensions ['colcon_meta']
[0.182s] Level 1:colcon.colcon_core.package_identification:_identify(src/my_py_pkg) by extension 'colcon_meta'
[0.182s] Level 1:colcon.colcon_core.package_identification:_identify(src/my_py_pkg) by extensions ['ros']
[0.182s] Level 1:colcon.colcon_core.package_identification:_identify(src/my_py_pkg) by extension 'ros'
[0.182s] DEBUG:colcon.colcon_core.package_identification:Package 'src/my_py_pkg' with type 'ros.ament_python' and name 'my_py_pkg'
[0.182s] Level 1:colcon.colcon_core.package_identification:_identify(src/tutorial_interfaces) by extensions ['ignore', 'ignore_ament_install']
[0.182s] Level 1:colcon.colcon_core.package_identification:_identify(src/tutorial_interfaces) by extension 'ignore'
[0.182s] Level 1:colcon.colcon_core.package_identification:_identify(src/tutorial_interfaces) by extension 'ignore_ament_install'
[0.182s] Level 1:colcon.colcon_core.package_identification:_identify(src/tutorial_interfaces) by extensions ['colcon_pkg']
[0.182s] Level 1:colcon.colcon_core.package_identification:_identify(src/tutorial_interfaces) by extension 'colcon_pkg'
[0.182s] Level 1:colcon.colcon_core.package_identification:_identify(src/tutorial_interfaces) by extensions ['colcon_meta']
[0.182s] Level 1:colcon.colcon_core.package_identification:_identify(src/tutorial_interfaces) by extension 'colcon_meta'
[0.182s] Level 1:colcon.colcon_core.package_identification:_identify(src/tutorial_interfaces) by extensions ['ros']
[0.182s] Level 1:colcon.colcon_core.package_identification:_identify(src/tutorial_interfaces) by extension 'ros'
[0.183s] DEBUG:colcon.colcon_core.package_identification:Package 'src/tutorial_interfaces' with type 'ros.ament_python' and name 'tutorial_interfaces'
[0.183s] Level 1:colcon.colcon_core.package_discovery:discover_packages(recursive) using defaults
[0.183s] Level 1:colcon.colcon_core.package_discovery:discover_packages(ignore) discover
[0.183s] Level 1:colcon.colcon_core.package_discovery:discover_packages(ignore) using defaults
[0.183s] Level 1:colcon.colcon_core.package_discovery:discover_packages(path) discover
[0.183s] Level 1:colcon.colcon_core.package_discovery:discover_packages(path) using defaults
[0.195s] Level 5:colcon.colcon_core.verb:set package 'my_custom_interfaces' build argument 'cmake_args' from command line to 'None'
[0.195s] Level 5:colcon.colcon_core.verb:set package 'my_custom_interfaces' build argument 'cmake_target' from command line to 'None'
[0.195s] Level 5:colcon.colcon_core.verb:set package 'my_custom_interfaces' build argument 'cmake_target_skip_unavailable' from command line to 'False'
[0.195s] Level 5:colcon.colcon_core.verb:set package 'my_custom_interfaces' build argument 'cmake_clean_cache' from command line to 'False'
[0.195s] Level 5:colcon.colcon_core.verb:set package 'my_custom_interfaces' build argument 'cmake_clean_first' from command line to 'False'
[0.195s] Level 5:colcon.colcon_core.verb:set package 'my_custom_interfaces' build argument 'cmake_force_configure' from command line to 'False'
[0.195s] Level 5:colcon.colcon_core.verb:set package 'my_custom_interfaces' build argument 'ament_cmake_args' from command line to 'None'
[0.195s] Level 5:colcon.colcon_core.verb:set package 'my_custom_interfaces' build argument 'catkin_cmake_args' from command line to 'None'
[0.195s] Level 5:colcon.colcon_core.verb:set package 'my_custom_interfaces' build argument 'catkin_skip_building_tests' from command line to 'False'
[0.195s] DEBUG:colcon.colcon_core.verb:Building package 'my_custom_interfaces' with the following arguments: {'ament_cmake_args': None, 'build_base': '/home/rag0n/Desktop/project/ros2_ws/build/my_custom_interfaces', 'catkin_cmake_args': None, 'catkin_skip_building_tests': False, 'cmake_args': None, 'cmake_clean_cache': False, 'cmake_clean_first': False, 'cmake_force_configure': False, 'cmake_target': None, 'cmake_target_skip_unavailable': False, 'install_base': '/home/rag0n/Desktop/project/ros2_ws/install/my_custom_interfaces', 'merge_install': False, 'path': '/home/rag0n/Desktop/project/ros2_ws/src/my_custom_interfaces', 'symlink_install': False, 'test_result_base': None}
[0.196s] Level 5:colcon.colcon_core.verb:set package 'my_py_pkg' build argument 'cmake_args' from command line to 'None'
[0.196s] Level 5:colcon.colcon_core.verb:set package 'my_py_pkg' build argument 'cmake_target' from command line to 'None'
[0.196s] Level 5:colcon.colcon_core.verb:set package 'my_py_pkg' build argument 'cmake_target_skip_unavailable' from command line to 'False'
[0.196s] Level 5:colcon.colcon_core.verb:set package 'my_py_pkg' build argument 'cmake_clean_cache' from command line to 'False'
[0.196s] Level 5:colcon.colcon_core.verb:set package 'my_py_pkg' build argument 'cmake_clean_first' from command line to 'False'
[0.196s] Level 5:colcon.colcon_core.verb:set package 'my_py_pkg' build argument 'cmake_force_configure' from command line to 'False'
[0.196s] Level 5:colcon.colcon_core.verb:set package 'my_py_pkg' build argument 'ament_cmake_args' from command line to 'None'
[0.196s] Level 5:colcon.colcon_core.verb:set package 'my_py_pkg' build argument 'catkin_cmake_args' from command line to 'None'
[0.196s] Level 5:colcon.colcon_core.verb:set package 'my_py_pkg' build argument 'catkin_skip_building_tests' from command line to 'False'
[0.196s] DEBUG:colcon.colcon_core.verb:Building package 'my_py_pkg' with the following arguments: {'ament_cmake_args': None, 'build_base': '/home/rag0n/Desktop/project/ros2_ws/build/my_py_pkg', 'catkin_cmake_args': None, 'catkin_skip_building_tests': False, 'cmake_args': None, 'cmake_clean_cache': False, 'cmake_clean_first': False, 'cmake_force_configure': False, 'cmake_target': None, 'cmake_target_skip_unavailable': False, 'install_base': '/home/rag0n/Desktop/project/ros2_ws/install/my_py_pkg', 'merge_install': False, 'path': '/home/rag0n/Desktop/project/ros2_ws/src/my_py_pkg', 'symlink_install': False, 'test_result_base': None}
[0.196s] Level 5:colcon.colcon_core.verb:set package 'tutorial_interfaces' build argument 'cmake_args' from command line to 'None'
[0.196s] Level 5:colcon.colcon_core.verb:set package 'tutorial_interfaces' build argument 'cmake_target' from command line to 'None'
[0.196s] Level 5:colcon.colcon_core.verb:set package 'tutorial_interfaces' build argument 'cmake_target_skip_unavailable' from command line to 'False'
[0.196s] Level 5:colcon.colcon_core.verb:set package 'tutorial_interfaces' build argument 'cmake_clean_cache' from command line to 'False'
[0.196s] Level 5:colcon.colcon_core.verb:set package 'tutorial_interfaces' build argument 'cmake_clean_first' from command line to 'False'
[0.196s] Level 5:colcon.colcon_core.verb:set package 'tutorial_interfaces' build argument 'cmake_force_configure' from command line to 'False'
[0.196s] Level 5:colcon.colcon_core.verb:set package 'tutorial_interfaces' build argument 'ament_cmake_args' from command line to 'None'
[0.196s] Level 5:colcon.colcon_core.verb:set package 'tutorial_interfaces' build argument 'catkin_cmake_args' from command line to 'None'
[0.196s] Level 5:colcon.colcon_core.verb:set package 'tutorial_interfaces' build argument 'catkin_skip_building_tests' from command line to 'False'
[0.196s] DEBUG:colcon.colcon_core.verb:Building package 'tutorial_interfaces' with the following arguments: {'ament_cmake_args': None, 'build_base': '/home/rag0n/Desktop/project/ros2_ws/build/tutorial_interfaces', 'catkin_cmake_args': None, 'catkin_skip_building_tests': False, 'cmake_args': None, 'cmake_clean_cache': False, 'cmake_clean_first': False, 'cmake_force_configure': False, 'cmake_target': None, 'cmake_target_skip_unavailable': False, 'install_base': '/home/rag0n/Desktop/project/ros2_ws/install/tutorial_interfaces', 'merge_install': False, 'path': '/home/rag0n/Desktop/project/ros2_ws/src/tutorial_interfaces', 'symlink_install': False, 'test_result_base': None}
[0.196s] INFO:colcon.colcon_core.executor:Executing jobs using 'parallel' executor
[0.197s] DEBUG:colcon.colcon_parallel_executor.executor.parallel:run_until_complete
[0.197s] INFO:colcon.colcon_ros.task.ament_python.build:Building ROS package in '/home/rag0n/Desktop/project/ros2_ws/src/my_custom_interfaces' with build type 'ament_python'
[0.197s] Level 1:colcon.colcon_core.shell:create_environment_hook('my_custom_interfaces', 'ament_prefix_path')
[0.198s] INFO:colcon.colcon_core.plugin_system:Skipping extension 'colcon_core.shell.bat': Not used on non-Windows systems
[0.198s] INFO:colcon.colcon_core.shell:Creating environment hook '/home/rag0n/Desktop/project/ros2_ws/install/my_custom_interfaces/share/my_custom_interfaces/hook/ament_prefix_path.ps1'
[0.199s] INFO:colcon.colcon_core.shell:Creating environment descriptor '/home/rag0n/Desktop/project/ros2_ws/install/my_custom_interfaces/share/my_custom_interfaces/hook/ament_prefix_path.dsv'
[0.199s] INFO:colcon.colcon_core.shell:Creating environment hook '/home/rag0n/Desktop/project/ros2_ws/install/my_custom_interfaces/share/my_custom_interfaces/hook/ament_prefix_path.sh'
[0.199s] INFO:colcon.colcon_core.shell:Skip shell extension 'powershell' for command environment: Not usable outside of PowerShell
[0.199s] DEBUG:colcon.colcon_core.shell:Skip shell extension 'dsv' for command environment
[0.202s] INFO:colcon.colcon_ros.task.ament_python.build:Building ROS package in '/home/rag0n/Desktop/project/ros2_ws/src/my_py_pkg' with build type 'ament_python'
[0.202s] Level 1:colcon.colcon_core.shell:create_environment_hook('my_py_pkg', 'ament_prefix_path')
[0.202s] INFO:colcon.colcon_core.shell:Creating environment hook '/home/rag0n/Desktop/project/ros2_ws/install/my_py_pkg/share/my_py_pkg/hook/ament_prefix_path.ps1'
[0.203s] INFO:colcon.colcon_core.shell:Creating environment descriptor '/home/rag0n/Desktop/project/ros2_ws/install/my_py_pkg/share/my_py_pkg/hook/ament_prefix_path.dsv'
[0.203s] INFO:colcon.colcon_core.shell:Creating environment hook '/home/rag0n/Desktop/project/ros2_ws/install/my_py_pkg/share/my_py_pkg/hook/ament_prefix_path.sh'
[0.203s] INFO:colcon.colcon_core.shell:Skip shell extension 'powershell' for command environment: Not usable outside of PowerShell
[0.203s] DEBUG:colcon.colcon_core.shell:Skip shell extension 'dsv' for command environment
[0.205s] INFO:colcon.colcon_ros.task.ament_python.build:Building ROS package in '/home/rag0n/Desktop/project/ros2_ws/src/tutorial_interfaces' with build type 'ament_python'
[0.205s] Level 1:colcon.colcon_core.shell:create_environment_hook('tutorial_interfaces', 'ament_prefix_path')
[0.205s] INFO:colcon.colcon_core.shell:Creating environment hook '/home/rag0n/Desktop/project/ros2_ws/install/tutorial_interfaces/share/tutorial_interfaces/hook/ament_prefix_path.ps1'
[0.205s] INFO:colcon.colcon_core.shell:Creating environment descriptor '/home/rag0n/Desktop/project/ros2_ws/install/tutorial_interfaces/share/tutorial_interfaces/hook/ament_prefix_path.dsv'
[0.206s] INFO:colcon.colcon_core.shell:Creating environment hook '/home/rag0n/Desktop/project/ros2_ws/install/tutorial_interfaces/share/tutorial_interfaces/hook/ament_prefix_path.sh'
[0.206s] INFO:colcon.colcon_core.shell:Skip shell extension 'powershell' for command environment: Not usable outside of PowerShell
[0.206s] DEBUG:colcon.colcon_core.shell:Skip shell extension 'dsv' for command environment
[0.357s] INFO:colcon.colcon_core.task.python.build:Building Python package in '/home/rag0n/Desktop/project/ros2_ws/src/my_custom_interfaces'
[0.357s] INFO:colcon.colcon_core.shell:Skip shell extension 'powershell' for command environment: Not usable outside of PowerShell
[0.357s] DEBUG:colcon.colcon_core.shell:Skip shell extension 'dsv' for command environment
[0.500s] INFO:colcon.colcon_core.task.python.build:Building Python package in '/home/rag0n/Desktop/project/ros2_ws/src/my_py_pkg'
[0.500s] INFO:colcon.colcon_core.shell:Skip shell extension 'powershell' for command environment: Not usable outside of PowerShell
[0.500s] DEBUG:colcon.colcon_core.shell:Skip shell extension 'dsv' for command environment
[0.646s] INFO:colcon.colcon_core.task.python.build:Building Python package in '/home/rag0n/Desktop/project/ros2_ws/src/tutorial_interfaces'
[0.646s] INFO:colcon.colcon_core.shell:Skip shell extension 'powershell' for command environment: Not usable outside of PowerShell
[0.646s] DEBUG:colcon.colcon_core.shell:Skip shell extension 'dsv' for command environment
[0.867s] DEBUG:colcon.colcon_core.event_handler.log_command:Invoking command in '/home/rag0n/Desktop/project/ros2_ws/src/my_custom_interfaces': PYTHONPATH=/home/rag0n/Desktop/project/ros2_ws/build/my_custom_interfaces/prefix_override:/home/rag0n/.local/lib/python3.10/site-packages/colcon_core/task/python/colcon_distutils_commands:/home/rag0n/Desktop/project/ros2_ws/install/my_custom_interfaces/lib/python3.10/site-packages:${PYTHONPATH} /usr/bin/python3 -W ignore:setup.py install is deprecated setup.py egg_info --egg-base ../../build/my_custom_interfaces build --build-base /home/rag0n/Desktop/project/ros2_ws/build/my_custom_interfaces/build install --record /home/rag0n/Desktop/project/ros2_ws/build/my_custom_interfaces/install.log --single-version-externally-managed install_data
[0.870s] DEBUG:colcon.colcon_core.event_handler.log_command:Invoking command in '/home/rag0n/Desktop/project/ros2_ws/src/tutorial_interfaces': PYTHONPATH=/home/rag0n/Desktop/project/ros2_ws/build/tutorial_interfaces/prefix_override:/home/rag0n/.local/lib/python3.10/site-packages/colcon_core/task/python/colcon_distutils_commands:/home/rag0n/Desktop/project/ros2_ws/install/tutorial_interfaces/lib/python3.10/site-packages:${PYTHONPATH} /usr/bin/python3 -W ignore:setup.py install is deprecated setup.py egg_info --egg-base ../../build/tutorial_interfaces build --build-base /home/rag0n/Desktop/project/ros2_ws/build/tutorial_interfaces/build install --record /home/rag0n/Desktop/project/ros2_ws/build/tutorial_interfaces/install.log --single-version-externally-managed install_data
[0.874s] DEBUG:colcon.colcon_core.event_handler.log_command:Invoking command in '/home/rag0n/Desktop/project/ros2_ws/src/my_py_pkg': PYTHONPATH=/home/rag0n/Desktop/project/ros2_ws/build/my_py_pkg/prefix_override:/home/rag0n/.local/lib/python3.10/site-packages/colcon_core/task/python/colcon_distutils_commands:/home/rag0n/Desktop/project/ros2_ws/install/my_py_pkg/lib/python3.10/site-packages:${PYTHONPATH} /usr/bin/python3 -W ignore:setup.py install is deprecated setup.py egg_info --egg-base ../../build/my_py_pkg build --build-base /home/rag0n/Desktop/project/ros2_ws/build/my_py_pkg/build install --record /home/rag0n/Desktop/project/ros2_ws/build/my_py_pkg/install.log --single-version-externally-managed install_data
[1.059s] DEBUG:colcon.colcon_core.event_handler.log_command:Invoked command in '/home/rag0n/Desktop/project/ros2_ws/src/my_custom_interfaces' returned '0': PYTHONPATH=/home/rag0n/Desktop/project/ros2_ws/build/my_custom_interfaces/prefix_override:/home/rag0n/.local/lib/python3.10/site-packages/colcon_core/task/python/colcon_distutils_commands:/home/rag0n/Desktop/project/ros2_ws/install/my_custom_interfaces/lib/python3.10/site-packages:${PYTHONPATH} /usr/bin/python3 -W ignore:setup.py install is deprecated setup.py egg_info --egg-base ../../build/my_custom_interfaces build --build-base /home/rag0n/Desktop/project/ros2_ws/build/my_custom_interfaces/build install --record /home/rag0n/Desktop/project/ros2_ws/build/my_custom_interfaces/install.log --single-version-externally-managed install_data
[1.060s] Level 1:colcon.colcon_core.environment:checking '/home/rag0n/Desktop/project/ros2_ws/install/my_custom_interfaces' for CMake module files
[1.061s] Level 1:colcon.colcon_core.environment:checking '/home/rag0n/Desktop/project/ros2_ws/install/my_custom_interfaces' for CMake config files
[1.061s] Level 1:colcon.colcon_core.environment:checking '/home/rag0n/Desktop/project/ros2_ws/install/my_custom_interfaces/lib'
[1.061s] Level 1:colcon.colcon_core.environment:checking '/home/rag0n/Desktop/project/ros2_ws/install/my_custom_interfaces/bin'
[1.061s] Level 1:colcon.colcon_core.environment:checking '/home/rag0n/Desktop/project/ros2_ws/install/my_custom_interfaces/lib/pkgconfig/my_custom_interfaces.pc'
[1.062s] Level 1:colcon.colcon_core.environment:checking '/home/rag0n/Desktop/project/ros2_ws/install/my_custom_interfaces/lib/python3.10/site-packages'
[1.062s] Level 1:colcon.colcon_core.shell:create_environment_hook('my_custom_interfaces', 'pythonpath')
[1.062s] INFO:colcon.colcon_core.shell:Creating environment hook '/home/rag0n/Desktop/project/ros2_ws/install/my_custom_interfaces/share/my_custom_interfaces/hook/pythonpath.ps1'
[1.062s] INFO:colcon.colcon_core.shell:Creating environment descriptor '/home/rag0n/Desktop/project/ros2_ws/install/my_custom_interfaces/share/my_custom_interfaces/hook/pythonpath.dsv'
[1.062s] INFO:colcon.colcon_core.shell:Creating environment hook '/home/rag0n/Desktop/project/ros2_ws/install/my_custom_interfaces/share/my_custom_interfaces/hook/pythonpath.sh'
[1.063s] Level 1:colcon.colcon_core.environment:checking '/home/rag0n/Desktop/project/ros2_ws/install/my_custom_interfaces/bin'
[1.063s] Level 1:colcon.colcon_core.environment:create_environment_scripts_only(my_custom_interfaces)
[1.063s] INFO:colcon.colcon_core.shell:Creating package script '/home/rag0n/Desktop/project/ros2_ws/install/my_custom_interfaces/share/my_custom_interfaces/package.ps1'
[1.064s] INFO:colcon.colcon_core.shell:Creating package descriptor '/home/rag0n/Desktop/project/ros2_ws/install/my_custom_interfaces/share/my_custom_interfaces/package.dsv'
[1.064s] INFO:colcon.colcon_core.shell:Creating package script '/home/rag0n/Desktop/project/ros2_ws/install/my_custom_interfaces/share/my_custom_interfaces/package.sh'
[1.065s] INFO:colcon.colcon_core.shell:Creating package script '/home/rag0n/Desktop/project/ros2_ws/install/my_custom_interfaces/share/my_custom_interfaces/package.bash'
[1.065s] INFO:colcon.colcon_core.shell:Creating package script '/home/rag0n/Desktop/project/ros2_ws/install/my_custom_interfaces/share/my_custom_interfaces/package.zsh'
[1.066s] Level 1:colcon.colcon_core.environment:create_file_with_runtime_dependencies(/home/rag0n/Desktop/project/ros2_ws/install/my_custom_interfaces/share/colcon-core/packages/my_custom_interfaces)
[1.068s] Level 1:colcon.colcon_core.environment:checking '/home/rag0n/Desktop/project/ros2_ws/install/my_py_pkg' for CMake module files
[1.069s] DEBUG:colcon.colcon_core.event_handler.log_command:Invoked command in '/home/rag0n/Desktop/project/ros2_ws/src/my_py_pkg' returned '0': PYTHONPATH=/home/rag0n/Desktop/project/ros2_ws/build/my_py_pkg/prefix_override:/home/rag0n/.local/lib/python3.10/site-packages/colcon_core/task/python/colcon_distutils_commands:/home/rag0n/Desktop/project/ros2_ws/install/my_py_pkg/lib/python3.10/site-packages:${PYTHONPATH} /usr/bin/python3 -W ignore:setup.py install is deprecated setup.py egg_info --egg-base ../../build/my_py_pkg build --build-base /home/rag0n/Desktop/project/ros2_ws/build/my_py_pkg/build install --record /home/rag0n/Desktop/project/ros2_ws/build/my_py_pkg/install.log --single-version-externally-managed install_data
[1.069s] Level 1:colcon.colcon_core.environment:checking '/home/rag0n/Desktop/project/ros2_ws/install/my_py_pkg' for CMake config files
[1.069s] Level 1:colcon.colcon_core.environment:checking '/home/rag0n/Desktop/project/ros2_ws/install/my_py_pkg/lib'
[1.069s] Level 1:colcon.colcon_core.environment:checking '/home/rag0n/Desktop/project/ros2_ws/install/my_py_pkg/bin'
[1.069s] Level 1:colcon.colcon_core.environment:checking '/home/rag0n/Desktop/project/ros2_ws/install/my_py_pkg/lib/pkgconfig/my_py_pkg.pc'
[1.070s] Level 1:colcon.colcon_core.environment:checking '/home/rag0n/Desktop/project/ros2_ws/install/my_py_pkg/lib/python3.10/site-packages'
[1.070s] Level 1:colcon.colcon_core.shell:create_environment_hook('my_py_pkg', 'pythonpath')
[1.070s] INFO:colcon.colcon_core.shell:Creating environment hook '/home/rag0n/Desktop/project/ros2_ws/install/my_py_pkg/share/my_py_pkg/hook/pythonpath.ps1'
[1.070s] INFO:colcon.colcon_core.shell:Creating environment descriptor '/home/rag0n/Desktop/project/ros2_ws/install/my_py_pkg/share/my_py_pkg/hook/pythonpath.dsv'
[1.070s] INFO:colcon.colcon_core.shell:Creating environment hook '/home/rag0n/Desktop/project/ros2_ws/install/my_py_pkg/share/my_py_pkg/hook/pythonpath.sh'
[1.071s] Level 1:colcon.colcon_core.environment:checking '/home/rag0n/Desktop/project/ros2_ws/install/my_py_pkg/bin'
[1.071s] Level 1:colcon.colcon_core.environment:create_environment_scripts_only(my_py_pkg)
[1.071s] INFO:colcon.colcon_core.shell:Creating package script '/home/rag0n/Desktop/project/ros2_ws/install/my_py_pkg/share/my_py_pkg/package.ps1'
[1.071s] INFO:colcon.colcon_core.shell:Creating package descriptor '/home/rag0n/Desktop/project/ros2_ws/install/my_py_pkg/share/my_py_pkg/package.dsv'
[1.072s] INFO:colcon.colcon_core.shell:Creating package script '/home/rag0n/Desktop/project/ros2_ws/install/my_py_pkg/share/my_py_pkg/package.sh'
[1.072s] INFO:colcon.colcon_core.shell:Creating package script '/home/rag0n/Desktop/project/ros2_ws/install/my_py_pkg/share/my_py_pkg/package.bash'
[1.072s] INFO:colcon.colcon_core.shell:Creating package script '/home/rag0n/Desktop/project/ros2_ws/install/my_py_pkg/share/my_py_pkg/package.zsh'
[1.072s] Level 1:colcon.colcon_core.environment:create_file_with_runtime_dependencies(/home/rag0n/Desktop/project/ros2_ws/install/my_py_pkg/share/colcon-core/packages/my_py_pkg)
[1.073s] Level 1:colcon.colcon_core.environment:checking '/home/rag0n/Desktop/project/ros2_ws/install/tutorial_interfaces' for CMake module files
[1.073s] Level 1:colcon.colcon_core.environment:checking '/home/rag0n/Desktop/project/ros2_ws/install/tutorial_interfaces' for CMake config files
[1.073s] DEBUG:colcon.colcon_core.event_handler.log_command:Invoked command in '/home/rag0n/Desktop/project/ros2_ws/src/tutorial_interfaces' returned '0': PYTHONPATH=/home/rag0n/Desktop/project/ros2_ws/build/tutorial_interfaces/prefix_override:/home/rag0n/.local/lib/python3.10/site-packages/colcon_core/task/python/colcon_distutils_commands:/home/rag0n/Desktop/project/ros2_ws/install/tutorial_interfaces/lib/python3.10/site-packages:${PYTHONPATH} /usr/bin/python3 -W ignore:setup.py install is deprecated setup.py egg_info --egg-base ../../build/tutorial_interfaces build --build-base /home/rag0n/Desktop/project/ros2_ws/build/tutorial_interfaces/build install --record /home/rag0n/Desktop/project/ros2_ws/build/tutorial_interfaces/install.log --single-version-externally-managed install_data
[1.074s] Level 1:colcon.colcon_core.environment:checking '/home/rag0n/Desktop/project/ros2_ws/install/tutorial_interfaces/lib'
[1.074s] Level 1:colcon.colcon_core.environment:checking '/home/rag0n/Desktop/project/ros2_ws/install/tutorial_interfaces/bin'
[1.074s] Level 1:colcon.colcon_core.environment:checking '/home/rag0n/Desktop/project/ros2_ws/install/tutorial_interfaces/lib/pkgconfig/tutorial_interfaces.pc'
[1.074s] Level 1:colcon.colcon_core.environment:checking '/home/rag0n/Desktop/project/ros2_ws/install/tutorial_interfaces/lib/python3.10/site-packages'
[1.074s] Level 1:colcon.colcon_core.shell:create_environment_hook('tutorial_interfaces', 'pythonpath')
[1.074s] INFO:colcon.colcon_core.shell:Creating environment hook '/home/rag0n/Desktop/project/ros2_ws/install/tutorial_interfaces/share/tutorial_interfaces/hook/pythonpath.ps1'
[1.074s] INFO:colcon.colcon_core.shell:Creating environment descriptor '/home/rag0n/Desktop/project/ros2_ws/install/tutorial_interfaces/share/tutorial_interfaces/hook/pythonpath.dsv'
[1.074s] INFO:colcon.colcon_core.shell:Creating environment hook '/home/rag0n/Desktop/project/ros2_ws/install/tutorial_interfaces/share/tutorial_interfaces/hook/pythonpath.sh'
[1.075s] Level 1:colcon.colcon_core.environment:checking '/home/rag0n/Desktop/project/ros2_ws/install/tutorial_interfaces/bin'
[1.075s] Level 1:colcon.colcon_core.environment:create_environment_scripts_only(tutorial_interfaces)
[1.075s] INFO:colcon.colcon_core.shell:Creating package script '/home/rag0n/Desktop/project/ros2_ws/install/tutorial_interfaces/share/tutorial_interfaces/package.ps1'
[1.075s] INFO:colcon.colcon_core.shell:Creating package descriptor '/home/rag0n/Desktop/project/ros2_ws/install/tutorial_interfaces/share/tutorial_interfaces/package.dsv'
[1.075s] INFO:colcon.colcon_core.shell:Creating package script '/home/rag0n/Desktop/project/ros2_ws/install/tutorial_interfaces/share/tutorial_interfaces/package.sh'
[1.076s] INFO:colcon.colcon_core.shell:Creating package script '/home/rag0n/Desktop/project/ros2_ws/install/tutorial_interfaces/share/tutorial_interfaces/package.bash'
[1.076s] INFO:colcon.colcon_core.shell:Creating package script '/home/rag0n/Desktop/project/ros2_ws/install/tutorial_interfaces/share/tutorial_interfaces/package.zsh'
[1.076s] Level 1:colcon.colcon_core.environment:create_file_with_runtime_dependencies(/home/rag0n/Desktop/project/ros2_ws/install/tutorial_interfaces/share/colcon-core/packages/tutorial_interfaces)
[1.076s] DEBUG:colcon.colcon_parallel_executor.executor.parallel:closing loop
[1.076s] DEBUG:colcon.colcon_parallel_executor.executor.parallel:loop closed
[1.076s] DEBUG:colcon.colcon_parallel_executor.executor.parallel:run_until_complete finished with '0'
[1.076s] DEBUG:colcon.colcon_core.event_reactor:joining thread
[1.080s] INFO:colcon.colcon_core.plugin_system:Skipping extension 'colcon_notification.desktop_notification.terminal_notifier': Not used on non-Darwin systems
[1.080s] INFO:colcon.colcon_core.plugin_system:Skipping extension 'colcon_notification.desktop_notification.win32': Not used on non-Windows systems
[1.080s] INFO:colcon.colcon_notification.desktop_notification:Sending desktop notification using 'notify2'
[1.088s] DEBUG:colcon.colcon_core.event_reactor:joined thread
[1.089s] INFO:colcon.colcon_core.shell:Creating prefix script '/home/rag0n/Desktop/project/ros2_ws/install/local_setup.ps1'
[1.089s] INFO:colcon.colcon_core.shell:Creating prefix util module '/home/rag0n/Desktop/project/ros2_ws/install/_local_setup_util_ps1.py'
[1.090s] INFO:colcon.colcon_core.shell:Creating prefix chain script '/home/rag0n/Desktop/project/ros2_ws/install/setup.ps1'
[1.091s] INFO:colcon.colcon_core.shell:Creating prefix script '/home/rag0n/Desktop/project/ros2_ws/install/local_setup.sh'
[1.092s] INFO:colcon.colcon_core.shell:Creating prefix util module '/home/rag0n/Desktop/project/ros2_ws/install/_local_setup_util_sh.py'
[1.093s] INFO:colcon.colcon_core.shell:Creating prefix chain script '/home/rag0n/Desktop/project/ros2_ws/install/setup.sh'
[1.094s] INFO:colcon.colcon_core.shell:Creating prefix script '/home/rag0n/Desktop/project/ros2_ws/install/local_setup.bash'
[1.094s] INFO:colcon.colcon_core.shell:Creating prefix chain script '/home/rag0n/Desktop/project/ros2_ws/install/setup.bash'
[1.095s] INFO:colcon.colcon_core.shell:Creating prefix script '/home/rag0n/Desktop/project/ros2_ws/install/local_setup.zsh'
[1.095s] INFO:colcon.colcon_core.shell:Creating prefix chain script '/home/rag0n/Desktop/project/ros2_ws/install/setup.zsh'
