/home/rag0n/Desktop/project/ros2_ws/install/my_py_pkg/lib/python3.10/site-packages/my_py_pkg/example_server.py
/home/rag0n/Desktop/project/ros2_ws/install/my_py_pkg/lib/python3.10/site-packages/my_py_pkg/mine_publisher_loud.py
/home/rag0n/Desktop/project/ros2_ws/install/my_py_pkg/lib/python3.10/site-packages/my_py_pkg/custom_interface_perceptron_service.py
/home/rag0n/Desktop/project/ros2_ws/install/my_py_pkg/lib/python3.10/site-packages/my_py_pkg/custom_interface_perception_subscriber.py
/home/rag0n/Desktop/project/ros2_ws/install/my_py_pkg/lib/python3.10/site-packages/my_py_pkg/mine_subscriber_1.py
/home/rag0n/Desktop/project/ros2_ws/install/my_py_pkg/lib/python3.10/site-packages/my_py_pkg/mine_subscriber_loud.py
/home/rag0n/Desktop/project/ros2_ws/install/my_py_pkg/lib/python3.10/site-packages/my_py_pkg/example_client.py
/home/rag0n/Desktop/project/ros2_ws/install/my_py_pkg/lib/python3.10/site-packages/my_py_pkg/mine_publisher_1.py
/home/rag0n/Desktop/project/ros2_ws/install/my_py_pkg/lib/python3.10/site-packages/my_py_pkg/mine_subscriber_loud_2.py
/home/rag0n/Desktop/project/ros2_ws/install/my_py_pkg/lib/python3.10/site-packages/my_py_pkg/example_client_oop.py
/home/rag0n/Desktop/project/ros2_ws/install/my_py_pkg/lib/python3.10/site-packages/my_py_pkg/mine_publisher_loud_2.py
/home/rag0n/Desktop/project/ros2_ws/install/my_py_pkg/lib/python3.10/site-packages/my_py_pkg/custom_interface_perception_publisher.py
/home/rag0n/Desktop/project/ros2_ws/install/my_py_pkg/lib/python3.10/site-packages/my_py_pkg/__init__.py
/home/rag0n/Desktop/project/ros2_ws/install/my_py_pkg/lib/python3.10/site-packages/my_py_pkg/robot_state_subscriber.py
/home/rag0n/Desktop/project/ros2_ws/install/my_py_pkg/lib/python3.10/site-packages/my_py_pkg/custom_interface_perceptron_client.py
/home/rag0n/Desktop/project/ros2_ws/install/my_py_pkg/lib/python3.10/site-packages/my_py_pkg/robot_state_publisher.py
/home/rag0n/Desktop/project/ros2_ws/install/my_py_pkg/lib/python3.10/site-packages/my_py_pkg/my_first_node.py
/home/rag0n/Desktop/project/ros2_ws/install/my_py_pkg/lib/python3.10/site-packages/my_py_pkg/__pycache__/example_server.cpython-310.pyc
/home/rag0n/Desktop/project/ros2_ws/install/my_py_pkg/lib/python3.10/site-packages/my_py_pkg/__pycache__/mine_publisher_loud.cpython-310.pyc
/home/rag0n/Desktop/project/ros2_ws/install/my_py_pkg/lib/python3.10/site-packages/my_py_pkg/__pycache__/custom_interface_perceptron_service.cpython-310.pyc
/home/rag0n/Desktop/project/ros2_ws/install/my_py_pkg/lib/python3.10/site-packages/my_py_pkg/__pycache__/custom_interface_perception_subscriber.cpython-310.pyc
/home/rag0n/Desktop/project/ros2_ws/install/my_py_pkg/lib/python3.10/site-packages/my_py_pkg/__pycache__/mine_subscriber_1.cpython-310.pyc
/home/rag0n/Desktop/project/ros2_ws/install/my_py_pkg/lib/python3.10/site-packages/my_py_pkg/__pycache__/mine_subscriber_loud.cpython-310.pyc
/home/rag0n/Desktop/project/ros2_ws/install/my_py_pkg/lib/python3.10/site-packages/my_py_pkg/__pycache__/example_client.cpython-310.pyc
/home/rag0n/Desktop/project/ros2_ws/install/my_py_pkg/lib/python3.10/site-packages/my_py_pkg/__pycache__/mine_publisher_1.cpython-310.pyc
/home/rag0n/Desktop/project/ros2_ws/install/my_py_pkg/lib/python3.10/site-packages/my_py_pkg/__pycache__/mine_subscriber_loud_2.cpython-310.pyc
/home/rag0n/Desktop/project/ros2_ws/install/my_py_pkg/lib/python3.10/site-packages/my_py_pkg/__pycache__/example_client_oop.cpython-310.pyc
/home/rag0n/Desktop/project/ros2_ws/install/my_py_pkg/lib/python3.10/site-packages/my_py_pkg/__pycache__/mine_publisher_loud_2.cpython-310.pyc
/home/rag0n/Desktop/project/ros2_ws/install/my_py_pkg/lib/python3.10/site-packages/my_py_pkg/__pycache__/custom_interface_perception_publisher.cpython-310.pyc
/home/rag0n/Desktop/project/ros2_ws/install/my_py_pkg/lib/python3.10/site-packages/my_py_pkg/__pycache__/__init__.cpython-310.pyc
/home/rag0n/Desktop/project/ros2_ws/install/my_py_pkg/lib/python3.10/site-packages/my_py_pkg/__pycache__/robot_state_subscriber.cpython-310.pyc
/home/rag0n/Desktop/project/ros2_ws/install/my_py_pkg/lib/python3.10/site-packages/my_py_pkg/__pycache__/custom_interface_perceptron_client.cpython-310.pyc
/home/rag0n/Desktop/project/ros2_ws/install/my_py_pkg/lib/python3.10/site-packages/my_py_pkg/__pycache__/robot_state_publisher.cpython-310.pyc
/home/rag0n/Desktop/project/ros2_ws/install/my_py_pkg/lib/python3.10/site-packages/my_py_pkg/__pycache__/my_first_node.cpython-310.pyc
/home/rag0n/Desktop/project/ros2_ws/install/my_py_pkg/share/ament_index/resource_index/packages/my_py_pkg
/home/rag0n/Desktop/project/ros2_ws/install/my_py_pkg/share/my_py_pkg/package.xml
/home/rag0n/Desktop/project/ros2_ws/install/my_py_pkg/lib/python3.10/site-packages/my_py_pkg-0.0.0-py3.10.egg-info/requires.txt
/home/rag0n/Desktop/project/ros2_ws/install/my_py_pkg/lib/python3.10/site-packages/my_py_pkg-0.0.0-py3.10.egg-info/PKG-INFO
/home/rag0n/Desktop/project/ros2_ws/install/my_py_pkg/lib/python3.10/site-packages/my_py_pkg-0.0.0-py3.10.egg-info/dependency_links.txt
/home/rag0n/Desktop/project/ros2_ws/install/my_py_pkg/lib/python3.10/site-packages/my_py_pkg-0.0.0-py3.10.egg-info/zip-safe
/home/rag0n/Desktop/project/ros2_ws/install/my_py_pkg/lib/python3.10/site-packages/my_py_pkg-0.0.0-py3.10.egg-info/top_level.txt
/home/rag0n/Desktop/project/ros2_ws/install/my_py_pkg/lib/python3.10/site-packages/my_py_pkg-0.0.0-py3.10.egg-info/SOURCES.txt
/home/rag0n/Desktop/project/ros2_ws/install/my_py_pkg/lib/python3.10/site-packages/my_py_pkg-0.0.0-py3.10.egg-info/entry_points.txt
/home/rag0n/Desktop/project/ros2_ws/install/my_py_pkg/lib/my_py_pkg/cst_int_publisher
/home/rag0n/Desktop/project/ros2_ws/install/my_py_pkg/lib/my_py_pkg/cst_int_subscriber
/home/rag0n/Desktop/project/ros2_ws/install/my_py_pkg/lib/my_py_pkg/example_client
/home/rag0n/Desktop/project/ros2_ws/install/my_py_pkg/lib/my_py_pkg/example_oop_client
/home/rag0n/Desktop/project/ros2_ws/install/my_py_pkg/lib/my_py_pkg/example_server
/home/rag0n/Desktop/project/ros2_ws/install/my_py_pkg/lib/my_py_pkg/mine_client_perception
/home/rag0n/Desktop/project/ros2_ws/install/my_py_pkg/lib/my_py_pkg/mine_pub
/home/rag0n/Desktop/project/ros2_ws/install/my_py_pkg/lib/my_py_pkg/mine_pub_loud
/home/rag0n/Desktop/project/ros2_ws/install/my_py_pkg/lib/my_py_pkg/mine_pub_loud_2
/home/rag0n/Desktop/project/ros2_ws/install/my_py_pkg/lib/my_py_pkg/mine_service_perception
/home/rag0n/Desktop/project/ros2_ws/install/my_py_pkg/lib/my_py_pkg/mine_sub
/home/rag0n/Desktop/project/ros2_ws/install/my_py_pkg/lib/my_py_pkg/mine_sub_loud
/home/rag0n/Desktop/project/ros2_ws/install/my_py_pkg/lib/my_py_pkg/mine_sub_loud_2
/home/rag0n/Desktop/project/ros2_ws/install/my_py_pkg/lib/my_py_pkg/py_node
/home/rag0n/Desktop/project/ros2_ws/install/my_py_pkg/lib/my_py_pkg/state_publisher
/home/rag0n/Desktop/project/ros2_ws/install/my_py_pkg/lib/my_py_pkg/state_subscriber
