running egg_info
writing ../../build/tutorial_interfaces/tutorial_interfaces.egg-info/PKG-INFO
writing dependency_links to ../../build/tutorial_interfaces/tutorial_interfaces.egg-info/dependency_links.txt
writing entry points to ../../build/tutorial_interfaces/tutorial_interfaces.egg-info/entry_points.txt
writing requirements to ../../build/tutorial_interfaces/tutorial_interfaces.egg-info/requires.txt
writing top-level names to ../../build/tutorial_interfaces/tutorial_interfaces.egg-info/top_level.txt
reading manifest file '../../build/tutorial_interfaces/tutorial_interfaces.egg-info/SOURCES.txt'
adding license file 'LICENSE'
writing manifest file '../../build/tutorial_interfaces/tutorial_interfaces.egg-info/SOURCES.txt'
running build
running build_py
copying tutorial_interfaces/__init__.py -> /home/rag0n/Desktop/project/ros2_ws/build/tutorial_interfaces/build/lib/tutorial_interfaces
running install
running install_lib
copying /home/rag0n/Desktop/project/ros2_ws/build/tutorial_interfaces/build/lib/tutorial_interfaces/__init__.py -> /home/rag0n/Desktop/project/ros2_ws/install/tutorial_interfaces/lib/python3.10/site-packages/tutorial_interfaces
byte-compiling /home/rag0n/Desktop/project/ros2_ws/install/tutorial_interfaces/lib/python3.10/site-packages/tutorial_interfaces/__init__.py to __init__.cpython-310.pyc
running install_data
copying resource/tutorial_interfaces -> /home/rag0n/Desktop/project/ros2_ws/install/tutorial_interfaces/share/ament_index/resource_index/packages
copying package.xml -> /home/rag0n/Desktop/project/ros2_ws/install/tutorial_interfaces/share/tutorial_interfaces
running install_egg_info
removing '/home/rag0n/Desktop/project/ros2_ws/install/tutorial_interfaces/lib/python3.10/site-packages/tutorial_interfaces-0.0.0-py3.10.egg-info' (and everything under it)
Copying ../../build/tutorial_interfaces/tutorial_interfaces.egg-info to /home/rag0n/Desktop/project/ros2_ws/install/tutorial_interfaces/lib/python3.10/site-packages/tutorial_interfaces-0.0.0-py3.10.egg-info
running install_scripts
writing list of installed files to '/home/rag0n/Desktop/project/ros2_ws/build/tutorial_interfaces/install.log'
