[0.013s] Invoking command in '/home/rag0n/Desktop/project/ros2_ws/build/my_custom_interface': CMAKE_PREFIX_PATH=${CMAKE_PREFIX_PATH}:/home/rag0n/Desktop/project/ros2_ws/install/tutorial_interfaces:/home/rag0n/Desktop/project/ros2_ws/install/my_py_pkg:/home/rag0n/Desktop/project/ros2_ws/install/my_custom_interfaces:/opt/ros/humble /usr/bin/cmake --build /home/rag0n/Desktop/project/ros2_ws/build/my_custom_interface -- -j8 -l8
[0.029s] -- Found ament_cmake: 1.3.10 (/opt/ros/humble/share/ament_cmake/cmake)
[0.110s] -- Found geometry_msgs: 4.2.4 (/opt/ros/humble/share/geometry_msgs/cmake)
[0.124s] -- Found rosidl_generator_c: 3.1.5 (/opt/ros/humble/share/rosidl_generator_c/cmake)
[0.125s] -- Found rosidl_adapter: 3.1.5 (/opt/ros/humble/share/rosidl_adapter/cmake)
[0.129s] -- Found rosidl_generator_cpp: 3.1.5 (/opt/ros/humble/share/rosidl_generator_cpp/cmake)
[0.135s] -- Using all available rosidl_typesupport_c: rosidl_typesupport_fastrtps_c;rosidl_typesupport_introspection_c
[0.142s] -- Using all available rosidl_typesupport_cpp: rosidl_typesupport_fastrtps_cpp;rosidl_typesupport_introspection_cpp
[0.163s] -- Found rosidl_default_generators: 1.2.0 (/opt/ros/humble/share/rosidl_default_generators/cmake)
[0.336s] -- Found ament_cmake_ros: 0.10.0 (/opt/ros/humble/share/ament_cmake_ros/cmake)
[0.544s] -- Using all available rosidl_typesupport_c: rosidl_typesupport_fastrtps_c;rosidl_typesupport_introspection_c
[0.624s] -- Using all available rosidl_typesupport_cpp: rosidl_typesupport_fastrtps_cpp;rosidl_typesupport_introspection_cpp
[0.641s] -- Found python_cmake_module: 0.10.0 (/opt/ros/humble/share/python_cmake_module/cmake)
[0.658s] -- Using PYTHON_EXECUTABLE: /usr/bin/python3
[0.658s] -- Using PYTHON_INCLUDE_DIRS: /usr/include/python3.10
[0.658s] -- Using PYTHON_LIBRARIES: /usr/lib/x86_64-linux-gnu/libpython3.10.so
[0.666s] -- Found ament_lint_auto: 0.12.11 (/opt/ros/humble/share/ament_lint_auto/cmake)
[0.679s] -- Added test 'lint_cmake' to check CMake code style
[0.680s] -- Added test 'xmllint' to check XML markup files
[0.681s] -- Configuring done
[0.707s] -- Generating done
[0.709s] -- Build files have been written to: /home/rag0n/Desktop/project/ros2_ws/build/my_custom_interface
[0.724s] [  2%] [34m[1mGenerating C code for ROS interfaces[0m
[0.733s] [  4%] [34m[1mGenerating C++ code for ROS interfaces[0m
[0.741s] [  4%] Built target ament_cmake_python_copy_my_custom_interface
[0.892s] running egg_info
[0.892s] writing my_custom_interface.egg-info/PKG-INFO
[0.892s] writing dependency_links to my_custom_interface.egg-info/dependency_links.txt
[0.893s] writing top-level names to my_custom_interface.egg-info/top_level.txt
[0.894s] reading manifest file 'my_custom_interface.egg-info/SOURCES.txt'
[0.895s] writing manifest file 'my_custom_interface.egg-info/SOURCES.txt'
[0.912s] [  4%] Built target ament_cmake_python_build_my_custom_interface_egg
[1.008s] [35m[1mConsolidate compiler generated dependencies of target my_custom_interface__rosidl_generator_c[0m
[1.015s] [  4%] Built target my_custom_interface__cpp
[1.019s] [  6%] [32mBuilding C object CMakeFiles/my_custom_interface__rosidl_generator_c.dir/rosidl_generator_c/my_custom_interface/msg/detail/loud__functions.c.o[0m
[1.019s] [  8%] [32mBuilding C object CMakeFiles/my_custom_interface__rosidl_generator_c.dir/rosidl_generator_c/my_custom_interface/srv/detail/perceptron_service__functions.c.o[0m
[1.020s] [ 10%] [32mBuilding C object CMakeFiles/my_custom_interface__rosidl_generator_c.dir/rosidl_generator_c/my_custom_interface/msg/detail/perception_inputs__functions.c.o[0m
[1.023s] [ 14%] [34m[1mGenerating C++ type support for eProsima Fast-RTPS[0m
[1.023s] [ 12%] [34m[1mGenerating C++ introspection for ROS interfaces[0m
[1.023s] [ 17%] [34m[1mGenerating C++ type support dispatch for ROS interfaces[0m
[1.103s] [ 19%] [32m[1mLinking C shared library libmy_custom_interface__rosidl_generator_c.so[0m
[1.141s] [ 19%] Built target my_custom_interface__rosidl_generator_c
[1.148s] [ 21%] [34m[1mGenerating C introspection for ROS interfaces[0m
[1.150s] [ 25%] [34m[1mGenerating C type support for eProsima Fast-RTPS[0m
[1.150s] [ 25%] [34m[1mGenerating C type support dispatch for ROS interfaces[0m
[1.280s] [35m[1mConsolidate compiler generated dependencies of target my_custom_interface__rosidl_typesupport_fastrtps_cpp[0m
[1.285s] [35m[1mConsolidate compiler generated dependencies of target my_custom_interface__rosidl_typesupport_cpp[0m
[1.295s] [ 31%] [32mBuilding CXX object CMakeFiles/my_custom_interface__rosidl_typesupport_fastrtps_cpp.dir/rosidl_typesupport_fastrtps_cpp/my_custom_interface/msg/detail/dds_fastrtps/loud__type_support.cpp.o[0m
[1.295s] [ 31%] [32mBuilding CXX object CMakeFiles/my_custom_interface__rosidl_typesupport_fastrtps_cpp.dir/rosidl_typesupport_fastrtps_cpp/my_custom_interface/msg/detail/dds_fastrtps/perception_inputs__type_support.cpp.o[0m
[1.296s] [ 31%] [32mBuilding CXX object CMakeFiles/my_custom_interface__rosidl_typesupport_fastrtps_cpp.dir/rosidl_typesupport_fastrtps_cpp/my_custom_interface/srv/detail/dds_fastrtps/perceptron_service__type_support.cpp.o[0m
[1.296s] [ 34%] [32mBuilding CXX object CMakeFiles/my_custom_interface__rosidl_typesupport_cpp.dir/rosidl_typesupport_cpp/my_custom_interface/msg/perception_inputs__type_support.cpp.o[0m
[1.374s] [35m[1mConsolidate compiler generated dependencies of target my_custom_interface__rosidl_typesupport_introspection_cpp[0m
[1.386s] [ 36%] [32mBuilding CXX object CMakeFiles/my_custom_interface__rosidl_typesupport_introspection_cpp.dir/rosidl_typesupport_introspection_cpp/my_custom_interface/msg/detail/perception_inputs__type_support.cpp.o[0m
[1.440s] [35m[1mConsolidate compiler generated dependencies of target my_custom_interface__rosidl_typesupport_c[0m
[1.452s] [ 38%] [32mBuilding CXX object CMakeFiles/my_custom_interface__rosidl_typesupport_c.dir/rosidl_typesupport_c/my_custom_interface/msg/perception_inputs__type_support.cpp.o[0m
[1.486s] [ 40%] [32mBuilding CXX object CMakeFiles/my_custom_interface__rosidl_typesupport_c.dir/rosidl_typesupport_c/my_custom_interface/msg/loud__type_support.cpp.o[0m
[1.489s] [35m[1mConsolidate compiler generated dependencies of target my_custom_interface__rosidl_typesupport_introspection_c[0m
[1.504s] [ 42%] [32mBuilding C object CMakeFiles/my_custom_interface__rosidl_typesupport_introspection_c.dir/rosidl_typesupport_introspection_c/my_custom_interface/msg/detail/perception_inputs__type_support.c.o[0m
[1.526s] [ 44%] [32mBuilding CXX object CMakeFiles/my_custom_interface__rosidl_typesupport_c.dir/rosidl_typesupport_c/my_custom_interface/srv/perceptron_service__type_support.cpp.o[0m
[1.552s] [ 46%] [32mBuilding C object CMakeFiles/my_custom_interface__rosidl_typesupport_introspection_c.dir/rosidl_typesupport_introspection_c/my_custom_interface/msg/detail/loud__type_support.c.o[0m
[1.559s] [ 48%] [32m[1mLinking CXX shared library libmy_custom_interface__rosidl_typesupport_c.so[0m
[1.593s] [35m[1mConsolidate compiler generated dependencies of target my_custom_interface__rosidl_typesupport_fastrtps_c[0m
[1.603s] [ 51%] [32mBuilding C object CMakeFiles/my_custom_interface__rosidl_typesupport_introspection_c.dir/rosidl_typesupport_introspection_c/my_custom_interface/srv/detail/perceptron_service__type_support.c.o[0m
[1.608s] [ 53%] [32mBuilding CXX object CMakeFiles/my_custom_interface__rosidl_typesupport_fastrtps_c.dir/rosidl_typesupport_fastrtps_c/my_custom_interface/msg/detail/perception_inputs__type_support_c.cpp.o[0m
[1.618s] [ 53%] Built target my_custom_interface__rosidl_typesupport_c
[1.626s] [ 55%] [32mBuilding CXX object CMakeFiles/my_custom_interface__rosidl_typesupport_introspection_cpp.dir/rosidl_typesupport_introspection_cpp/my_custom_interface/msg/detail/loud__type_support.cpp.o[0m
[1.636s] [ 57%] [32mBuilding CXX object CMakeFiles/my_custom_interface__rosidl_typesupport_cpp.dir/rosidl_typesupport_cpp/my_custom_interface/msg/loud__type_support.cpp.o[0m
[1.663s] [ 59%] [32m[1mLinking C shared library libmy_custom_interface__rosidl_typesupport_introspection_c.so[0m
[1.701s] [ 59%] Built target my_custom_interface__rosidl_typesupport_introspection_c
[1.710s] [ 61%] [32mBuilding CXX object CMakeFiles/my_custom_interface__rosidl_typesupport_cpp.dir/rosidl_typesupport_cpp/my_custom_interface/srv/perceptron_service__type_support.cpp.o[0m
[1.796s] [ 63%] [32mBuilding CXX object CMakeFiles/my_custom_interface__rosidl_typesupport_introspection_cpp.dir/rosidl_typesupport_introspection_cpp/my_custom_interface/srv/detail/perceptron_service__type_support.cpp.o[0m
[1.807s] [ 65%] [32mBuilding CXX object CMakeFiles/my_custom_interface__rosidl_typesupport_fastrtps_c.dir/rosidl_typesupport_fastrtps_c/my_custom_interface/msg/detail/loud__type_support_c.cpp.o[0m
[1.811s] [ 68%] [32mBuilding CXX object CMakeFiles/my_custom_interface__rosidl_typesupport_fastrtps_c.dir/rosidl_typesupport_fastrtps_c/my_custom_interface/srv/detail/perceptron_service__type_support_c.cpp.o[0m
[1.826s] [ 70%] [32m[1mLinking CXX shared library libmy_custom_interface__rosidl_typesupport_fastrtps_cpp.so[0m
[1.931s] [ 70%] Built target my_custom_interface__rosidl_typesupport_fastrtps_cpp
[1.971s] [ 72%] [32m[1mLinking CXX shared library libmy_custom_interface__rosidl_typesupport_cpp.so[0m
[1.999s] [ 72%] Built target my_custom_interface__rosidl_typesupport_cpp
[2.108s] [ 74%] [32m[1mLinking CXX shared library libmy_custom_interface__rosidl_typesupport_fastrtps_c.so[0m
[2.127s] [ 76%] [32m[1mLinking CXX shared library libmy_custom_interface__rosidl_typesupport_introspection_cpp.so[0m
[2.158s] [ 76%] Built target my_custom_interface__rosidl_typesupport_fastrtps_c
[2.183s] [ 76%] Built target my_custom_interface__rosidl_typesupport_introspection_cpp
[2.202s] [ 76%] Built target my_custom_interface
[2.221s] [ 78%] [34m[1mGenerating Python code for ROS interfaces[0m
[2.548s] [ 78%] Built target my_custom_interface__py
[2.556s] [35m[1mConsolidate compiler generated dependencies of target my_custom_interface__rosidl_generator_py[0m
[2.567s] [ 85%] [32mBuilding C object CMakeFiles/my_custom_interface__rosidl_generator_py.dir/rosidl_generator_py/my_custom_interface/msg/_loud_s.c.o[0m
[2.567s] [ 85%] [32mBuilding C object CMakeFiles/my_custom_interface__rosidl_generator_py.dir/rosidl_generator_py/my_custom_interface/srv/_perceptron_service_s.c.o[0m
[2.567s] [ 85%] [32mBuilding C object CMakeFiles/my_custom_interface__rosidl_generator_py.dir/rosidl_generator_py/my_custom_interface/msg/_perception_inputs_s.c.o[0m
[2.658s] [ 87%] [32m[1mLinking C shared library rosidl_generator_py/my_custom_interface/libmy_custom_interface__rosidl_generator_py.so[0m
[2.684s] [ 87%] Built target my_custom_interface__rosidl_generator_py
[2.691s] [35m[1mConsolidate compiler generated dependencies of target my_custom_interface__rosidl_typesupport_introspection_c__pyext[0m
[2.691s] [35m[1mConsolidate compiler generated dependencies of target my_custom_interface__rosidl_typesupport_fastrtps_c__pyext[0m
[2.691s] [35m[1mConsolidate compiler generated dependencies of target my_custom_interface__rosidl_typesupport_c__pyext[0m
[2.699s] [ 93%] [32mBuilding C object CMakeFiles/my_custom_interface__rosidl_typesupport_introspection_c__pyext.dir/rosidl_generator_py/my_custom_interface/_my_custom_interface_s.ep.rosidl_typesupport_introspection_c.c.o[0m
[2.699s] [ 93%] [32mBuilding C object CMakeFiles/my_custom_interface__rosidl_typesupport_fastrtps_c__pyext.dir/rosidl_generator_py/my_custom_interface/_my_custom_interface_s.ep.rosidl_typesupport_fastrtps_c.c.o[0m
[2.699s] [ 93%] [32mBuilding C object CMakeFiles/my_custom_interface__rosidl_typesupport_c__pyext.dir/rosidl_generator_py/my_custom_interface/_my_custom_interface_s.ep.rosidl_typesupport_c.c.o[0m
[2.761s] [ 95%] [32m[1mLinking C shared library rosidl_generator_py/my_custom_interface/my_custom_interface_s__rosidl_typesupport_c.cpython-310-x86_64-linux-gnu.so[0m
[2.762s] [ 97%] [32m[1mLinking C shared library rosidl_generator_py/my_custom_interface/my_custom_interface_s__rosidl_typesupport_fastrtps_c.cpython-310-x86_64-linux-gnu.so[0m
[2.762s] [100%] [32m[1mLinking C shared library rosidl_generator_py/my_custom_interface/my_custom_interface_s__rosidl_typesupport_introspection_c.cpython-310-x86_64-linux-gnu.so[0m
[2.783s] [100%] Built target my_custom_interface__rosidl_typesupport_c__pyext
[2.783s] [100%] Built target my_custom_interface__rosidl_typesupport_introspection_c__pyext
[2.783s] [100%] Built target my_custom_interface__rosidl_typesupport_fastrtps_c__pyext
[2.791s] Invoked command in '/home/rag0n/Desktop/project/ros2_ws/build/my_custom_interface' returned '0': CMAKE_PREFIX_PATH=${CMAKE_PREFIX_PATH}:/home/rag0n/Desktop/project/ros2_ws/install/tutorial_interfaces:/home/rag0n/Desktop/project/ros2_ws/install/my_py_pkg:/home/rag0n/Desktop/project/ros2_ws/install/my_custom_interfaces:/opt/ros/humble /usr/bin/cmake --build /home/rag0n/Desktop/project/ros2_ws/build/my_custom_interface -- -j8 -l8
[2.852s] Invoking command in '/home/rag0n/Desktop/project/ros2_ws/build/my_custom_interface': CMAKE_PREFIX_PATH=${CMAKE_PREFIX_PATH}:/home/rag0n/Desktop/project/ros2_ws/install/tutorial_interfaces:/home/rag0n/Desktop/project/ros2_ws/install/my_py_pkg:/home/rag0n/Desktop/project/ros2_ws/install/my_custom_interfaces:/opt/ros/humble /usr/bin/cmake --install /home/rag0n/Desktop/project/ros2_ws/build/my_custom_interface
[2.857s] -- Install configuration: ""
[2.857s] -- Installing: /home/rag0n/Desktop/project/ros2_ws/install/my_custom_interface/share/ament_index/resource_index/rosidl_interfaces/my_custom_interface
[2.857s] -- Up-to-date: /home/rag0n/Desktop/project/ros2_ws/install/my_custom_interface/include/my_custom_interface/my_custom_interface
[2.857s] -- Installing: /home/rag0n/Desktop/project/ros2_ws/install/my_custom_interface/include/my_custom_interface/my_custom_interface/srv
[2.857s] -- Installing: /home/rag0n/Desktop/project/ros2_ws/install/my_custom_interface/include/my_custom_interface/my_custom_interface/srv/detail
[2.857s] -- Installing: /home/rag0n/Desktop/project/ros2_ws/install/my_custom_interface/include/my_custom_interface/my_custom_interface/srv/detail/perceptron_service__functions.c
[2.857s] -- Installing: /home/rag0n/Desktop/project/ros2_ws/install/my_custom_interface/include/my_custom_interface/my_custom_interface/srv/detail/perceptron_service__functions.h
[2.857s] -- Installing: /home/rag0n/Desktop/project/ros2_ws/install/my_custom_interface/include/my_custom_interface/my_custom_interface/srv/detail/perceptron_service__struct.h
[2.857s] -- Installing: /home/rag0n/Desktop/project/ros2_ws/install/my_custom_interface/include/my_custom_interface/my_custom_interface/srv/detail/perceptron_service__type_support.h
[2.857s] -- Installing: /home/rag0n/Desktop/project/ros2_ws/install/my_custom_interface/include/my_custom_interface/my_custom_interface/srv/perceptron_service.h
[2.857s] -- Up-to-date: /home/rag0n/Desktop/project/ros2_ws/install/my_custom_interface/include/my_custom_interface/my_custom_interface/msg
[2.857s] -- Up-to-date: /home/rag0n/Desktop/project/ros2_ws/install/my_custom_interface/include/my_custom_interface/my_custom_interface/msg/rosidl_generator_c__visibility_control.h
[2.857s] -- Up-to-date: /home/rag0n/Desktop/project/ros2_ws/install/my_custom_interface/include/my_custom_interface/my_custom_interface/msg/detail
[2.857s] -- Installing: /home/rag0n/Desktop/project/ros2_ws/install/my_custom_interface/include/my_custom_interface/my_custom_interface/msg/detail/loud__functions.h
[2.857s] -- Installing: /home/rag0n/Desktop/project/ros2_ws/install/my_custom_interface/include/my_custom_interface/my_custom_interface/msg/detail/loud__functions.c
[2.858s] -- Installing: /home/rag0n/Desktop/project/ros2_ws/install/my_custom_interface/include/my_custom_interface/my_custom_interface/msg/detail/perception_inputs__functions.h
[2.858s] -- Installing: /home/rag0n/Desktop/project/ros2_ws/install/my_custom_interface/include/my_custom_interface/my_custom_interface/msg/detail/perception_inputs__type_support.h
[2.858s] -- Installing: /home/rag0n/Desktop/project/ros2_ws/install/my_custom_interface/include/my_custom_interface/my_custom_interface/msg/detail/loud__struct.h
[2.858s] -- Installing: /home/rag0n/Desktop/project/ros2_ws/install/my_custom_interface/include/my_custom_interface/my_custom_interface/msg/detail/loud__type_support.h
[2.858s] -- Installing: /home/rag0n/Desktop/project/ros2_ws/install/my_custom_interface/include/my_custom_interface/my_custom_interface/msg/detail/perception_inputs__struct.h
[2.858s] -- Installing: /home/rag0n/Desktop/project/ros2_ws/install/my_custom_interface/include/my_custom_interface/my_custom_interface/msg/detail/perception_inputs__functions.c
[2.858s] -- Installing: /home/rag0n/Desktop/project/ros2_ws/install/my_custom_interface/include/my_custom_interface/my_custom_interface/msg/loud.h
[2.858s] -- Installing: /home/rag0n/Desktop/project/ros2_ws/install/my_custom_interface/include/my_custom_interface/my_custom_interface/msg/perception_inputs.h
[2.858s] -- Up-to-date: /home/rag0n/Desktop/project/ros2_ws/install/my_custom_interface/share/my_custom_interface/environment/library_path.sh
[2.858s] -- Installing: /home/rag0n/Desktop/project/ros2_ws/install/my_custom_interface/share/my_custom_interface/environment/library_path.dsv
[2.858s] -- Installing: /home/rag0n/Desktop/project/ros2_ws/install/my_custom_interface/lib/libmy_custom_interface__rosidl_generator_c.so
[2.858s] -- Set runtime path of "/home/rag0n/Desktop/project/ros2_ws/install/my_custom_interface/lib/libmy_custom_interface__rosidl_generator_c.so" to ""
[2.859s] -- Up-to-date: /home/rag0n/Desktop/project/ros2_ws/install/my_custom_interface/include/my_custom_interface/my_custom_interface
[2.859s] -- Up-to-date: /home/rag0n/Desktop/project/ros2_ws/install/my_custom_interface/include/my_custom_interface/my_custom_interface/srv
[2.859s] -- Up-to-date: /home/rag0n/Desktop/project/ros2_ws/install/my_custom_interface/include/my_custom_interface/my_custom_interface/srv/detail
[2.859s] -- Installing: /home/rag0n/Desktop/project/ros2_ws/install/my_custom_interface/include/my_custom_interface/my_custom_interface/srv/detail/perceptron_service__rosidl_typesupport_fastrtps_c.h
[2.859s] -- Up-to-date: /home/rag0n/Desktop/project/ros2_ws/install/my_custom_interface/include/my_custom_interface/my_custom_interface/msg
[2.859s] -- Up-to-date: /home/rag0n/Desktop/project/ros2_ws/install/my_custom_interface/include/my_custom_interface/my_custom_interface/msg/rosidl_typesupport_fastrtps_c__visibility_control.h
[2.859s] -- Up-to-date: /home/rag0n/Desktop/project/ros2_ws/install/my_custom_interface/include/my_custom_interface/my_custom_interface/msg/detail
[2.859s] -- Installing: /home/rag0n/Desktop/project/ros2_ws/install/my_custom_interface/include/my_custom_interface/my_custom_interface/msg/detail/perception_inputs__rosidl_typesupport_fastrtps_c.h
[2.859s] -- Installing: /home/rag0n/Desktop/project/ros2_ws/install/my_custom_interface/include/my_custom_interface/my_custom_interface/msg/detail/loud__rosidl_typesupport_fastrtps_c.h
[2.859s] -- Installing: /home/rag0n/Desktop/project/ros2_ws/install/my_custom_interface/lib/libmy_custom_interface__rosidl_typesupport_fastrtps_c.so
[2.859s] -- Set runtime path of "/home/rag0n/Desktop/project/ros2_ws/install/my_custom_interface/lib/libmy_custom_interface__rosidl_typesupport_fastrtps_c.so" to ""
[2.859s] -- Up-to-date: /home/rag0n/Desktop/project/ros2_ws/install/my_custom_interface/include/my_custom_interface/my_custom_interface
[2.859s] -- Up-to-date: /home/rag0n/Desktop/project/ros2_ws/install/my_custom_interface/include/my_custom_interface/my_custom_interface/srv
[2.859s] -- Installing: /home/rag0n/Desktop/project/ros2_ws/install/my_custom_interface/include/my_custom_interface/my_custom_interface/srv/perceptron_service.hpp
[2.859s] -- Up-to-date: /home/rag0n/Desktop/project/ros2_ws/install/my_custom_interface/include/my_custom_interface/my_custom_interface/srv/detail
[2.859s] -- Installing: /home/rag0n/Desktop/project/ros2_ws/install/my_custom_interface/include/my_custom_interface/my_custom_interface/srv/detail/perceptron_service__traits.hpp
[2.859s] -- Installing: /home/rag0n/Desktop/project/ros2_ws/install/my_custom_interface/include/my_custom_interface/my_custom_interface/srv/detail/perceptron_service__struct.hpp
[2.860s] -- Installing: /home/rag0n/Desktop/project/ros2_ws/install/my_custom_interface/include/my_custom_interface/my_custom_interface/srv/detail/perceptron_service__builder.hpp
[2.860s] -- Up-to-date: /home/rag0n/Desktop/project/ros2_ws/install/my_custom_interface/include/my_custom_interface/my_custom_interface/msg
[2.860s] -- Installing: /home/rag0n/Desktop/project/ros2_ws/install/my_custom_interface/include/my_custom_interface/my_custom_interface/msg/loud.hpp
[2.860s] -- Installing: /home/rag0n/Desktop/project/ros2_ws/install/my_custom_interface/include/my_custom_interface/my_custom_interface/msg/perception_inputs.hpp
[2.860s] -- Up-to-date: /home/rag0n/Desktop/project/ros2_ws/install/my_custom_interface/include/my_custom_interface/my_custom_interface/msg/detail
[2.860s] -- Installing: /home/rag0n/Desktop/project/ros2_ws/install/my_custom_interface/include/my_custom_interface/my_custom_interface/msg/detail/perception_inputs__builder.hpp
[2.860s] -- Installing: /home/rag0n/Desktop/project/ros2_ws/install/my_custom_interface/include/my_custom_interface/my_custom_interface/msg/detail/loud__struct.hpp
[2.860s] -- Installing: /home/rag0n/Desktop/project/ros2_ws/install/my_custom_interface/include/my_custom_interface/my_custom_interface/msg/detail/perception_inputs__struct.hpp
[2.860s] -- Installing: /home/rag0n/Desktop/project/ros2_ws/install/my_custom_interface/include/my_custom_interface/my_custom_interface/msg/detail/loud__traits.hpp
[2.860s] -- Installing: /home/rag0n/Desktop/project/ros2_ws/install/my_custom_interface/include/my_custom_interface/my_custom_interface/msg/detail/loud__builder.hpp
[2.860s] -- Installing: /home/rag0n/Desktop/project/ros2_ws/install/my_custom_interface/include/my_custom_interface/my_custom_interface/msg/detail/perception_inputs__traits.hpp
[2.860s] -- Up-to-date: /home/rag0n/Desktop/project/ros2_ws/install/my_custom_interface/include/my_custom_interface/my_custom_interface
[2.860s] -- Up-to-date: /home/rag0n/Desktop/project/ros2_ws/install/my_custom_interface/include/my_custom_interface/my_custom_interface/srv
[2.860s] -- Up-to-date: /home/rag0n/Desktop/project/ros2_ws/install/my_custom_interface/include/my_custom_interface/my_custom_interface/srv/detail
[2.860s] -- Installing: /home/rag0n/Desktop/project/ros2_ws/install/my_custom_interface/include/my_custom_interface/my_custom_interface/srv/detail/perceptron_service__rosidl_typesupport_fastrtps_cpp.hpp
[2.860s] -- Installing: /home/rag0n/Desktop/project/ros2_ws/install/my_custom_interface/include/my_custom_interface/my_custom_interface/srv/detail/dds_fastrtps
[2.860s] -- Up-to-date: /home/rag0n/Desktop/project/ros2_ws/install/my_custom_interface/include/my_custom_interface/my_custom_interface/msg
[2.860s] -- Up-to-date: /home/rag0n/Desktop/project/ros2_ws/install/my_custom_interface/include/my_custom_interface/my_custom_interface/msg/rosidl_typesupport_fastrtps_cpp__visibility_control.h
[2.860s] -- Up-to-date: /home/rag0n/Desktop/project/ros2_ws/install/my_custom_interface/include/my_custom_interface/my_custom_interface/msg/detail
[2.861s] -- Up-to-date: /home/rag0n/Desktop/project/ros2_ws/install/my_custom_interface/include/my_custom_interface/my_custom_interface/msg/detail/dds_fastrtps
[2.861s] -- Installing: /home/rag0n/Desktop/project/ros2_ws/install/my_custom_interface/include/my_custom_interface/my_custom_interface/msg/detail/loud__rosidl_typesupport_fastrtps_cpp.hpp
[2.861s] -- Installing: /home/rag0n/Desktop/project/ros2_ws/install/my_custom_interface/include/my_custom_interface/my_custom_interface/msg/detail/perception_inputs__rosidl_typesupport_fastrtps_cpp.hpp
[2.861s] -- Installing: /home/rag0n/Desktop/project/ros2_ws/install/my_custom_interface/lib/libmy_custom_interface__rosidl_typesupport_fastrtps_cpp.so
[2.861s] -- Set runtime path of "/home/rag0n/Desktop/project/ros2_ws/install/my_custom_interface/lib/libmy_custom_interface__rosidl_typesupport_fastrtps_cpp.so" to ""
[2.861s] -- Up-to-date: /home/rag0n/Desktop/project/ros2_ws/install/my_custom_interface/include/my_custom_interface/my_custom_interface
[2.861s] -- Up-to-date: /home/rag0n/Desktop/project/ros2_ws/install/my_custom_interface/include/my_custom_interface/my_custom_interface/srv
[2.861s] -- Up-to-date: /home/rag0n/Desktop/project/ros2_ws/install/my_custom_interface/include/my_custom_interface/my_custom_interface/srv/detail
[2.862s] -- Installing: /home/rag0n/Desktop/project/ros2_ws/install/my_custom_interface/include/my_custom_interface/my_custom_interface/srv/detail/perceptron_service__type_support.c
[2.862s] -- Installing: /home/rag0n/Desktop/project/ros2_ws/install/my_custom_interface/include/my_custom_interface/my_custom_interface/srv/detail/perceptron_service__rosidl_typesupport_introspection_c.h
[2.862s] -- Up-to-date: /home/rag0n/Desktop/project/ros2_ws/install/my_custom_interface/include/my_custom_interface/my_custom_interface/msg
[2.862s] -- Up-to-date: /home/rag0n/Desktop/project/ros2_ws/install/my_custom_interface/include/my_custom_interface/my_custom_interface/msg/detail
[2.862s] -- Installing: /home/rag0n/Desktop/project/ros2_ws/install/my_custom_interface/include/my_custom_interface/my_custom_interface/msg/detail/perception_inputs__type_support.c
[2.862s] -- Installing: /home/rag0n/Desktop/project/ros2_ws/install/my_custom_interface/include/my_custom_interface/my_custom_interface/msg/detail/perception_inputs__rosidl_typesupport_introspection_c.h
[2.862s] -- Installing: /home/rag0n/Desktop/project/ros2_ws/install/my_custom_interface/include/my_custom_interface/my_custom_interface/msg/detail/loud__type_support.c
[2.862s] -- Installing: /home/rag0n/Desktop/project/ros2_ws/install/my_custom_interface/include/my_custom_interface/my_custom_interface/msg/detail/loud__rosidl_typesupport_introspection_c.h
[2.862s] -- Up-to-date: /home/rag0n/Desktop/project/ros2_ws/install/my_custom_interface/include/my_custom_interface/my_custom_interface/msg/rosidl_typesupport_introspection_c__visibility_control.h
[2.862s] -- Installing: /home/rag0n/Desktop/project/ros2_ws/install/my_custom_interface/lib/libmy_custom_interface__rosidl_typesupport_introspection_c.so
[2.862s] -- Set runtime path of "/home/rag0n/Desktop/project/ros2_ws/install/my_custom_interface/lib/libmy_custom_interface__rosidl_typesupport_introspection_c.so" to ""
[2.862s] -- Installing: /home/rag0n/Desktop/project/ros2_ws/install/my_custom_interface/lib/libmy_custom_interface__rosidl_typesupport_c.so
[2.863s] -- Set runtime path of "/home/rag0n/Desktop/project/ros2_ws/install/my_custom_interface/lib/libmy_custom_interface__rosidl_typesupport_c.so" to ""
[2.863s] -- Up-to-date: /home/rag0n/Desktop/project/ros2_ws/install/my_custom_interface/include/my_custom_interface/my_custom_interface
[2.863s] -- Up-to-date: /home/rag0n/Desktop/project/ros2_ws/install/my_custom_interface/include/my_custom_interface/my_custom_interface/srv
[2.863s] -- Up-to-date: /home/rag0n/Desktop/project/ros2_ws/install/my_custom_interface/include/my_custom_interface/my_custom_interface/srv/detail
[2.863s] -- Installing: /home/rag0n/Desktop/project/ros2_ws/install/my_custom_interface/include/my_custom_interface/my_custom_interface/srv/detail/perceptron_service__rosidl_typesupport_introspection_cpp.hpp
[2.863s] -- Installing: /home/rag0n/Desktop/project/ros2_ws/install/my_custom_interface/include/my_custom_interface/my_custom_interface/srv/detail/perceptron_service__type_support.cpp
[2.863s] -- Up-to-date: /home/rag0n/Desktop/project/ros2_ws/install/my_custom_interface/include/my_custom_interface/my_custom_interface/msg
[2.863s] -- Up-to-date: /home/rag0n/Desktop/project/ros2_ws/install/my_custom_interface/include/my_custom_interface/my_custom_interface/msg/detail
[2.863s] -- Installing: /home/rag0n/Desktop/project/ros2_ws/install/my_custom_interface/include/my_custom_interface/my_custom_interface/msg/detail/loud__rosidl_typesupport_introspection_cpp.hpp
[2.863s] -- Installing: /home/rag0n/Desktop/project/ros2_ws/install/my_custom_interface/include/my_custom_interface/my_custom_interface/msg/detail/perception_inputs__rosidl_typesupport_introspection_cpp.hpp
[2.863s] -- Installing: /home/rag0n/Desktop/project/ros2_ws/install/my_custom_interface/include/my_custom_interface/my_custom_interface/msg/detail/perception_inputs__type_support.cpp
[2.863s] -- Installing: /home/rag0n/Desktop/project/ros2_ws/install/my_custom_interface/include/my_custom_interface/my_custom_interface/msg/detail/loud__type_support.cpp
[2.864s] -- Installing: /home/rag0n/Desktop/project/ros2_ws/install/my_custom_interface/lib/libmy_custom_interface__rosidl_typesupport_introspection_cpp.so
[2.864s] -- Set runtime path of "/home/rag0n/Desktop/project/ros2_ws/install/my_custom_interface/lib/libmy_custom_interface__rosidl_typesupport_introspection_cpp.so" to ""
[2.864s] -- Installing: /home/rag0n/Desktop/project/ros2_ws/install/my_custom_interface/lib/libmy_custom_interface__rosidl_typesupport_cpp.so
[2.864s] -- Set runtime path of "/home/rag0n/Desktop/project/ros2_ws/install/my_custom_interface/lib/libmy_custom_interface__rosidl_typesupport_cpp.so" to ""
[2.864s] -- Up-to-date: /home/rag0n/Desktop/project/ros2_ws/install/my_custom_interface/share/my_custom_interface/environment/pythonpath.sh
[2.864s] -- Installing: /home/rag0n/Desktop/project/ros2_ws/install/my_custom_interface/share/my_custom_interface/environment/pythonpath.dsv
[2.865s] -- Up-to-date: /home/rag0n/Desktop/project/ros2_ws/install/my_custom_interface/local/lib/python3.10/dist-packages/my_custom_interface-0.0.0-py3.10.egg-info
[2.865s] -- Installing: /home/rag0n/Desktop/project/ros2_ws/install/my_custom_interface/local/lib/python3.10/dist-packages/my_custom_interface-0.0.0-py3.10.egg-info/PKG-INFO
[2.865s] -- Installing: /home/rag0n/Desktop/project/ros2_ws/install/my_custom_interface/local/lib/python3.10/dist-packages/my_custom_interface-0.0.0-py3.10.egg-info/dependency_links.txt
[2.865s] -- Installing: /home/rag0n/Desktop/project/ros2_ws/install/my_custom_interface/local/lib/python3.10/dist-packages/my_custom_interface-0.0.0-py3.10.egg-info/top_level.txt
[2.865s] -- Installing: /home/rag0n/Desktop/project/ros2_ws/install/my_custom_interface/local/lib/python3.10/dist-packages/my_custom_interface-0.0.0-py3.10.egg-info/SOURCES.txt
[2.865s] -- Up-to-date: /home/rag0n/Desktop/project/ros2_ws/install/my_custom_interface/local/lib/python3.10/dist-packages/my_custom_interface
[2.865s] -- Installing: /home/rag0n/Desktop/project/ros2_ws/install/my_custom_interface/local/lib/python3.10/dist-packages/my_custom_interface/my_custom_interface_s__rosidl_typesupport_fastrtps_c.cpython-310-x86_64-linux-gnu.so
[2.865s] -- Installing: /home/rag0n/Desktop/project/ros2_ws/install/my_custom_interface/local/lib/python3.10/dist-packages/my_custom_interface/srv
[2.865s] -- Installing: /home/rag0n/Desktop/project/ros2_ws/install/my_custom_interface/local/lib/python3.10/dist-packages/my_custom_interface/srv/_perceptron_service.py
[2.866s] -- Installing: /home/rag0n/Desktop/project/ros2_ws/install/my_custom_interface/local/lib/python3.10/dist-packages/my_custom_interface/srv/_perceptron_service_s.c
[2.866s] -- Installing: /home/rag0n/Desktop/project/ros2_ws/install/my_custom_interface/local/lib/python3.10/dist-packages/my_custom_interface/srv/__init__.py
[2.866s] -- Installing: /home/rag0n/Desktop/project/ros2_ws/install/my_custom_interface/local/lib/python3.10/dist-packages/my_custom_interface/libmy_custom_interface__rosidl_generator_py.so
[2.866s] -- Installing: /home/rag0n/Desktop/project/ros2_ws/install/my_custom_interface/local/lib/python3.10/dist-packages/my_custom_interface/my_custom_interface_s__rosidl_typesupport_c.cpython-310-x86_64-linux-gnu.so
[2.866s] -- Installing: /home/rag0n/Desktop/project/ros2_ws/install/my_custom_interface/local/lib/python3.10/dist-packages/my_custom_interface/_my_custom_interface_s.ep.rosidl_typesupport_introspection_c.c
[2.866s] -- Up-to-date: /home/rag0n/Desktop/project/ros2_ws/install/my_custom_interface/local/lib/python3.10/dist-packages/my_custom_interface/msg
[2.866s] -- Installing: /home/rag0n/Desktop/project/ros2_ws/install/my_custom_interface/local/lib/python3.10/dist-packages/my_custom_interface/msg/_loud_s.c
[2.866s] -- Installing: /home/rag0n/Desktop/project/ros2_ws/install/my_custom_interface/local/lib/python3.10/dist-packages/my_custom_interface/msg/_perception_inputs.py
[2.866s] -- Installing: /home/rag0n/Desktop/project/ros2_ws/install/my_custom_interface/local/lib/python3.10/dist-packages/my_custom_interface/msg/_loud.py
[2.866s] -- Installing: /home/rag0n/Desktop/project/ros2_ws/install/my_custom_interface/local/lib/python3.10/dist-packages/my_custom_interface/msg/_perception_inputs_s.c
[2.866s] -- Installing: /home/rag0n/Desktop/project/ros2_ws/install/my_custom_interface/local/lib/python3.10/dist-packages/my_custom_interface/msg/__init__.py
[2.866s] -- Installing: /home/rag0n/Desktop/project/ros2_ws/install/my_custom_interface/local/lib/python3.10/dist-packages/my_custom_interface/__init__.py
[2.866s] -- Installing: /home/rag0n/Desktop/project/ros2_ws/install/my_custom_interface/local/lib/python3.10/dist-packages/my_custom_interface/my_custom_interface_s__rosidl_typesupport_introspection_c.cpython-310-x86_64-linux-gnu.so
[2.866s] -- Installing: /home/rag0n/Desktop/project/ros2_ws/install/my_custom_interface/local/lib/python3.10/dist-packages/my_custom_interface/_my_custom_interface_s.ep.rosidl_typesupport_fastrtps_c.c
[2.866s] -- Installing: /home/rag0n/Desktop/project/ros2_ws/install/my_custom_interface/local/lib/python3.10/dist-packages/my_custom_interface/_my_custom_interface_s.ep.rosidl_typesupport_c.c
[2.892s] Listing '/home/rag0n/Desktop/project/ros2_ws/install/my_custom_interface/local/lib/python3.10/dist-packages/my_custom_interface'...
[2.892s] Compiling '/home/rag0n/Desktop/project/ros2_ws/install/my_custom_interface/local/lib/python3.10/dist-packages/my_custom_interface/__init__.py'...
[2.892s] Listing '/home/rag0n/Desktop/project/ros2_ws/install/my_custom_interface/local/lib/python3.10/dist-packages/my_custom_interface/msg'...
[2.892s] Compiling '/home/rag0n/Desktop/project/ros2_ws/install/my_custom_interface/local/lib/python3.10/dist-packages/my_custom_interface/msg/__init__.py'...
[2.892s] Compiling '/home/rag0n/Desktop/project/ros2_ws/install/my_custom_interface/local/lib/python3.10/dist-packages/my_custom_interface/msg/_loud.py'...
[2.892s] Compiling '/home/rag0n/Desktop/project/ros2_ws/install/my_custom_interface/local/lib/python3.10/dist-packages/my_custom_interface/msg/_perception_inputs.py'...
[2.892s] Listing '/home/rag0n/Desktop/project/ros2_ws/install/my_custom_interface/local/lib/python3.10/dist-packages/my_custom_interface/srv'...
[2.892s] Compiling '/home/rag0n/Desktop/project/ros2_ws/install/my_custom_interface/local/lib/python3.10/dist-packages/my_custom_interface/srv/__init__.py'...
[2.892s] Compiling '/home/rag0n/Desktop/project/ros2_ws/install/my_custom_interface/local/lib/python3.10/dist-packages/my_custom_interface/srv/_perceptron_service.py'...
[2.895s] -- Installing: /home/rag0n/Desktop/project/ros2_ws/install/my_custom_interface/local/lib/python3.10/dist-packages/my_custom_interface/my_custom_interface_s__rosidl_typesupport_fastrtps_c.cpython-310-x86_64-linux-gnu.so
[2.895s] -- Set runtime path of "/home/rag0n/Desktop/project/ros2_ws/install/my_custom_interface/local/lib/python3.10/dist-packages/my_custom_interface/my_custom_interface_s__rosidl_typesupport_fastrtps_c.cpython-310-x86_64-linux-gnu.so" to ""
[2.895s] -- Installing: /home/rag0n/Desktop/project/ros2_ws/install/my_custom_interface/local/lib/python3.10/dist-packages/my_custom_interface/my_custom_interface_s__rosidl_typesupport_introspection_c.cpython-310-x86_64-linux-gnu.so
[2.895s] -- Set runtime path of "/home/rag0n/Desktop/project/ros2_ws/install/my_custom_interface/local/lib/python3.10/dist-packages/my_custom_interface/my_custom_interface_s__rosidl_typesupport_introspection_c.cpython-310-x86_64-linux-gnu.so" to ""
[2.895s] -- Installing: /home/rag0n/Desktop/project/ros2_ws/install/my_custom_interface/local/lib/python3.10/dist-packages/my_custom_interface/my_custom_interface_s__rosidl_typesupport_c.cpython-310-x86_64-linux-gnu.so
[2.895s] -- Set runtime path of "/home/rag0n/Desktop/project/ros2_ws/install/my_custom_interface/local/lib/python3.10/dist-packages/my_custom_interface/my_custom_interface_s__rosidl_typesupport_c.cpython-310-x86_64-linux-gnu.so" to ""
[2.896s] -- Installing: /home/rag0n/Desktop/project/ros2_ws/install/my_custom_interface/lib/libmy_custom_interface__rosidl_generator_py.so
[2.896s] -- Set runtime path of "/home/rag0n/Desktop/project/ros2_ws/install/my_custom_interface/lib/libmy_custom_interface__rosidl_generator_py.so" to ""
[2.896s] -- Up-to-date: /home/rag0n/Desktop/project/ros2_ws/install/my_custom_interface/share/my_custom_interface/msg/PerceptionInputs.idl
[2.896s] -- Up-to-date: /home/rag0n/Desktop/project/ros2_ws/install/my_custom_interface/share/my_custom_interface/msg/Loud.idl
[2.896s] -- Installing: /home/rag0n/Desktop/project/ros2_ws/install/my_custom_interface/share/my_custom_interface/srv/PerceptronService.idl
[2.896s] -- Up-to-date: /home/rag0n/Desktop/project/ros2_ws/install/my_custom_interface/share/my_custom_interface/msg/PerceptionInputs.msg
[2.896s] -- Up-to-date: /home/rag0n/Desktop/project/ros2_ws/install/my_custom_interface/share/my_custom_interface/msg/Loud.msg
[2.896s] -- Installing: /home/rag0n/Desktop/project/ros2_ws/install/my_custom_interface/share/my_custom_interface/srv/PerceptronService.srv
[2.896s] -- Installing: /home/rag0n/Desktop/project/ros2_ws/install/my_custom_interface/share/my_custom_interface/srv/PerceptronService_Request.msg
[2.896s] -- Installing: /home/rag0n/Desktop/project/ros2_ws/install/my_custom_interface/share/my_custom_interface/srv/PerceptronService_Response.msg
[2.896s] -- Up-to-date: /home/rag0n/Desktop/project/ros2_ws/install/my_custom_interface/share/ament_index/resource_index/package_run_dependencies/my_custom_interface
[2.896s] -- Up-to-date: /home/rag0n/Desktop/project/ros2_ws/install/my_custom_interface/share/ament_index/resource_index/parent_prefix_path/my_custom_interface
[2.896s] -- Up-to-date: /home/rag0n/Desktop/project/ros2_ws/install/my_custom_interface/share/my_custom_interface/environment/ament_prefix_path.sh
[2.896s] -- Installing: /home/rag0n/Desktop/project/ros2_ws/install/my_custom_interface/share/my_custom_interface/environment/ament_prefix_path.dsv
[2.897s] -- Up-to-date: /home/rag0n/Desktop/project/ros2_ws/install/my_custom_interface/share/my_custom_interface/environment/path.sh
[2.897s] -- Installing: /home/rag0n/Desktop/project/ros2_ws/install/my_custom_interface/share/my_custom_interface/environment/path.dsv
[2.897s] -- Up-to-date: /home/rag0n/Desktop/project/ros2_ws/install/my_custom_interface/share/my_custom_interface/local_setup.bash
[2.897s] -- Up-to-date: /home/rag0n/Desktop/project/ros2_ws/install/my_custom_interface/share/my_custom_interface/local_setup.sh
[2.897s] -- Up-to-date: /home/rag0n/Desktop/project/ros2_ws/install/my_custom_interface/share/my_custom_interface/local_setup.zsh
[2.897s] -- Installing: /home/rag0n/Desktop/project/ros2_ws/install/my_custom_interface/share/my_custom_interface/local_setup.dsv
[2.897s] -- Installing: /home/rag0n/Desktop/project/ros2_ws/install/my_custom_interface/share/my_custom_interface/package.dsv
[2.897s] -- Up-to-date: /home/rag0n/Desktop/project/ros2_ws/install/my_custom_interface/share/ament_index/resource_index/packages/my_custom_interface
[2.897s] -- Up-to-date: /home/rag0n/Desktop/project/ros2_ws/install/my_custom_interface/share/my_custom_interface/cmake/export_my_custom_interface__rosidl_generator_cExport.cmake
[2.897s] -- Up-to-date: /home/rag0n/Desktop/project/ros2_ws/install/my_custom_interface/share/my_custom_interface/cmake/export_my_custom_interface__rosidl_generator_cExport-noconfig.cmake
[2.898s] -- Up-to-date: /home/rag0n/Desktop/project/ros2_ws/install/my_custom_interface/share/my_custom_interface/cmake/export_my_custom_interface__rosidl_typesupport_fastrtps_cExport.cmake
[2.898s] -- Up-to-date: /home/rag0n/Desktop/project/ros2_ws/install/my_custom_interface/share/my_custom_interface/cmake/export_my_custom_interface__rosidl_typesupport_fastrtps_cExport-noconfig.cmake
[2.898s] -- Up-to-date: /home/rag0n/Desktop/project/ros2_ws/install/my_custom_interface/share/my_custom_interface/cmake/export_my_custom_interface__rosidl_generator_cppExport.cmake
[2.898s] -- Up-to-date: /home/rag0n/Desktop/project/ros2_ws/install/my_custom_interface/share/my_custom_interface/cmake/export_my_custom_interface__rosidl_typesupport_fastrtps_cppExport.cmake
[2.898s] -- Up-to-date: /home/rag0n/Desktop/project/ros2_ws/install/my_custom_interface/share/my_custom_interface/cmake/export_my_custom_interface__rosidl_typesupport_fastrtps_cppExport-noconfig.cmake
[2.898s] -- Up-to-date: /home/rag0n/Desktop/project/ros2_ws/install/my_custom_interface/share/my_custom_interface/cmake/my_custom_interface__rosidl_typesupport_introspection_cExport.cmake
[2.898s] -- Up-to-date: /home/rag0n/Desktop/project/ros2_ws/install/my_custom_interface/share/my_custom_interface/cmake/my_custom_interface__rosidl_typesupport_introspection_cExport-noconfig.cmake
[2.898s] -- Up-to-date: /home/rag0n/Desktop/project/ros2_ws/install/my_custom_interface/share/my_custom_interface/cmake/my_custom_interface__rosidl_typesupport_cExport.cmake
[2.898s] -- Up-to-date: /home/rag0n/Desktop/project/ros2_ws/install/my_custom_interface/share/my_custom_interface/cmake/my_custom_interface__rosidl_typesupport_cExport-noconfig.cmake
[2.899s] -- Up-to-date: /home/rag0n/Desktop/project/ros2_ws/install/my_custom_interface/share/my_custom_interface/cmake/my_custom_interface__rosidl_typesupport_introspection_cppExport.cmake
[2.899s] -- Up-to-date: /home/rag0n/Desktop/project/ros2_ws/install/my_custom_interface/share/my_custom_interface/cmake/my_custom_interface__rosidl_typesupport_introspection_cppExport-noconfig.cmake
[2.899s] -- Up-to-date: /home/rag0n/Desktop/project/ros2_ws/install/my_custom_interface/share/my_custom_interface/cmake/my_custom_interface__rosidl_typesupport_cppExport.cmake
[2.899s] -- Up-to-date: /home/rag0n/Desktop/project/ros2_ws/install/my_custom_interface/share/my_custom_interface/cmake/my_custom_interface__rosidl_typesupport_cppExport-noconfig.cmake
[2.899s] -- Up-to-date: /home/rag0n/Desktop/project/ros2_ws/install/my_custom_interface/share/my_custom_interface/cmake/export_my_custom_interface__rosidl_generator_pyExport.cmake
[2.899s] -- Up-to-date: /home/rag0n/Desktop/project/ros2_ws/install/my_custom_interface/share/my_custom_interface/cmake/export_my_custom_interface__rosidl_generator_pyExport-noconfig.cmake
[2.899s] -- Installing: /home/rag0n/Desktop/project/ros2_ws/install/my_custom_interface/share/my_custom_interface/cmake/rosidl_cmake-extras.cmake
[2.899s] -- Up-to-date: /home/rag0n/Desktop/project/ros2_ws/install/my_custom_interface/share/my_custom_interface/cmake/ament_cmake_export_include_directories-extras.cmake
[2.899s] -- Up-to-date: /home/rag0n/Desktop/project/ros2_ws/install/my_custom_interface/share/my_custom_interface/cmake/ament_cmake_export_libraries-extras.cmake
[2.899s] -- Up-to-date: /home/rag0n/Desktop/project/ros2_ws/install/my_custom_interface/share/my_custom_interface/cmake/ament_cmake_export_targets-extras.cmake
[2.899s] -- Up-to-date: /home/rag0n/Desktop/project/ros2_ws/install/my_custom_interface/share/my_custom_interface/cmake/rosidl_cmake_export_typesupport_targets-extras.cmake
[2.899s] -- Up-to-date: /home/rag0n/Desktop/project/ros2_ws/install/my_custom_interface/share/my_custom_interface/cmake/ament_cmake_export_dependencies-extras.cmake
[2.899s] -- Up-to-date: /home/rag0n/Desktop/project/ros2_ws/install/my_custom_interface/share/my_custom_interface/cmake/rosidl_cmake_export_typesupport_libraries-extras.cmake
[2.900s] -- Up-to-date: /home/rag0n/Desktop/project/ros2_ws/install/my_custom_interface/share/my_custom_interface/cmake/my_custom_interfaceConfig.cmake
[2.900s] -- Up-to-date: /home/rag0n/Desktop/project/ros2_ws/install/my_custom_interface/share/my_custom_interface/cmake/my_custom_interfaceConfig-version.cmake
[2.900s] -- Up-to-date: /home/rag0n/Desktop/project/ros2_ws/install/my_custom_interface/share/my_custom_interface/package.xml
[2.901s] Invoked command in '/home/rag0n/Desktop/project/ros2_ws/build/my_custom_interface' returned '0': CMAKE_PREFIX_PATH=${CMAKE_PREFIX_PATH}:/home/rag0n/Desktop/project/ros2_ws/install/tutorial_interfaces:/home/rag0n/Desktop/project/ros2_ws/install/my_py_pkg:/home/rag0n/Desktop/project/ros2_ws/install/my_custom_interfaces:/opt/ros/humble /usr/bin/cmake --install /home/rag0n/Desktop/project/ros2_ws/build/my_custom_interface
