[0.374s] Invoking command in '/home/rag0n/Desktop/project/ros2_ws/src/tutorial_interfaces': PYTHONPATH=/home/rag0n/Desktop/project/ros2_ws/build/tutorial_interfaces/prefix_override:/home/rag0n/.local/lib/python3.10/site-packages/colcon_core/task/python/colcon_distutils_commands:/home/rag0n/Desktop/project/ros2_ws/install/tutorial_interfaces/lib/python3.10/site-packages:${PYTHONPATH} /usr/bin/python3 -W ignore:setup.py install is deprecated setup.py egg_info --egg-base ../../build/tutorial_interfaces build --build-base /home/rag0n/Desktop/project/ros2_ws/build/tutorial_interfaces/build install --record /home/rag0n/Desktop/project/ros2_ws/build/tutorial_interfaces/install.log --single-version-externally-managed install_data
[0.506s] running egg_info
[0.506s] writing ../../build/tutorial_interfaces/tutorial_interfaces.egg-info/PKG-INFO
[0.506s] writing dependency_links to ../../build/tutorial_interfaces/tutorial_interfaces.egg-info/dependency_links.txt
[0.507s] writing entry points to ../../build/tutorial_interfaces/tutorial_interfaces.egg-info/entry_points.txt
[0.507s] writing requirements to ../../build/tutorial_interfaces/tutorial_interfaces.egg-info/requires.txt
[0.507s] writing top-level names to ../../build/tutorial_interfaces/tutorial_interfaces.egg-info/top_level.txt
[0.508s] reading manifest file '../../build/tutorial_interfaces/tutorial_interfaces.egg-info/SOURCES.txt'
[0.508s] adding license file 'LICENSE'
[0.508s] writing manifest file '../../build/tutorial_interfaces/tutorial_interfaces.egg-info/SOURCES.txt'
[0.508s] running build
[0.508s] running build_py
[0.508s] copying tutorial_interfaces/__init__.py -> /home/rag0n/Desktop/project/ros2_ws/build/tutorial_interfaces/build/lib/tutorial_interfaces
[0.509s] running install
[0.509s] running install_lib
[0.509s] copying /home/rag0n/Desktop/project/ros2_ws/build/tutorial_interfaces/build/lib/tutorial_interfaces/__init__.py -> /home/rag0n/Desktop/project/ros2_ws/install/tutorial_interfaces/lib/python3.10/site-packages/tutorial_interfaces
[0.510s] byte-compiling /home/rag0n/Desktop/project/ros2_ws/install/tutorial_interfaces/lib/python3.10/site-packages/tutorial_interfaces/__init__.py to __init__.cpython-310.pyc
[0.510s] running install_data
[0.510s] copying resource/tutorial_interfaces -> /home/rag0n/Desktop/project/ros2_ws/install/tutorial_interfaces/share/ament_index/resource_index/packages
[0.510s] copying package.xml -> /home/rag0n/Desktop/project/ros2_ws/install/tutorial_interfaces/share/tutorial_interfaces
[0.510s] running install_egg_info
[0.511s] removing '/home/rag0n/Desktop/project/ros2_ws/install/tutorial_interfaces/lib/python3.10/site-packages/tutorial_interfaces-0.0.0-py3.10.egg-info' (and everything under it)
[0.511s] Copying ../../build/tutorial_interfaces/tutorial_interfaces.egg-info to /home/rag0n/Desktop/project/ros2_ws/install/tutorial_interfaces/lib/python3.10/site-packages/tutorial_interfaces-0.0.0-py3.10.egg-info
[0.512s] running install_scripts
[0.524s] writing list of installed files to '/home/rag0n/Desktop/project/ros2_ws/build/tutorial_interfaces/install.log'
[0.539s] Invoked command in '/home/rag0n/Desktop/project/ros2_ws/src/tutorial_interfaces' returned '0': PYTHONPATH=/home/rag0n/Desktop/project/ros2_ws/build/tutorial_interfaces/prefix_override:/home/rag0n/.local/lib/python3.10/site-packages/colcon_core/task/python/colcon_distutils_commands:/home/rag0n/Desktop/project/ros2_ws/install/tutorial_interfaces/lib/python3.10/site-packages:${PYTHONPATH} /usr/bin/python3 -W ignore:setup.py install is deprecated setup.py egg_info --egg-base ../../build/tutorial_interfaces build --build-base /home/rag0n/Desktop/project/ros2_ws/build/tutorial_interfaces/build install --record /home/rag0n/Desktop/project/ros2_ws/build/tutorial_interfaces/install.log --single-version-externally-managed install_data
