[0.667s] Invoking command in '/home/rag0n/Desktop/project/ros2_ws/src/tutorial_interfaces': PYTHONPATH=/home/rag0n/Desktop/project/ros2_ws/build/tutorial_interfaces/prefix_override:/home/rag0n/.local/lib/python3.10/site-packages/colcon_core/task/python/colcon_distutils_commands:/home/rag0n/Desktop/project/ros2_ws/install/tutorial_interfaces/lib/python3.10/site-packages:${PYTHONPATH} /usr/bin/python3 -W ignore:setup.py install is deprecated setup.py egg_info --egg-base ../../build/tutorial_interfaces build --build-base /home/rag0n/Desktop/project/ros2_ws/build/tutorial_interfaces/build install --record /home/rag0n/Desktop/project/ros2_ws/build/tutorial_interfaces/install.log --single-version-externally-managed install_data
[0.807s] running egg_info
[0.807s] writing ../../build/tutorial_interfaces/tutorial_interfaces.egg-info/PKG-INFO
[0.807s] writing dependency_links to ../../build/tutorial_interfaces/tutorial_interfaces.egg-info/dependency_links.txt
[0.808s] writing entry points to ../../build/tutorial_interfaces/tutorial_interfaces.egg-info/entry_points.txt
[0.808s] writing requirements to ../../build/tutorial_interfaces/tutorial_interfaces.egg-info/requires.txt
[0.808s] writing top-level names to ../../build/tutorial_interfaces/tutorial_interfaces.egg-info/top_level.txt
[0.809s] reading manifest file '../../build/tutorial_interfaces/tutorial_interfaces.egg-info/SOURCES.txt'
[0.809s] adding license file 'LICENSE'
[0.809s] writing manifest file '../../build/tutorial_interfaces/tutorial_interfaces.egg-info/SOURCES.txt'
[0.809s] running build
[0.809s] running build_py
[0.810s] running install
[0.810s] running install_lib
[0.811s] running install_data
[0.811s] running install_egg_info
[0.812s] removing '/home/rag0n/Desktop/project/ros2_ws/install/tutorial_interfaces/lib/python3.10/site-packages/tutorial_interfaces-0.0.0-py3.10.egg-info' (and everything under it)
[0.812s] Copying ../../build/tutorial_interfaces/tutorial_interfaces.egg-info to /home/rag0n/Desktop/project/ros2_ws/install/tutorial_interfaces/lib/python3.10/site-packages/tutorial_interfaces-0.0.0-py3.10.egg-info
[0.812s] running install_scripts
[0.827s] writing list of installed files to '/home/rag0n/Desktop/project/ros2_ws/build/tutorial_interfaces/install.log'
[0.855s] Invoked command in '/home/rag0n/Desktop/project/ros2_ws/src/tutorial_interfaces' returned '0': PYTHONPATH=/home/rag0n/Desktop/project/ros2_ws/build/tutorial_interfaces/prefix_override:/home/rag0n/.local/lib/python3.10/site-packages/colcon_core/task/python/colcon_distutils_commands:/home/rag0n/Desktop/project/ros2_ws/install/tutorial_interfaces/lib/python3.10/site-packages:${PYTHONPATH} /usr/bin/python3 -W ignore:setup.py install is deprecated setup.py egg_info --egg-base ../../build/tutorial_interfaces build --build-base /home/rag0n/Desktop/project/ros2_ws/build/tutorial_interfaces/build install --record /home/rag0n/Desktop/project/ros2_ws/build/tutorial_interfaces/install.log --single-version-externally-managed install_data
