[0.010s] Invoking command in '/home/rag0n/Desktop/project/ros2_ws/build/my_custom_interface': CMAKE_PREFIX_PATH=${CMAKE_PREFIX_PATH}:/home/rag0n/Desktop/project/ros2_ws/install/tutorial_interfaces:/home/rag0n/Desktop/project/ros2_ws/install/my_py_pkg:/home/rag0n/Desktop/project/ros2_ws/install/my_custom_interfaces:/opt/ros/humble /usr/bin/cmake --build /home/rag0n/Desktop/project/ros2_ws/build/my_custom_interface -- -j8 -l8
[0.026s] -- Found ament_cmake: 1.3.10 (/opt/ros/humble/share/ament_cmake/cmake)
[0.107s] -- Found geometry_msgs: 4.2.4 (/opt/ros/humble/share/geometry_msgs/cmake)
[0.122s] -- Found rosidl_generator_c: 3.1.5 (/opt/ros/humble/share/rosidl_generator_c/cmake)
[0.123s] -- Found rosidl_adapter: 3.1.5 (/opt/ros/humble/share/rosidl_adapter/cmake)
[0.127s] -- Found rosidl_generator_cpp: 3.1.5 (/opt/ros/humble/share/rosidl_generator_cpp/cmake)
[0.133s] -- Using all available rosidl_typesupport_c: rosidl_typesupport_fastrtps_c;rosidl_typesupport_introspection_c
[0.140s] -- Using all available rosidl_typesupport_cpp: rosidl_typesupport_fastrtps_cpp;rosidl_typesupport_introspection_cpp
[0.161s] -- Found rosidl_default_generators: 1.2.0 (/opt/ros/humble/share/rosidl_default_generators/cmake)
[0.329s] -- Found ament_cmake_ros: 0.10.0 (/opt/ros/humble/share/ament_cmake_ros/cmake)
[0.534s] -- Using all available rosidl_typesupport_c: rosidl_typesupport_fastrtps_c;rosidl_typesupport_introspection_c
[0.611s] -- Using all available rosidl_typesupport_cpp: rosidl_typesupport_fastrtps_cpp;rosidl_typesupport_introspection_cpp
[0.628s] -- Found python_cmake_module: 0.10.0 (/opt/ros/humble/share/python_cmake_module/cmake)
[0.644s] -- Using PYTHON_EXECUTABLE: /usr/bin/python3
[0.644s] -- Using PYTHON_INCLUDE_DIRS: /usr/include/python3.10
[0.644s] -- Using PYTHON_LIBRARIES: /usr/lib/x86_64-linux-gnu/libpython3.10.so
[0.652s] -- Found ament_lint_auto: 0.12.11 (/opt/ros/humble/share/ament_lint_auto/cmake)
[0.665s] -- Added test 'lint_cmake' to check CMake code style
[0.666s] -- Added test 'xmllint' to check XML markup files
[0.668s] -- Configuring done
[0.688s] -- Generating done
[0.690s] -- Build files have been written to: /home/rag0n/Desktop/project/ros2_ws/build/my_custom_interface
[0.705s] [  2%] [34m[1mGenerating C code for ROS interfaces[0m
[0.711s] [  5%] [34m[1mGenerating C++ code for ROS interfaces[0m
[0.718s] [  5%] Built target ament_cmake_python_copy_my_custom_interface
[0.864s] running egg_info
[0.865s] writing my_custom_interface.egg-info/PKG-INFO
[0.865s] writing dependency_links to my_custom_interface.egg-info/dependency_links.txt
[0.865s] writing top-level names to my_custom_interface.egg-info/top_level.txt
[0.867s] reading manifest file 'my_custom_interface.egg-info/SOURCES.txt'
[0.867s] writing manifest file 'my_custom_interface.egg-info/SOURCES.txt'
[0.886s] [  5%] Built target ament_cmake_python_build_my_custom_interface_egg
[0.911s] [35m[1mConsolidate compiler generated dependencies of target my_custom_interface__rosidl_generator_c[0m
[0.918s] [ 10%] [32mBuilding C object CMakeFiles/my_custom_interface__rosidl_generator_c.dir/rosidl_generator_c/my_custom_interface/msg/detail/loud__functions.c.o[0m
[0.918s] [ 10%] Built target my_custom_interface__cpp
[0.918s] [ 10%] [32mBuilding C object CMakeFiles/my_custom_interface__rosidl_generator_c.dir/rosidl_generator_c/my_custom_interface/msg/detail/perception_inputs__functions.c.o[0m
[0.925s] [ 17%] [34m[1mGenerating C++ type support dispatch for ROS interfaces[0m
[0.925s] [ 17%] [34m[1mGenerating C++ introspection for ROS interfaces[0m
[0.925s] [ 17%] [34m[1mGenerating C++ type support for eProsima Fast-RTPS[0m
[1.004s] [ 20%] [32m[1mLinking C shared library libmy_custom_interface__rosidl_generator_c.so[0m
[1.036s] [ 20%] Built target my_custom_interface__rosidl_generator_c
[1.045s] [ 23%] [34m[1mGenerating C type support for eProsima Fast-RTPS[0m
[1.045s] [ 25%] [34m[1mGenerating C type support dispatch for ROS interfaces[0m
[1.046s] [ 28%] [34m[1mGenerating C introspection for ROS interfaces[0m
[1.152s] [35m[1mConsolidate compiler generated dependencies of target my_custom_interface__rosidl_typesupport_fastrtps_cpp[0m
[1.153s] [35m[1mConsolidate compiler generated dependencies of target my_custom_interface__rosidl_typesupport_cpp[0m
[1.162s] [ 33%] [32mBuilding CXX object CMakeFiles/my_custom_interface__rosidl_typesupport_fastrtps_cpp.dir/rosidl_typesupport_fastrtps_cpp/my_custom_interface/msg/detail/dds_fastrtps/perception_inputs__type_support.cpp.o[0m
[1.163s] [ 33%] [32mBuilding CXX object CMakeFiles/my_custom_interface__rosidl_typesupport_fastrtps_cpp.dir/rosidl_typesupport_fastrtps_cpp/my_custom_interface/msg/detail/dds_fastrtps/loud__type_support.cpp.o[0m
[1.163s] [ 35%] [32mBuilding CXX object CMakeFiles/my_custom_interface__rosidl_typesupport_cpp.dir/rosidl_typesupport_cpp/my_custom_interface/msg/perception_inputs__type_support.cpp.o[0m
[1.166s] [ 38%] [32mBuilding CXX object CMakeFiles/my_custom_interface__rosidl_typesupport_cpp.dir/rosidl_typesupport_cpp/my_custom_interface/msg/loud__type_support.cpp.o[0m
[1.167s] [35m[1mConsolidate compiler generated dependencies of target my_custom_interface__rosidl_typesupport_introspection_cpp[0m
[1.177s] [ 41%] [32mBuilding CXX object CMakeFiles/my_custom_interface__rosidl_typesupport_introspection_cpp.dir/rosidl_typesupport_introspection_cpp/my_custom_interface/msg/detail/perception_inputs__type_support.cpp.o[0m
[1.301s] [35m[1mConsolidate compiler generated dependencies of target my_custom_interface__rosidl_typesupport_c[0m
[1.315s] [35m[1mConsolidate compiler generated dependencies of target my_custom_interface__rosidl_typesupport_fastrtps_c[0m
[1.328s] [ 43%] [32mBuilding CXX object CMakeFiles/my_custom_interface__rosidl_typesupport_c.dir/rosidl_typesupport_c/my_custom_interface/msg/perception_inputs__type_support.cpp.o[0m
[1.331s] [ 46%] [32mBuilding CXX object CMakeFiles/my_custom_interface__rosidl_typesupport_fastrtps_c.dir/rosidl_typesupport_fastrtps_c/my_custom_interface/msg/detail/perception_inputs__type_support_c.cpp.o[0m
[1.369s] [35m[1mConsolidate compiler generated dependencies of target my_custom_interface__rosidl_typesupport_introspection_c[0m
[1.381s] [ 48%] [32mBuilding CXX object CMakeFiles/my_custom_interface__rosidl_typesupport_c.dir/rosidl_typesupport_c/my_custom_interface/msg/loud__type_support.cpp.o[0m
[1.381s] [ 51%] [32mBuilding C object CMakeFiles/my_custom_interface__rosidl_typesupport_introspection_c.dir/rosidl_typesupport_introspection_c/my_custom_interface/msg/detail/perception_inputs__type_support.c.o[0m
[1.422s] [ 53%] [32m[1mLinking CXX shared library libmy_custom_interface__rosidl_typesupport_c.so[0m
[1.422s] [ 56%] [32mBuilding C object CMakeFiles/my_custom_interface__rosidl_typesupport_introspection_c.dir/rosidl_typesupport_introspection_c/my_custom_interface/msg/detail/loud__type_support.c.o[0m
[1.465s] [ 58%] [32m[1mLinking C shared library libmy_custom_interface__rosidl_typesupport_introspection_c.so[0m
[1.479s] [ 61%] [32mBuilding CXX object CMakeFiles/my_custom_interface__rosidl_typesupport_fastrtps_c.dir/rosidl_typesupport_fastrtps_c/my_custom_interface/msg/detail/loud__type_support_c.cpp.o[0m
[1.481s] [ 61%] Built target my_custom_interface__rosidl_typesupport_c
[1.487s] [ 64%] [32m[1mLinking CXX shared library libmy_custom_interface__rosidl_typesupport_cpp.so[0m
[1.492s] [ 66%] [32mBuilding CXX object CMakeFiles/my_custom_interface__rosidl_typesupport_introspection_cpp.dir/rosidl_typesupport_introspection_cpp/my_custom_interface/msg/detail/loud__type_support.cpp.o[0m
[1.494s] [ 66%] Built target my_custom_interface__rosidl_typesupport_introspection_c
[1.534s] [ 66%] Built target my_custom_interface__rosidl_typesupport_cpp
[1.640s] [ 69%] [32m[1mLinking CXX shared library libmy_custom_interface__rosidl_typesupport_fastrtps_cpp.so[0m
[1.691s] [ 69%] Built target my_custom_interface__rosidl_typesupport_fastrtps_cpp
[1.773s] [ 71%] [32m[1mLinking CXX shared library libmy_custom_interface__rosidl_typesupport_fastrtps_c.so[0m
[1.820s] [ 71%] Built target my_custom_interface__rosidl_typesupport_fastrtps_c
[1.827s] [ 74%] [32m[1mLinking CXX shared library libmy_custom_interface__rosidl_typesupport_introspection_cpp.so[0m
[1.873s] [ 74%] Built target my_custom_interface__rosidl_typesupport_introspection_cpp
[1.886s] [ 74%] Built target my_custom_interface
[1.899s] [ 76%] [34m[1mGenerating Python code for ROS interfaces[0m
[2.130s] [ 76%] Built target my_custom_interface__py
[2.137s] [35m[1mConsolidate compiler generated dependencies of target my_custom_interface__rosidl_generator_py[0m
[2.145s] [ 82%] [32mBuilding C object CMakeFiles/my_custom_interface__rosidl_generator_py.dir/rosidl_generator_py/my_custom_interface/msg/_loud_s.c.o[0m
[2.146s] [ 82%] [32mBuilding C object CMakeFiles/my_custom_interface__rosidl_generator_py.dir/rosidl_generator_py/my_custom_interface/msg/_perception_inputs_s.c.o[0m
[2.228s] [ 84%] [32m[1mLinking C shared library rosidl_generator_py/my_custom_interface/libmy_custom_interface__rosidl_generator_py.so[0m
[2.256s] [ 84%] Built target my_custom_interface__rosidl_generator_py
[2.263s] [35m[1mConsolidate compiler generated dependencies of target my_custom_interface__rosidl_typesupport_c__pyext[0m
[2.263s] [35m[1mConsolidate compiler generated dependencies of target my_custom_interface__rosidl_typesupport_fastrtps_c__pyext[0m
[2.263s] [35m[1mConsolidate compiler generated dependencies of target my_custom_interface__rosidl_typesupport_introspection_c__pyext[0m
[2.272s] [ 92%] [32mBuilding C object CMakeFiles/my_custom_interface__rosidl_typesupport_introspection_c__pyext.dir/rosidl_generator_py/my_custom_interface/_my_custom_interface_s.ep.rosidl_typesupport_introspection_c.c.o[0m
[2.272s] [ 92%] [32mBuilding C object CMakeFiles/my_custom_interface__rosidl_typesupport_c__pyext.dir/rosidl_generator_py/my_custom_interface/_my_custom_interface_s.ep.rosidl_typesupport_c.c.o[0m
[2.272s] [ 92%] [32mBuilding C object CMakeFiles/my_custom_interface__rosidl_typesupport_fastrtps_c__pyext.dir/rosidl_generator_py/my_custom_interface/_my_custom_interface_s.ep.rosidl_typesupport_fastrtps_c.c.o[0m
[2.330s] [ 97%] [32m[1mLinking C shared library rosidl_generator_py/my_custom_interface/my_custom_interface_s__rosidl_typesupport_introspection_c.cpython-310-x86_64-linux-gnu.so[0m
[2.330s] [ 97%] [32m[1mLinking C shared library rosidl_generator_py/my_custom_interface/my_custom_interface_s__rosidl_typesupport_c.cpython-310-x86_64-linux-gnu.so[0m
[2.330s] [100%] [32m[1mLinking C shared library rosidl_generator_py/my_custom_interface/my_custom_interface_s__rosidl_typesupport_fastrtps_c.cpython-310-x86_64-linux-gnu.so[0m
[2.352s] [100%] Built target my_custom_interface__rosidl_typesupport_c__pyext
[2.352s] [100%] Built target my_custom_interface__rosidl_typesupport_introspection_c__pyext
[2.354s] [100%] Built target my_custom_interface__rosidl_typesupport_fastrtps_c__pyext
[2.360s] Invoked command in '/home/rag0n/Desktop/project/ros2_ws/build/my_custom_interface' returned '0': CMAKE_PREFIX_PATH=${CMAKE_PREFIX_PATH}:/home/rag0n/Desktop/project/ros2_ws/install/tutorial_interfaces:/home/rag0n/Desktop/project/ros2_ws/install/my_py_pkg:/home/rag0n/Desktop/project/ros2_ws/install/my_custom_interfaces:/opt/ros/humble /usr/bin/cmake --build /home/rag0n/Desktop/project/ros2_ws/build/my_custom_interface -- -j8 -l8
[2.411s] Invoking command in '/home/rag0n/Desktop/project/ros2_ws/build/my_custom_interface': CMAKE_PREFIX_PATH=${CMAKE_PREFIX_PATH}:/home/rag0n/Desktop/project/ros2_ws/install/tutorial_interfaces:/home/rag0n/Desktop/project/ros2_ws/install/my_py_pkg:/home/rag0n/Desktop/project/ros2_ws/install/my_custom_interfaces:/opt/ros/humble /usr/bin/cmake --install /home/rag0n/Desktop/project/ros2_ws/build/my_custom_interface
[2.415s] -- Install configuration: ""
[2.415s] -- Installing: /home/rag0n/Desktop/project/ros2_ws/install/my_custom_interface/share/ament_index/resource_index/rosidl_interfaces/my_custom_interface
[2.416s] -- Up-to-date: /home/rag0n/Desktop/project/ros2_ws/install/my_custom_interface/include/my_custom_interface/my_custom_interface
[2.416s] -- Up-to-date: /home/rag0n/Desktop/project/ros2_ws/install/my_custom_interface/include/my_custom_interface/my_custom_interface/msg
[2.416s] -- Up-to-date: /home/rag0n/Desktop/project/ros2_ws/install/my_custom_interface/include/my_custom_interface/my_custom_interface/msg/rosidl_generator_c__visibility_control.h
[2.416s] -- Up-to-date: /home/rag0n/Desktop/project/ros2_ws/install/my_custom_interface/include/my_custom_interface/my_custom_interface/msg/detail
[2.416s] -- Installing: /home/rag0n/Desktop/project/ros2_ws/install/my_custom_interface/include/my_custom_interface/my_custom_interface/msg/detail/loud__functions.h
[2.416s] -- Installing: /home/rag0n/Desktop/project/ros2_ws/install/my_custom_interface/include/my_custom_interface/my_custom_interface/msg/detail/loud__functions.c
[2.416s] -- Installing: /home/rag0n/Desktop/project/ros2_ws/install/my_custom_interface/include/my_custom_interface/my_custom_interface/msg/detail/perception_inputs__functions.h
[2.416s] -- Installing: /home/rag0n/Desktop/project/ros2_ws/install/my_custom_interface/include/my_custom_interface/my_custom_interface/msg/detail/perception_inputs__type_support.h
[2.416s] -- Installing: /home/rag0n/Desktop/project/ros2_ws/install/my_custom_interface/include/my_custom_interface/my_custom_interface/msg/detail/loud__struct.h
[2.416s] -- Installing: /home/rag0n/Desktop/project/ros2_ws/install/my_custom_interface/include/my_custom_interface/my_custom_interface/msg/detail/loud__type_support.h
[2.416s] -- Installing: /home/rag0n/Desktop/project/ros2_ws/install/my_custom_interface/include/my_custom_interface/my_custom_interface/msg/detail/perception_inputs__struct.h
[2.416s] -- Installing: /home/rag0n/Desktop/project/ros2_ws/install/my_custom_interface/include/my_custom_interface/my_custom_interface/msg/detail/perception_inputs__functions.c
[2.416s] -- Installing: /home/rag0n/Desktop/project/ros2_ws/install/my_custom_interface/include/my_custom_interface/my_custom_interface/msg/loud.h
[2.416s] -- Installing: /home/rag0n/Desktop/project/ros2_ws/install/my_custom_interface/include/my_custom_interface/my_custom_interface/msg/perception_inputs.h
[2.416s] -- Up-to-date: /home/rag0n/Desktop/project/ros2_ws/install/my_custom_interface/share/my_custom_interface/environment/library_path.sh
[2.416s] -- Installing: /home/rag0n/Desktop/project/ros2_ws/install/my_custom_interface/share/my_custom_interface/environment/library_path.dsv
[2.417s] -- Installing: /home/rag0n/Desktop/project/ros2_ws/install/my_custom_interface/lib/libmy_custom_interface__rosidl_generator_c.so
[2.417s] -- Set runtime path of "/home/rag0n/Desktop/project/ros2_ws/install/my_custom_interface/lib/libmy_custom_interface__rosidl_generator_c.so" to ""
[2.417s] -- Up-to-date: /home/rag0n/Desktop/project/ros2_ws/install/my_custom_interface/include/my_custom_interface/my_custom_interface
[2.417s] -- Up-to-date: /home/rag0n/Desktop/project/ros2_ws/install/my_custom_interface/include/my_custom_interface/my_custom_interface/msg
[2.417s] -- Up-to-date: /home/rag0n/Desktop/project/ros2_ws/install/my_custom_interface/include/my_custom_interface/my_custom_interface/msg/rosidl_typesupport_fastrtps_c__visibility_control.h
[2.417s] -- Up-to-date: /home/rag0n/Desktop/project/ros2_ws/install/my_custom_interface/include/my_custom_interface/my_custom_interface/msg/detail
[2.417s] -- Installing: /home/rag0n/Desktop/project/ros2_ws/install/my_custom_interface/include/my_custom_interface/my_custom_interface/msg/detail/perception_inputs__rosidl_typesupport_fastrtps_c.h
[2.417s] -- Installing: /home/rag0n/Desktop/project/ros2_ws/install/my_custom_interface/include/my_custom_interface/my_custom_interface/msg/detail/loud__rosidl_typesupport_fastrtps_c.h
[2.417s] -- Installing: /home/rag0n/Desktop/project/ros2_ws/install/my_custom_interface/lib/libmy_custom_interface__rosidl_typesupport_fastrtps_c.so
[2.418s] -- Set runtime path of "/home/rag0n/Desktop/project/ros2_ws/install/my_custom_interface/lib/libmy_custom_interface__rosidl_typesupport_fastrtps_c.so" to ""
[2.418s] -- Up-to-date: /home/rag0n/Desktop/project/ros2_ws/install/my_custom_interface/include/my_custom_interface/my_custom_interface
[2.418s] -- Up-to-date: /home/rag0n/Desktop/project/ros2_ws/install/my_custom_interface/include/my_custom_interface/my_custom_interface/msg
[2.418s] -- Installing: /home/rag0n/Desktop/project/ros2_ws/install/my_custom_interface/include/my_custom_interface/my_custom_interface/msg/loud.hpp
[2.418s] -- Installing: /home/rag0n/Desktop/project/ros2_ws/install/my_custom_interface/include/my_custom_interface/my_custom_interface/msg/perception_inputs.hpp
[2.418s] -- Up-to-date: /home/rag0n/Desktop/project/ros2_ws/install/my_custom_interface/include/my_custom_interface/my_custom_interface/msg/detail
[2.418s] -- Installing: /home/rag0n/Desktop/project/ros2_ws/install/my_custom_interface/include/my_custom_interface/my_custom_interface/msg/detail/perception_inputs__builder.hpp
[2.418s] -- Installing: /home/rag0n/Desktop/project/ros2_ws/install/my_custom_interface/include/my_custom_interface/my_custom_interface/msg/detail/loud__struct.hpp
[2.418s] -- Installing: /home/rag0n/Desktop/project/ros2_ws/install/my_custom_interface/include/my_custom_interface/my_custom_interface/msg/detail/perception_inputs__struct.hpp
[2.418s] -- Installing: /home/rag0n/Desktop/project/ros2_ws/install/my_custom_interface/include/my_custom_interface/my_custom_interface/msg/detail/loud__traits.hpp
[2.418s] -- Installing: /home/rag0n/Desktop/project/ros2_ws/install/my_custom_interface/include/my_custom_interface/my_custom_interface/msg/detail/loud__builder.hpp
[2.418s] -- Installing: /home/rag0n/Desktop/project/ros2_ws/install/my_custom_interface/include/my_custom_interface/my_custom_interface/msg/detail/perception_inputs__traits.hpp
[2.418s] -- Up-to-date: /home/rag0n/Desktop/project/ros2_ws/install/my_custom_interface/include/my_custom_interface/my_custom_interface
[2.418s] -- Up-to-date: /home/rag0n/Desktop/project/ros2_ws/install/my_custom_interface/include/my_custom_interface/my_custom_interface/msg
[2.418s] -- Up-to-date: /home/rag0n/Desktop/project/ros2_ws/install/my_custom_interface/include/my_custom_interface/my_custom_interface/msg/rosidl_typesupport_fastrtps_cpp__visibility_control.h
[2.418s] -- Up-to-date: /home/rag0n/Desktop/project/ros2_ws/install/my_custom_interface/include/my_custom_interface/my_custom_interface/msg/detail
[2.418s] -- Up-to-date: /home/rag0n/Desktop/project/ros2_ws/install/my_custom_interface/include/my_custom_interface/my_custom_interface/msg/detail/dds_fastrtps
[2.418s] -- Installing: /home/rag0n/Desktop/project/ros2_ws/install/my_custom_interface/include/my_custom_interface/my_custom_interface/msg/detail/loud__rosidl_typesupport_fastrtps_cpp.hpp
[2.419s] -- Installing: /home/rag0n/Desktop/project/ros2_ws/install/my_custom_interface/include/my_custom_interface/my_custom_interface/msg/detail/perception_inputs__rosidl_typesupport_fastrtps_cpp.hpp
[2.419s] -- Installing: /home/rag0n/Desktop/project/ros2_ws/install/my_custom_interface/lib/libmy_custom_interface__rosidl_typesupport_fastrtps_cpp.so
[2.419s] -- Set runtime path of "/home/rag0n/Desktop/project/ros2_ws/install/my_custom_interface/lib/libmy_custom_interface__rosidl_typesupport_fastrtps_cpp.so" to ""
[2.419s] -- Up-to-date: /home/rag0n/Desktop/project/ros2_ws/install/my_custom_interface/include/my_custom_interface/my_custom_interface
[2.419s] -- Up-to-date: /home/rag0n/Desktop/project/ros2_ws/install/my_custom_interface/include/my_custom_interface/my_custom_interface/msg
[2.419s] -- Up-to-date: /home/rag0n/Desktop/project/ros2_ws/install/my_custom_interface/include/my_custom_interface/my_custom_interface/msg/detail
[2.419s] -- Installing: /home/rag0n/Desktop/project/ros2_ws/install/my_custom_interface/include/my_custom_interface/my_custom_interface/msg/detail/perception_inputs__type_support.c
[2.419s] -- Installing: /home/rag0n/Desktop/project/ros2_ws/install/my_custom_interface/include/my_custom_interface/my_custom_interface/msg/detail/perception_inputs__rosidl_typesupport_introspection_c.h
[2.419s] -- Installing: /home/rag0n/Desktop/project/ros2_ws/install/my_custom_interface/include/my_custom_interface/my_custom_interface/msg/detail/loud__type_support.c
[2.419s] -- Installing: /home/rag0n/Desktop/project/ros2_ws/install/my_custom_interface/include/my_custom_interface/my_custom_interface/msg/detail/loud__rosidl_typesupport_introspection_c.h
[2.419s] -- Up-to-date: /home/rag0n/Desktop/project/ros2_ws/install/my_custom_interface/include/my_custom_interface/my_custom_interface/msg/rosidl_typesupport_introspection_c__visibility_control.h
[2.419s] -- Installing: /home/rag0n/Desktop/project/ros2_ws/install/my_custom_interface/lib/libmy_custom_interface__rosidl_typesupport_introspection_c.so
[2.420s] -- Set runtime path of "/home/rag0n/Desktop/project/ros2_ws/install/my_custom_interface/lib/libmy_custom_interface__rosidl_typesupport_introspection_c.so" to ""
[2.420s] -- Installing: /home/rag0n/Desktop/project/ros2_ws/install/my_custom_interface/lib/libmy_custom_interface__rosidl_typesupport_c.so
[2.420s] -- Set runtime path of "/home/rag0n/Desktop/project/ros2_ws/install/my_custom_interface/lib/libmy_custom_interface__rosidl_typesupport_c.so" to ""
[2.420s] -- Up-to-date: /home/rag0n/Desktop/project/ros2_ws/install/my_custom_interface/include/my_custom_interface/my_custom_interface
[2.420s] -- Up-to-date: /home/rag0n/Desktop/project/ros2_ws/install/my_custom_interface/include/my_custom_interface/my_custom_interface/msg
[2.420s] -- Up-to-date: /home/rag0n/Desktop/project/ros2_ws/install/my_custom_interface/include/my_custom_interface/my_custom_interface/msg/detail
[2.420s] -- Installing: /home/rag0n/Desktop/project/ros2_ws/install/my_custom_interface/include/my_custom_interface/my_custom_interface/msg/detail/loud__rosidl_typesupport_introspection_cpp.hpp
[2.420s] -- Installing: /home/rag0n/Desktop/project/ros2_ws/install/my_custom_interface/include/my_custom_interface/my_custom_interface/msg/detail/perception_inputs__rosidl_typesupport_introspection_cpp.hpp
[2.420s] -- Installing: /home/rag0n/Desktop/project/ros2_ws/install/my_custom_interface/include/my_custom_interface/my_custom_interface/msg/detail/perception_inputs__type_support.cpp
[2.420s] -- Installing: /home/rag0n/Desktop/project/ros2_ws/install/my_custom_interface/include/my_custom_interface/my_custom_interface/msg/detail/loud__type_support.cpp
[2.420s] -- Installing: /home/rag0n/Desktop/project/ros2_ws/install/my_custom_interface/lib/libmy_custom_interface__rosidl_typesupport_introspection_cpp.so
[2.421s] -- Set runtime path of "/home/rag0n/Desktop/project/ros2_ws/install/my_custom_interface/lib/libmy_custom_interface__rosidl_typesupport_introspection_cpp.so" to ""
[2.421s] -- Installing: /home/rag0n/Desktop/project/ros2_ws/install/my_custom_interface/lib/libmy_custom_interface__rosidl_typesupport_cpp.so
[2.421s] -- Set runtime path of "/home/rag0n/Desktop/project/ros2_ws/install/my_custom_interface/lib/libmy_custom_interface__rosidl_typesupport_cpp.so" to ""
[2.421s] -- Up-to-date: /home/rag0n/Desktop/project/ros2_ws/install/my_custom_interface/share/my_custom_interface/environment/pythonpath.sh
[2.421s] -- Installing: /home/rag0n/Desktop/project/ros2_ws/install/my_custom_interface/share/my_custom_interface/environment/pythonpath.dsv
[2.421s] -- Up-to-date: /home/rag0n/Desktop/project/ros2_ws/install/my_custom_interface/local/lib/python3.10/dist-packages/my_custom_interface-0.0.0-py3.10.egg-info
[2.421s] -- Installing: /home/rag0n/Desktop/project/ros2_ws/install/my_custom_interface/local/lib/python3.10/dist-packages/my_custom_interface-0.0.0-py3.10.egg-info/PKG-INFO
[2.421s] -- Installing: /home/rag0n/Desktop/project/ros2_ws/install/my_custom_interface/local/lib/python3.10/dist-packages/my_custom_interface-0.0.0-py3.10.egg-info/dependency_links.txt
[2.422s] -- Installing: /home/rag0n/Desktop/project/ros2_ws/install/my_custom_interface/local/lib/python3.10/dist-packages/my_custom_interface-0.0.0-py3.10.egg-info/top_level.txt
[2.422s] -- Installing: /home/rag0n/Desktop/project/ros2_ws/install/my_custom_interface/local/lib/python3.10/dist-packages/my_custom_interface-0.0.0-py3.10.egg-info/SOURCES.txt
[2.422s] -- Up-to-date: /home/rag0n/Desktop/project/ros2_ws/install/my_custom_interface/local/lib/python3.10/dist-packages/my_custom_interface
[2.422s] -- Installing: /home/rag0n/Desktop/project/ros2_ws/install/my_custom_interface/local/lib/python3.10/dist-packages/my_custom_interface/my_custom_interface_s__rosidl_typesupport_fastrtps_c.cpython-310-x86_64-linux-gnu.so
[2.422s] -- Installing: /home/rag0n/Desktop/project/ros2_ws/install/my_custom_interface/local/lib/python3.10/dist-packages/my_custom_interface/libmy_custom_interface__rosidl_generator_py.so
[2.422s] -- Installing: /home/rag0n/Desktop/project/ros2_ws/install/my_custom_interface/local/lib/python3.10/dist-packages/my_custom_interface/my_custom_interface_s__rosidl_typesupport_c.cpython-310-x86_64-linux-gnu.so
[2.422s] -- Installing: /home/rag0n/Desktop/project/ros2_ws/install/my_custom_interface/local/lib/python3.10/dist-packages/my_custom_interface/_my_custom_interface_s.ep.rosidl_typesupport_introspection_c.c
[2.422s] -- Up-to-date: /home/rag0n/Desktop/project/ros2_ws/install/my_custom_interface/local/lib/python3.10/dist-packages/my_custom_interface/msg
[2.422s] -- Installing: /home/rag0n/Desktop/project/ros2_ws/install/my_custom_interface/local/lib/python3.10/dist-packages/my_custom_interface/msg/_loud_s.c
[2.423s] -- Installing: /home/rag0n/Desktop/project/ros2_ws/install/my_custom_interface/local/lib/python3.10/dist-packages/my_custom_interface/msg/_perception_inputs.py
[2.423s] -- Installing: /home/rag0n/Desktop/project/ros2_ws/install/my_custom_interface/local/lib/python3.10/dist-packages/my_custom_interface/msg/_loud.py
[2.423s] -- Installing: /home/rag0n/Desktop/project/ros2_ws/install/my_custom_interface/local/lib/python3.10/dist-packages/my_custom_interface/msg/_perception_inputs_s.c
[2.423s] -- Installing: /home/rag0n/Desktop/project/ros2_ws/install/my_custom_interface/local/lib/python3.10/dist-packages/my_custom_interface/msg/__init__.py
[2.423s] -- Installing: /home/rag0n/Desktop/project/ros2_ws/install/my_custom_interface/local/lib/python3.10/dist-packages/my_custom_interface/__init__.py
[2.423s] -- Installing: /home/rag0n/Desktop/project/ros2_ws/install/my_custom_interface/local/lib/python3.10/dist-packages/my_custom_interface/my_custom_interface_s__rosidl_typesupport_introspection_c.cpython-310-x86_64-linux-gnu.so
[2.423s] -- Installing: /home/rag0n/Desktop/project/ros2_ws/install/my_custom_interface/local/lib/python3.10/dist-packages/my_custom_interface/_my_custom_interface_s.ep.rosidl_typesupport_fastrtps_c.c
[2.423s] -- Installing: /home/rag0n/Desktop/project/ros2_ws/install/my_custom_interface/local/lib/python3.10/dist-packages/my_custom_interface/_my_custom_interface_s.ep.rosidl_typesupport_c.c
[2.446s] Listing '/home/rag0n/Desktop/project/ros2_ws/install/my_custom_interface/local/lib/python3.10/dist-packages/my_custom_interface'...
[2.446s] Compiling '/home/rag0n/Desktop/project/ros2_ws/install/my_custom_interface/local/lib/python3.10/dist-packages/my_custom_interface/__init__.py'...
[2.446s] Listing '/home/rag0n/Desktop/project/ros2_ws/install/my_custom_interface/local/lib/python3.10/dist-packages/my_custom_interface/msg'...
[2.446s] Compiling '/home/rag0n/Desktop/project/ros2_ws/install/my_custom_interface/local/lib/python3.10/dist-packages/my_custom_interface/msg/__init__.py'...
[2.447s] Compiling '/home/rag0n/Desktop/project/ros2_ws/install/my_custom_interface/local/lib/python3.10/dist-packages/my_custom_interface/msg/_loud.py'...
[2.447s] Compiling '/home/rag0n/Desktop/project/ros2_ws/install/my_custom_interface/local/lib/python3.10/dist-packages/my_custom_interface/msg/_perception_inputs.py'...
[2.449s] -- Installing: /home/rag0n/Desktop/project/ros2_ws/install/my_custom_interface/local/lib/python3.10/dist-packages/my_custom_interface/my_custom_interface_s__rosidl_typesupport_fastrtps_c.cpython-310-x86_64-linux-gnu.so
[2.450s] -- Set runtime path of "/home/rag0n/Desktop/project/ros2_ws/install/my_custom_interface/local/lib/python3.10/dist-packages/my_custom_interface/my_custom_interface_s__rosidl_typesupport_fastrtps_c.cpython-310-x86_64-linux-gnu.so" to ""
[2.450s] -- Installing: /home/rag0n/Desktop/project/ros2_ws/install/my_custom_interface/local/lib/python3.10/dist-packages/my_custom_interface/my_custom_interface_s__rosidl_typesupport_introspection_c.cpython-310-x86_64-linux-gnu.so
[2.450s] -- Set runtime path of "/home/rag0n/Desktop/project/ros2_ws/install/my_custom_interface/local/lib/python3.10/dist-packages/my_custom_interface/my_custom_interface_s__rosidl_typesupport_introspection_c.cpython-310-x86_64-linux-gnu.so" to ""
[2.450s] -- Installing: /home/rag0n/Desktop/project/ros2_ws/install/my_custom_interface/local/lib/python3.10/dist-packages/my_custom_interface/my_custom_interface_s__rosidl_typesupport_c.cpython-310-x86_64-linux-gnu.so
[2.450s] -- Set runtime path of "/home/rag0n/Desktop/project/ros2_ws/install/my_custom_interface/local/lib/python3.10/dist-packages/my_custom_interface/my_custom_interface_s__rosidl_typesupport_c.cpython-310-x86_64-linux-gnu.so" to ""
[2.450s] -- Installing: /home/rag0n/Desktop/project/ros2_ws/install/my_custom_interface/lib/libmy_custom_interface__rosidl_generator_py.so
[2.450s] -- Set runtime path of "/home/rag0n/Desktop/project/ros2_ws/install/my_custom_interface/lib/libmy_custom_interface__rosidl_generator_py.so" to ""
[2.450s] -- Up-to-date: /home/rag0n/Desktop/project/ros2_ws/install/my_custom_interface/share/my_custom_interface/msg/PerceptionInputs.idl
[2.450s] -- Installing: /home/rag0n/Desktop/project/ros2_ws/install/my_custom_interface/share/my_custom_interface/msg/Loud.idl
[2.451s] -- Up-to-date: /home/rag0n/Desktop/project/ros2_ws/install/my_custom_interface/share/my_custom_interface/msg/PerceptionInputs.msg
[2.451s] -- Installing: /home/rag0n/Desktop/project/ros2_ws/install/my_custom_interface/share/my_custom_interface/msg/Loud.msg
[2.451s] -- Up-to-date: /home/rag0n/Desktop/project/ros2_ws/install/my_custom_interface/share/ament_index/resource_index/package_run_dependencies/my_custom_interface
[2.451s] -- Installing: /home/rag0n/Desktop/project/ros2_ws/install/my_custom_interface/share/ament_index/resource_index/parent_prefix_path/my_custom_interface
[2.451s] -- Up-to-date: /home/rag0n/Desktop/project/ros2_ws/install/my_custom_interface/share/my_custom_interface/environment/ament_prefix_path.sh
[2.451s] -- Installing: /home/rag0n/Desktop/project/ros2_ws/install/my_custom_interface/share/my_custom_interface/environment/ament_prefix_path.dsv
[2.451s] -- Up-to-date: /home/rag0n/Desktop/project/ros2_ws/install/my_custom_interface/share/my_custom_interface/environment/path.sh
[2.451s] -- Installing: /home/rag0n/Desktop/project/ros2_ws/install/my_custom_interface/share/my_custom_interface/environment/path.dsv
[2.451s] -- Up-to-date: /home/rag0n/Desktop/project/ros2_ws/install/my_custom_interface/share/my_custom_interface/local_setup.bash
[2.451s] -- Up-to-date: /home/rag0n/Desktop/project/ros2_ws/install/my_custom_interface/share/my_custom_interface/local_setup.sh
[2.451s] -- Up-to-date: /home/rag0n/Desktop/project/ros2_ws/install/my_custom_interface/share/my_custom_interface/local_setup.zsh
[2.451s] -- Installing: /home/rag0n/Desktop/project/ros2_ws/install/my_custom_interface/share/my_custom_interface/local_setup.dsv
[2.452s] -- Installing: /home/rag0n/Desktop/project/ros2_ws/install/my_custom_interface/share/my_custom_interface/package.dsv
[2.452s] -- Up-to-date: /home/rag0n/Desktop/project/ros2_ws/install/my_custom_interface/share/ament_index/resource_index/packages/my_custom_interface
[2.452s] -- Up-to-date: /home/rag0n/Desktop/project/ros2_ws/install/my_custom_interface/share/my_custom_interface/cmake/export_my_custom_interface__rosidl_generator_cExport.cmake
[2.452s] -- Up-to-date: /home/rag0n/Desktop/project/ros2_ws/install/my_custom_interface/share/my_custom_interface/cmake/export_my_custom_interface__rosidl_generator_cExport-noconfig.cmake
[2.452s] -- Up-to-date: /home/rag0n/Desktop/project/ros2_ws/install/my_custom_interface/share/my_custom_interface/cmake/export_my_custom_interface__rosidl_typesupport_fastrtps_cExport.cmake
[2.452s] -- Up-to-date: /home/rag0n/Desktop/project/ros2_ws/install/my_custom_interface/share/my_custom_interface/cmake/export_my_custom_interface__rosidl_typesupport_fastrtps_cExport-noconfig.cmake
[2.452s] -- Up-to-date: /home/rag0n/Desktop/project/ros2_ws/install/my_custom_interface/share/my_custom_interface/cmake/export_my_custom_interface__rosidl_generator_cppExport.cmake
[2.452s] -- Up-to-date: /home/rag0n/Desktop/project/ros2_ws/install/my_custom_interface/share/my_custom_interface/cmake/export_my_custom_interface__rosidl_typesupport_fastrtps_cppExport.cmake
[2.452s] -- Up-to-date: /home/rag0n/Desktop/project/ros2_ws/install/my_custom_interface/share/my_custom_interface/cmake/export_my_custom_interface__rosidl_typesupport_fastrtps_cppExport-noconfig.cmake
[2.452s] -- Up-to-date: /home/rag0n/Desktop/project/ros2_ws/install/my_custom_interface/share/my_custom_interface/cmake/my_custom_interface__rosidl_typesupport_introspection_cExport.cmake
[2.452s] -- Up-to-date: /home/rag0n/Desktop/project/ros2_ws/install/my_custom_interface/share/my_custom_interface/cmake/my_custom_interface__rosidl_typesupport_introspection_cExport-noconfig.cmake
[2.452s] -- Up-to-date: /home/rag0n/Desktop/project/ros2_ws/install/my_custom_interface/share/my_custom_interface/cmake/my_custom_interface__rosidl_typesupport_cExport.cmake
[2.452s] -- Up-to-date: /home/rag0n/Desktop/project/ros2_ws/install/my_custom_interface/share/my_custom_interface/cmake/my_custom_interface__rosidl_typesupport_cExport-noconfig.cmake
[2.452s] -- Up-to-date: /home/rag0n/Desktop/project/ros2_ws/install/my_custom_interface/share/my_custom_interface/cmake/my_custom_interface__rosidl_typesupport_introspection_cppExport.cmake
[2.452s] -- Up-to-date: /home/rag0n/Desktop/project/ros2_ws/install/my_custom_interface/share/my_custom_interface/cmake/my_custom_interface__rosidl_typesupport_introspection_cppExport-noconfig.cmake
[2.452s] -- Up-to-date: /home/rag0n/Desktop/project/ros2_ws/install/my_custom_interface/share/my_custom_interface/cmake/my_custom_interface__rosidl_typesupport_cppExport.cmake
[2.452s] -- Up-to-date: /home/rag0n/Desktop/project/ros2_ws/install/my_custom_interface/share/my_custom_interface/cmake/my_custom_interface__rosidl_typesupport_cppExport-noconfig.cmake
[2.453s] -- Up-to-date: /home/rag0n/Desktop/project/ros2_ws/install/my_custom_interface/share/my_custom_interface/cmake/export_my_custom_interface__rosidl_generator_pyExport.cmake
[2.453s] -- Up-to-date: /home/rag0n/Desktop/project/ros2_ws/install/my_custom_interface/share/my_custom_interface/cmake/export_my_custom_interface__rosidl_generator_pyExport-noconfig.cmake
[2.453s] -- Installing: /home/rag0n/Desktop/project/ros2_ws/install/my_custom_interface/share/my_custom_interface/cmake/rosidl_cmake-extras.cmake
[2.453s] -- Up-to-date: /home/rag0n/Desktop/project/ros2_ws/install/my_custom_interface/share/my_custom_interface/cmake/ament_cmake_export_include_directories-extras.cmake
[2.453s] -- Up-to-date: /home/rag0n/Desktop/project/ros2_ws/install/my_custom_interface/share/my_custom_interface/cmake/ament_cmake_export_libraries-extras.cmake
[2.453s] -- Up-to-date: /home/rag0n/Desktop/project/ros2_ws/install/my_custom_interface/share/my_custom_interface/cmake/ament_cmake_export_targets-extras.cmake
[2.453s] -- Up-to-date: /home/rag0n/Desktop/project/ros2_ws/install/my_custom_interface/share/my_custom_interface/cmake/rosidl_cmake_export_typesupport_targets-extras.cmake
[2.453s] -- Up-to-date: /home/rag0n/Desktop/project/ros2_ws/install/my_custom_interface/share/my_custom_interface/cmake/ament_cmake_export_dependencies-extras.cmake
[2.453s] -- Up-to-date: /home/rag0n/Desktop/project/ros2_ws/install/my_custom_interface/share/my_custom_interface/cmake/rosidl_cmake_export_typesupport_libraries-extras.cmake
[2.453s] -- Up-to-date: /home/rag0n/Desktop/project/ros2_ws/install/my_custom_interface/share/my_custom_interface/cmake/my_custom_interfaceConfig.cmake
[2.453s] -- Up-to-date: /home/rag0n/Desktop/project/ros2_ws/install/my_custom_interface/share/my_custom_interface/cmake/my_custom_interfaceConfig-version.cmake
[2.453s] -- Up-to-date: /home/rag0n/Desktop/project/ros2_ws/install/my_custom_interface/share/my_custom_interface/package.xml
[2.455s] Invoked command in '/home/rag0n/Desktop/project/ros2_ws/build/my_custom_interface' returned '0': CMAKE_PREFIX_PATH=${CMAKE_PREFIX_PATH}:/home/rag0n/Desktop/project/ros2_ws/install/tutorial_interfaces:/home/rag0n/Desktop/project/ros2_ws/install/my_py_pkg:/home/rag0n/Desktop/project/ros2_ws/install/my_custom_interfaces:/opt/ros/humble /usr/bin/cmake --install /home/rag0n/Desktop/project/ros2_ws/build/my_custom_interface
