[0.348s] Invoking command in '/home/rag0n/Desktop/project/ros2_ws/src/my_py_pkg': PYTHONPATH=/home/rag0n/Desktop/project/ros2_ws/build/my_py_pkg/prefix_override:/home/rag0n/.local/lib/python3.10/site-packages/colcon_core/task/python/colcon_distutils_commands:/home/rag0n/Desktop/project/ros2_ws/install/my_py_pkg/lib/python3.10/site-packages:${PYTHONPATH} /usr/bin/python3 -W ignore:setup.py install is deprecated setup.py egg_info --egg-base ../../build/my_py_pkg build --build-base /home/rag0n/Desktop/project/ros2_ws/build/my_py_pkg/build install --record /home/rag0n/Desktop/project/ros2_ws/build/my_py_pkg/install.log --single-version-externally-managed install_data
[0.478s] running egg_info
[0.478s] writing ../../build/my_py_pkg/my_py_pkg.egg-info/PKG-INFO
[0.479s] writing dependency_links to ../../build/my_py_pkg/my_py_pkg.egg-info/dependency_links.txt
[0.479s] writing entry points to ../../build/my_py_pkg/my_py_pkg.egg-info/entry_points.txt
[0.479s] writing requirements to ../../build/my_py_pkg/my_py_pkg.egg-info/requires.txt
[0.479s] writing top-level names to ../../build/my_py_pkg/my_py_pkg.egg-info/top_level.txt
[0.480s] reading manifest file '../../build/my_py_pkg/my_py_pkg.egg-info/SOURCES.txt'
[0.481s] writing manifest file '../../build/my_py_pkg/my_py_pkg.egg-info/SOURCES.txt'
[0.481s] running build
[0.481s] running build_py
[0.481s] copying my_py_pkg/custom_interface_perceptron_service.py -> /home/rag0n/Desktop/project/ros2_ws/build/my_py_pkg/build/lib/my_py_pkg
[0.482s] copying my_py_pkg/custom_interface_perceptron_client.py -> /home/rag0n/Desktop/project/ros2_ws/build/my_py_pkg/build/lib/my_py_pkg
[0.482s] running install
[0.482s] running install_lib
[0.483s] copying /home/rag0n/Desktop/project/ros2_ws/build/my_py_pkg/build/lib/my_py_pkg/custom_interface_perceptron_service.py -> /home/rag0n/Desktop/project/ros2_ws/install/my_py_pkg/lib/python3.10/site-packages/my_py_pkg
[0.483s] copying /home/rag0n/Desktop/project/ros2_ws/build/my_py_pkg/build/lib/my_py_pkg/custom_interface_perceptron_client.py -> /home/rag0n/Desktop/project/ros2_ws/install/my_py_pkg/lib/python3.10/site-packages/my_py_pkg
[0.484s] byte-compiling /home/rag0n/Desktop/project/ros2_ws/install/my_py_pkg/lib/python3.10/site-packages/my_py_pkg/custom_interface_perceptron_service.py to custom_interface_perceptron_service.cpython-310.pyc
[0.484s] byte-compiling /home/rag0n/Desktop/project/ros2_ws/install/my_py_pkg/lib/python3.10/site-packages/my_py_pkg/custom_interface_perceptron_client.py to custom_interface_perceptron_client.cpython-310.pyc
[0.484s] running install_data
[0.485s] copying package.xml -> /home/rag0n/Desktop/project/ros2_ws/install/my_py_pkg/share/my_py_pkg
[0.485s] running install_egg_info
[0.486s] removing '/home/rag0n/Desktop/project/ros2_ws/install/my_py_pkg/lib/python3.10/site-packages/my_py_pkg-0.0.0-py3.10.egg-info' (and everything under it)
[0.486s] Copying ../../build/my_py_pkg/my_py_pkg.egg-info to /home/rag0n/Desktop/project/ros2_ws/install/my_py_pkg/lib/python3.10/site-packages/my_py_pkg-0.0.0-py3.10.egg-info
[0.487s] running install_scripts
[0.500s] Installing cst_int_publisher script to /home/rag0n/Desktop/project/ros2_ws/install/my_py_pkg/lib/my_py_pkg
[0.501s] Installing cst_int_subscriber script to /home/rag0n/Desktop/project/ros2_ws/install/my_py_pkg/lib/my_py_pkg
[0.501s] Installing example_client script to /home/rag0n/Desktop/project/ros2_ws/install/my_py_pkg/lib/my_py_pkg
[0.501s] Installing example_oop_client script to /home/rag0n/Desktop/project/ros2_ws/install/my_py_pkg/lib/my_py_pkg
[0.501s] Installing example_server script to /home/rag0n/Desktop/project/ros2_ws/install/my_py_pkg/lib/my_py_pkg
[0.501s] Installing mine_client_perception script to /home/rag0n/Desktop/project/ros2_ws/install/my_py_pkg/lib/my_py_pkg
[0.501s] Installing mine_pub script to /home/rag0n/Desktop/project/ros2_ws/install/my_py_pkg/lib/my_py_pkg
[0.501s] Installing mine_pub_loud script to /home/rag0n/Desktop/project/ros2_ws/install/my_py_pkg/lib/my_py_pkg
[0.501s] Installing mine_pub_loud_2 script to /home/rag0n/Desktop/project/ros2_ws/install/my_py_pkg/lib/my_py_pkg
[0.501s] Installing mine_service_perception script to /home/rag0n/Desktop/project/ros2_ws/install/my_py_pkg/lib/my_py_pkg
[0.501s] Installing mine_sub script to /home/rag0n/Desktop/project/ros2_ws/install/my_py_pkg/lib/my_py_pkg
[0.501s] Installing mine_sub_loud script to /home/rag0n/Desktop/project/ros2_ws/install/my_py_pkg/lib/my_py_pkg
[0.501s] Installing mine_sub_loud_2 script to /home/rag0n/Desktop/project/ros2_ws/install/my_py_pkg/lib/my_py_pkg
[0.502s] Installing py_node script to /home/rag0n/Desktop/project/ros2_ws/install/my_py_pkg/lib/my_py_pkg
[0.502s] Installing state_publisher script to /home/rag0n/Desktop/project/ros2_ws/install/my_py_pkg/lib/my_py_pkg
[0.502s] Installing state_subscriber script to /home/rag0n/Desktop/project/ros2_ws/install/my_py_pkg/lib/my_py_pkg
[0.502s] writing list of installed files to '/home/rag0n/Desktop/project/ros2_ws/build/my_py_pkg/install.log'
[0.517s] Invoked command in '/home/rag0n/Desktop/project/ros2_ws/src/my_py_pkg' returned '0': PYTHONPATH=/home/rag0n/Desktop/project/ros2_ws/build/my_py_pkg/prefix_override:/home/rag0n/.local/lib/python3.10/site-packages/colcon_core/task/python/colcon_distutils_commands:/home/rag0n/Desktop/project/ros2_ws/install/my_py_pkg/lib/python3.10/site-packages:${PYTHONPATH} /usr/bin/python3 -W ignore:setup.py install is deprecated setup.py egg_info --egg-base ../../build/my_py_pkg build --build-base /home/rag0n/Desktop/project/ros2_ws/build/my_py_pkg/build install --record /home/rag0n/Desktop/project/ros2_ws/build/my_py_pkg/install.log --single-version-externally-managed install_data
