[0.388s] Invoking command in '/home/rag0n/Desktop/project/ros2_ws/src/my_py_pkg': PYTHONPATH=/home/rag0n/Desktop/project/ros2_ws/build/my_py_pkg/prefix_override:/home/rag0n/.local/lib/python3.10/site-packages/colcon_core/task/python/colcon_distutils_commands:/home/rag0n/Desktop/project/ros2_ws/install/my_py_pkg/lib/python3.10/site-packages:${PYTHONPATH} /usr/bin/python3 -W ignore:setup.py install is deprecated setup.py egg_info --egg-base ../../build/my_py_pkg build --build-base /home/rag0n/Desktop/project/ros2_ws/build/my_py_pkg/build install --record /home/rag0n/Desktop/project/ros2_ws/build/my_py_pkg/install.log --single-version-externally-managed install_data
[0.519s] running egg_info
[0.519s] writing ../../build/my_py_pkg/my_py_pkg.egg-info/PKG-INFO
[0.519s] writing dependency_links to ../../build/my_py_pkg/my_py_pkg.egg-info/dependency_links.txt
[0.520s] writing entry points to ../../build/my_py_pkg/my_py_pkg.egg-info/entry_points.txt
[0.520s] writing requirements to ../../build/my_py_pkg/my_py_pkg.egg-info/requires.txt
[0.520s] writing top-level names to ../../build/my_py_pkg/my_py_pkg.egg-info/top_level.txt
[0.521s] reading manifest file '../../build/my_py_pkg/my_py_pkg.egg-info/SOURCES.txt'
[0.528s] writing manifest file '../../build/my_py_pkg/my_py_pkg.egg-info/SOURCES.txt'
[0.528s] running build
[0.528s] running build_py
[0.528s] copying my_py_pkg/custom_interface_subscriber.py -> /home/rag0n/Desktop/project/ros2_ws/build/my_py_pkg/build/lib/my_py_pkg
[0.528s] copying my_py_pkg/custom_interface_publisher.py -> /home/rag0n/Desktop/project/ros2_ws/build/my_py_pkg/build/lib/my_py_pkg
[0.529s] running install
[0.529s] running install_lib
[0.530s] copying /home/rag0n/Desktop/project/ros2_ws/build/my_py_pkg/build/lib/my_py_pkg/custom_interface_subscriber.py -> /home/rag0n/Desktop/project/ros2_ws/install/my_py_pkg/lib/python3.10/site-packages/my_py_pkg
[0.530s] copying /home/rag0n/Desktop/project/ros2_ws/build/my_py_pkg/build/lib/my_py_pkg/custom_interface_publisher.py -> /home/rag0n/Desktop/project/ros2_ws/install/my_py_pkg/lib/python3.10/site-packages/my_py_pkg
[0.530s] byte-compiling /home/rag0n/Desktop/project/ros2_ws/install/my_py_pkg/lib/python3.10/site-packages/my_py_pkg/custom_interface_subscriber.py to custom_interface_subscriber.cpython-310.pyc
[0.531s] byte-compiling /home/rag0n/Desktop/project/ros2_ws/install/my_py_pkg/lib/python3.10/site-packages/my_py_pkg/custom_interface_publisher.py to custom_interface_publisher.cpython-310.pyc
[0.531s] running install_data
[0.531s] running install_egg_info
[0.533s] removing '/home/rag0n/Desktop/project/ros2_ws/install/my_py_pkg/lib/python3.10/site-packages/my_py_pkg-0.0.0-py3.10.egg-info' (and everything under it)
[0.533s] Copying ../../build/my_py_pkg/my_py_pkg.egg-info to /home/rag0n/Desktop/project/ros2_ws/install/my_py_pkg/lib/python3.10/site-packages/my_py_pkg-0.0.0-py3.10.egg-info
[0.533s] running install_scripts
[0.546s] Installing cst_int_publisher script to /home/rag0n/Desktop/project/ros2_ws/install/my_py_pkg/lib/my_py_pkg
[0.546s] Installing cst_int_subscriber script to /home/rag0n/Desktop/project/ros2_ws/install/my_py_pkg/lib/my_py_pkg
[0.546s] Installing example_client script to /home/rag0n/Desktop/project/ros2_ws/install/my_py_pkg/lib/my_py_pkg
[0.547s] Installing example_oop_client script to /home/rag0n/Desktop/project/ros2_ws/install/my_py_pkg/lib/my_py_pkg
[0.547s] Installing example_server script to /home/rag0n/Desktop/project/ros2_ws/install/my_py_pkg/lib/my_py_pkg
[0.547s] Installing mine_pub script to /home/rag0n/Desktop/project/ros2_ws/install/my_py_pkg/lib/my_py_pkg
[0.547s] Installing mine_pub_loud script to /home/rag0n/Desktop/project/ros2_ws/install/my_py_pkg/lib/my_py_pkg
[0.547s] Installing mine_sub script to /home/rag0n/Desktop/project/ros2_ws/install/my_py_pkg/lib/my_py_pkg
[0.547s] Installing mine_sub_loud script to /home/rag0n/Desktop/project/ros2_ws/install/my_py_pkg/lib/my_py_pkg
[0.547s] Installing py_node script to /home/rag0n/Desktop/project/ros2_ws/install/my_py_pkg/lib/my_py_pkg
[0.547s] Installing state_publisher script to /home/rag0n/Desktop/project/ros2_ws/install/my_py_pkg/lib/my_py_pkg
[0.547s] Installing state_subscriber script to /home/rag0n/Desktop/project/ros2_ws/install/my_py_pkg/lib/my_py_pkg
[0.547s] writing list of installed files to '/home/rag0n/Desktop/project/ros2_ws/build/my_py_pkg/install.log'
[0.562s] Invoked command in '/home/rag0n/Desktop/project/ros2_ws/src/my_py_pkg' returned '0': PYTHONPATH=/home/rag0n/Desktop/project/ros2_ws/build/my_py_pkg/prefix_override:/home/rag0n/.local/lib/python3.10/site-packages/colcon_core/task/python/colcon_distutils_commands:/home/rag0n/Desktop/project/ros2_ws/install/my_py_pkg/lib/python3.10/site-packages:${PYTHONPATH} /usr/bin/python3 -W ignore:setup.py install is deprecated setup.py egg_info --egg-base ../../build/my_py_pkg build --build-base /home/rag0n/Desktop/project/ros2_ws/build/my_py_pkg/build install --record /home/rag0n/Desktop/project/ros2_ws/build/my_py_pkg/install.log --single-version-externally-managed install_data
